Determining if the pthread_create exist failed with the following output:
Change Dir: /other/dev/vros/src/original/tutorials/src/CMakeFiles/CMakeTmp

Run Build Command:"/usr/bin/make" "cmTC_62695/fast"
/usr/bin/make -f CMakeFiles/cmTC_62695.dir/build.make CMakeFiles/cmTC_62695.dir/build
make[1]: Entering directory '/other/dev/vros/src/original/tutorials/src/CMakeFiles/CMakeTmp'
Building C object CMakeFiles/cmTC_62695.dir/CheckSymbolExists.c.o
/usr/bin/cc    -o CMakeFiles/cmTC_62695.dir/CheckSymbolExists.c.o   -c /other/dev/vros/src/original/tutorials/src/CMakeFiles/CMakeTmp/CheckSymbolExists.c
Linking C executable cmTC_62695
/usr/bin/cmake -E cmake_link_script CMakeFiles/cmTC_62695.dir/link.txt --verbose=1
/usr/bin/cc      -rdynamic CMakeFiles/cmTC_62695.dir/CheckSymbolExists.c.o  -o cmTC_62695 
CMakeFiles/cmTC_62695.dir/CheckSymbolExists.c.o: In function `main':
CheckSymbolExists.c:(.text+0x1b): undefined reference to `pthread_create'
collect2: error: ld returned 1 exit status
CMakeFiles/cmTC_62695.dir/build.make:97: recipe for target 'cmTC_62695' failed
make[1]: *** [cmTC_62695] Error 1
make[1]: Leaving directory '/other/dev/vros/src/original/tutorials/src/CMakeFiles/CMakeTmp'
Makefile:126: recipe for target 'cmTC_62695/fast' failed
make: *** [cmTC_62695/fast] Error 2

File /other/dev/vros/src/original/tutorials/src/CMakeFiles/CMakeTmp/CheckSymbolExists.c:
/* */
#include <pthread.h>

int main(int argc, char** argv)
{
  (void)argv;
#ifndef pthread_create
  return ((int*)(&pthread_create))[argc];
#else
  (void)argc;
  return 0;
#endif
}

Determining if the function pthread_create exists in the pthreads failed with the following output:
Change Dir: /other/dev/vros/src/original/tutorials/src/CMakeFiles/CMakeTmp

Run Build Command:"/usr/bin/make" "cmTC_49f3b/fast"
/usr/bin/make -f CMakeFiles/cmTC_49f3b.dir/build.make CMakeFiles/cmTC_49f3b.dir/build
make[1]: Entering directory '/other/dev/vros/src/original/tutorials/src/CMakeFiles/CMakeTmp'
Building C object CMakeFiles/cmTC_49f3b.dir/CheckFunctionExists.c.o
/usr/bin/cc   -DCHECK_FUNCTION_EXISTS=pthread_create   -o CMakeFiles/cmTC_49f3b.dir/CheckFunctionExists.c.o   -c /usr/share/cmake-3.10/Modules/CheckFunctionExists.c
Linking C executable cmTC_49f3b
/usr/bin/cmake -E cmake_link_script CMakeFiles/cmTC_49f3b.dir/link.txt --verbose=1
/usr/bin/cc  -DCHECK_FUNCTION_EXISTS=pthread_create    -rdynamic CMakeFiles/cmTC_49f3b.dir/CheckFunctionExists.c.o  -o cmTC_49f3b -lpthreads 
/usr/bin/ld: cannot find -lpthreads
collect2: error: ld returned 1 exit status
CMakeFiles/cmTC_49f3b.dir/build.make:97: recipe for target 'cmTC_49f3b' failed
make[1]: *** [cmTC_49f3b] Error 1
make[1]: Leaving directory '/other/dev/vros/src/original/tutorials/src/CMakeFiles/CMakeTmp'
Makefile:126: recipe for target 'cmTC_49f3b/fast' failed
make: *** [cmTC_49f3b/fast] Error 2


