CMakeFiles/load_pallet.dir/src/load_pallet.cpp.o: In function `load_pallet(std::__cxx11::basic_string<char, std::char_traits<char>, std::allocator<char> >)':
load_pallet.cpp:(.text+0x253): undefined reference to `YAML::LoadFile(std::__cxx11::basic_string<char, std::char_traits<char>, std::allocator<char> > const&)'
load_pallet.cpp:(.text+0x47b): undefined reference to `YAML::detail::node_data::begin()'
load_pallet.cpp:(.text+0x546): undefined reference to `YAML::detail::node_data::end()'
load_pallet.cpp:(.text+0xbb5): undefined reference to `YAML::detail::memory_holder::merge(YAML::detail::memory_holder&)'
CMakeFiles/load_pallet.dir/src/load_pallet.cpp.o: In function `YAML::detail::node::mark_defined()':
load_pallet.cpp:(.text._ZN4YAML6detail4node12mark_definedEv[_ZN4YAML6detail4node12mark_definedEv]+0x2d): undefined reference to `YAML::detail::node_data::mark_defined()'
load_pallet.cpp:(.text._ZN4YAML6detail4node12mark_definedEv[_ZN4YAML6detail4node12mark_definedEv]+0xf1): undefined reference to `YAML::detail::node_data::mark_defined()'
load_pallet.cpp:(.text._ZN4YAML6detail4node12mark_definedEv[_ZN4YAML6detail4node12mark_definedEv]+0x1a1): undefined reference to `YAML::detail::node_data::mark_defined()'
load_pallet.cpp:(.text._ZN4YAML6detail4node12mark_definedEv[_ZN4YAML6detail4node12mark_definedEv]+0x251): undefined reference to `YAML::detail::node_data::mark_defined()'
load_pallet.cpp:(.text._ZN4YAML6detail4node12mark_definedEv[_ZN4YAML6detail4node12mark_definedEv]+0x2f9): undefined reference to `YAML::detail::node_data::mark_defined()'
CMakeFiles/load_pallet.dir/src/load_pallet.cpp.o:load_pallet.cpp:(.text._ZN4YAML6detail4node12mark_definedEv[_ZN4YAML6detail4node12mark_definedEv]+0x3a1): more undefined references to `YAML::detail::node_data::mark_defined()' follow
CMakeFiles/load_pallet.dir/src/load_pallet.cpp.o: In function `YAML::Node::EnsureNodeExists() const':
load_pallet.cpp:(.text._ZNK4YAML4Node16EnsureNodeExistsEv[_ZNK4YAML4Node16EnsureNodeExistsEv]+0xfd): undefined reference to `YAML::detail::memory::create_node()'
load_pallet.cpp:(.text._ZNK4YAML4Node16EnsureNodeExistsEv[_ZNK4YAML4Node16EnsureNodeExistsEv]+0x121): undefined reference to `YAML::detail::node_data::mark_defined()'
load_pallet.cpp:(.text._ZNK4YAML4Node16EnsureNodeExistsEv[_ZNK4YAML4Node16EnsureNodeExistsEv]+0x11c): undefined reference to `YAML::detail::node_data::set_null()'
CMakeFiles/load_pallet.dir/src/load_pallet.cpp.o: In function `YAML::detail::node& YAML::detail::node_data::get<std::__cxx11::basic_string<char, std::char_traits<char>, std::allocator<char> > >(std::__cxx11::basic_string<char, std::char_traits<char>, std::allocator<char> > const&, boost::shared_ptr<YAML::detail::memory_holder>)':
load_pallet.cpp:(.text._ZN4YAML6detail9node_data3getINSt7__cxx1112basic_stringIcSt11char_traitsIcESaIcEEEEERNS0_4nodeERKT_N5boost10shared_ptrINS0_13memory_holderEEE[_ZN4YAML6detail9node_data3getINSt7__cxx1112basic_stringIcSt11char_traitsIcESaIcEEEEERNS0_4nodeERKT_N5boost10shared_ptrINS0_13memory_holderEEE]+0x26d): undefined reference to `YAML::detail::memory::create_node()'
load_pallet.cpp:(.text._ZN4YAML6detail9node_data3getINSt7__cxx1112basic_stringIcSt11char_traitsIcESaIcEEEEERNS0_4nodeERKT_N5boost10shared_ptrINS0_13memory_holderEEE[_ZN4YAML6detail9node_data3getINSt7__cxx1112basic_stringIcSt11char_traitsIcESaIcEEEEERNS0_4nodeERKT_N5boost10shared_ptrINS0_13memory_holderEEE]+0x292): undefined reference to `YAML::detail::node_data::set_scalar(std::__cxx11::basic_string<char, std::char_traits<char>, std::allocator<char> > const&)'
load_pallet.cpp:(.text._ZN4YAML6detail9node_data3getINSt7__cxx1112basic_stringIcSt11char_traitsIcESaIcEEEEERNS0_4nodeERKT_N5boost10shared_ptrINS0_13memory_holderEEE[_ZN4YAML6detail9node_data3getINSt7__cxx1112basic_stringIcSt11char_traitsIcESaIcEEEEERNS0_4nodeERKT_N5boost10shared_ptrINS0_13memory_holderEEE]+0x29f): undefined reference to `YAML::detail::memory_holder::merge(YAML::detail::memory_holder&)'
load_pallet.cpp:(.text._ZN4YAML6detail9node_data3getINSt7__cxx1112basic_stringIcSt11char_traitsIcESaIcEEEEERNS0_4nodeERKT_N5boost10shared_ptrINS0_13memory_holderEEE[_ZN4YAML6detail9node_data3getINSt7__cxx1112basic_stringIcSt11char_traitsIcESaIcEEEEERNS0_4nodeERKT_N5boost10shared_ptrINS0_13memory_holderEEE]+0x2c7): undefined reference to `YAML::detail::memory::create_node()'
load_pallet.cpp:(.text._ZN4YAML6detail9node_data3getINSt7__cxx1112basic_stringIcSt11char_traitsIcESaIcEEEEERNS0_4nodeERKT_N5boost10shared_ptrINS0_13memory_holderEEE[_ZN4YAML6detail9node_data3getINSt7__cxx1112basic_stringIcSt11char_traitsIcESaIcEEEEERNS0_4nodeERKT_N5boost10shared_ptrINS0_13memory_holderEEE]+0x2db): undefined reference to `YAML::detail::node_data::insert_map_pair(YAML::detail::node&, YAML::detail::node&)'
load_pallet.cpp:(.text._ZN4YAML6detail9node_data3getINSt7__cxx1112basic_stringIcSt11char_traitsIcESaIcEEEEERNS0_4nodeERKT_N5boost10shared_ptrINS0_13memory_holderEEE[_ZN4YAML6detail9node_data3getINSt7__cxx1112basic_stringIcSt11char_traitsIcESaIcEEEEERNS0_4nodeERKT_N5boost10shared_ptrINS0_13memory_holderEEE]+0x50d): undefined reference to `YAML::detail::node_data::convert_to_map(boost::shared_ptr<YAML::detail::memory_holder>)'
load_pallet.cpp:(.text._ZN4YAML6detail9node_data3getINSt7__cxx1112basic_stringIcSt11char_traitsIcESaIcEEEEERNS0_4nodeERKT_N5boost10shared_ptrINS0_13memory_holderEEE[_ZN4YAML6detail9node_data3getINSt7__cxx1112basic_stringIcSt11char_traitsIcESaIcEEEEERNS0_4nodeERKT_N5boost10shared_ptrINS0_13memory_holderEEE]+0x589): undefined reference to `YAML::detail::node_data::mark_defined()'
load_pallet.cpp:(.text._ZN4YAML6detail9node_data3getINSt7__cxx1112basic_stringIcSt11char_traitsIcESaIcEEEEERNS0_4nodeERKT_N5boost10shared_ptrINS0_13memory_holderEEE[_ZN4YAML6detail9node_data3getINSt7__cxx1112basic_stringIcSt11char_traitsIcESaIcEEEEERNS0_4nodeERKT_N5boost10shared_ptrINS0_13memory_holderEEE]+0x738): undefined reference to `YAML::detail::memory::create_node()'
load_pallet.cpp:(.text._ZN4YAML6detail9node_data3getINSt7__cxx1112basic_stringIcSt11char_traitsIcESaIcEEEEERNS0_4nodeERKT_N5boost10shared_ptrINS0_13memory_holderEEE[_ZN4YAML6detail9node_data3getINSt7__cxx1112basic_stringIcSt11char_traitsIcESaIcEEEEERNS0_4nodeERKT_N5boost10shared_ptrINS0_13memory_holderEEE]+0x74f): undefined reference to `YAML::detail::node_data::set_null()'
load_pallet.cpp:(.text._ZN4YAML6detail9node_data3getINSt7__cxx1112basic_stringIcSt11char_traitsIcESaIcEEEEERNS0_4nodeERKT_N5boost10shared_ptrINS0_13memory_holderEEE[_ZN4YAML6detail9node_data3getINSt7__cxx1112basic_stringIcSt11char_traitsIcESaIcEEEEERNS0_4nodeERKT_N5boost10shared_ptrINS0_13memory_holderEEE]+0x887): undefined reference to `YAML::detail::node_data::mark_defined()'
collect2: error: ld returned 1 exit status
make[2]: *** [/home/loren.lyttle/tests/catkin_ws/devel/.private/add_pallet/lib/add_pallet/load_pallet] Error 1
make[1]: *** [CMakeFiles/load_pallet.dir/all] Error 2
make: *** [all] Error 2
