CMakeFiles/pallet_library.dir/src/pallet_library.cpp.o: In function `dynamic_callback(add_pallet::dynamic_paramsConfig&, unsigned int)':
pallet_library.cpp:(.text+0x247): undefined reference to `ros::console::g_initialized'
pallet_library.cpp:(.text+0x289): undefined reference to `ros::console::g_initialized'
pallet_library.cpp:(.text+0x676): undefined reference to `ros::this_node::getName[abi:cxx11]()'
pallet_library.cpp:(.text+0x71f): undefined reference to `ros::param::set(std::__cxx11::basic_string<char, std::char_traits<char>, std::allocator<char> > const&, std::map<std::__cxx11::basic_string<char, std::char_traits<char>, std::allocator<char> >, float, std::less<std::__cxx11::basic_string<char, std::char_traits<char>, std::allocator<char> > >, std::allocator<std::pair<std::__cxx11::basic_string<char, std::char_traits<char>, std::allocator<char> > const, float> > > const&)'
pallet_library.cpp:(.text+0x7a9): undefined reference to `ros::console::initialize()'
pallet_library.cpp:(.text+0x7d7): undefined reference to `ros::console::initializeLogLocation(ros::console::LogLocation*, std::__cxx11::basic_string<char, std::char_traits<char>, std::allocator<char> > const&, ros::console::levels::Level)'
pallet_library.cpp:(.text+0x80d): undefined reference to `ros::console::setLogLocationLevel(ros::console::LogLocation*, ros::console::levels::Level)'
pallet_library.cpp:(.text+0x819): undefined reference to `ros::console::checkLogLocationEnabled(ros::console::LogLocation*)'
pallet_library.cpp:(.text+0x85a): undefined reference to `ros::console::print(ros::console::FilterBase*, void*, ros::console::levels::Level, char const*, int, char const*, char const*, ...)'
pallet_library.cpp:(.text+0x875): undefined reference to `ros::console::setLogLocationLevel(ros::console::LogLocation*, ros::console::levels::Level)'
pallet_library.cpp:(.text+0x881): undefined reference to `ros::console::checkLogLocationEnabled(ros::console::LogLocation*)'
pallet_library.cpp:(.text+0x8c2): undefined reference to `ros::console::print(ros::console::FilterBase*, void*, ros::console::levels::Level, char const*, int, char const*, char const*, ...)'
pallet_library.cpp:(.text+0x8d1): undefined reference to `ros::console::initialize()'
pallet_library.cpp:(.text+0x8ff): undefined reference to `ros::console::initializeLogLocation(ros::console::LogLocation*, std::__cxx11::basic_string<char, std::char_traits<char>, std::allocator<char> > const&, ros::console::levels::Level)'
pallet_library.cpp:(.text+0x955): undefined reference to `ros::console::setLogLocationLevel(ros::console::LogLocation*, ros::console::levels::Level)'
pallet_library.cpp:(.text+0x961): undefined reference to `ros::console::checkLogLocationEnabled(ros::console::LogLocation*)'
pallet_library.cpp:(.text+0x9ad): undefined reference to `ros::console::print(ros::console::FilterBase*, void*, ros::console::levels::Level, char const*, int, char const*, char const*, ...)'
pallet_library.cpp:(.text+0x9c1): undefined reference to `ros::console::initialize()'
pallet_library.cpp:(.text+0x9ff): undefined reference to `ros::console::initializeLogLocation(ros::console::LogLocation*, std::__cxx11::basic_string<char, std::char_traits<char>, std::allocator<char> > const&, ros::console::levels::Level)'
CMakeFiles/pallet_library.dir/src/pallet_library.cpp.o: In function `add_pallet::dynamic_paramsConfig::ParamDescription<double>::toServer(ros::NodeHandle const&, add_pallet::dynamic_paramsConfig const&) const':
pallet_library.cpp:(.text._ZNK10add_pallet20dynamic_paramsConfig16ParamDescriptionIdE8toServerERKN3ros10NodeHandleERKS0_[_ZNK10add_pallet20dynamic_paramsConfig16ParamDescriptionIdE8toServerERKN3ros10NodeHandleERKS0_]+0x17): undefined reference to `ros::NodeHandle::setParam(std::__cxx11::basic_string<char, std::char_traits<char>, std::allocator<char> > const&, double) const'
CMakeFiles/pallet_library.dir/src/pallet_library.cpp.o: In function `add_pallet::dynamic_paramsConfig::ParamDescription<double>::fromServer(ros::NodeHandle const&, add_pallet::dynamic_paramsConfig&) const':
pallet_library.cpp:(.text._ZNK10add_pallet20dynamic_paramsConfig16ParamDescriptionIdE10fromServerERKN3ros10NodeHandleERS0_[_ZNK10add_pallet20dynamic_paramsConfig16ParamDescriptionIdE10fromServerERKN3ros10NodeHandleERS0_]+0x12): undefined reference to `ros::NodeHandle::getParam(std::__cxx11::basic_string<char, std::char_traits<char>, std::allocator<char> > const&, double&) const'
CMakeFiles/pallet_library.dir/src/pallet_library.cpp.o: In function `add_pallet::dynamic_paramsConfig::ParamDescription<bool>::toServer(ros::NodeHandle const&, add_pallet::dynamic_paramsConfig const&) const':
pallet_library.cpp:(.text._ZNK10add_pallet20dynamic_paramsConfig16ParamDescriptionIbE8toServerERKN3ros10NodeHandleERKS0_[_ZNK10add_pallet20dynamic_paramsConfig16ParamDescriptionIbE8toServerERKN3ros10NodeHandleERKS0_]+0x16): undefined reference to `ros::NodeHandle::setParam(std::__cxx11::basic_string<char, std::char_traits<char>, std::allocator<char> > const&, bool) const'
CMakeFiles/pallet_library.dir/src/pallet_library.cpp.o: In function `add_pallet::dynamic_paramsConfig::ParamDescription<bool>::fromServer(ros::NodeHandle const&, add_pallet::dynamic_paramsConfig&) const':
pallet_library.cpp:(.text._ZNK10add_pallet20dynamic_paramsConfig16ParamDescriptionIbE10fromServerERKN3ros10NodeHandleERS0_[_ZNK10add_pallet20dynamic_paramsConfig16ParamDescriptionIbE10fromServerERKN3ros10NodeHandleERS0_]+0x12): undefined reference to `ros::NodeHandle::getParam(std::__cxx11::basic_string<char, std::char_traits<char>, std::allocator<char> > const&, bool&) const'
CMakeFiles/pallet_library.dir/src/pallet_library.cpp.o: In function `add_pallet::dynamic_paramsConfig::ParamDescription<std::__cxx11::basic_string<char, std::char_traits<char>, std::allocator<char> > >::toServer(ros::NodeHandle const&, add_pallet::dynamic_paramsConfig const&) const':
pallet_library.cpp:(.text._ZNK10add_pallet20dynamic_paramsConfig16ParamDescriptionINSt7__cxx1112basic_stringIcSt11char_traitsIcESaIcEEEE8toServerERKN3ros10NodeHandleERKS0_[_ZNK10add_pallet20dynamic_paramsConfig16ParamDescriptionINSt7__cxx1112basic_stringIcSt11char_traitsIcESaIcEEEE8toServerERKN3ros10NodeHandleERKS0_]+0x12): undefined reference to `ros::NodeHandle::setParam(std::__cxx11::basic_string<char, std::char_traits<char>, std::allocator<char> > const&, std::__cxx11::basic_string<char, std::char_traits<char>, std::allocator<char> > const&) const'
CMakeFiles/pallet_library.dir/src/pallet_library.cpp.o: In function `add_pallet::dynamic_paramsConfig::ParamDescription<std::__cxx11::basic_string<char, std::char_traits<char>, std::allocator<char> > >::fromServer(ros::NodeHandle const&, add_pallet::dynamic_paramsConfig&) const':
pallet_library.cpp:(.text._ZNK10add_pallet20dynamic_paramsConfig16ParamDescriptionINSt7__cxx1112basic_stringIcSt11char_traitsIcESaIcEEEE10fromServerERKN3ros10NodeHandleERS0_[_ZNK10add_pallet20dynamic_paramsConfig16ParamDescriptionINSt7__cxx1112basic_stringIcSt11char_traitsIcESaIcEEEE10fromServerERKN3ros10NodeHandleERS0_]+0x12): undefined reference to `ros::NodeHandle::getParam(std::__cxx11::basic_string<char, std::char_traits<char>, std::allocator<char> > const&, std::__cxx11::basic_string<char, std::char_traits<char>, std::allocator<char> >&) const'
CMakeFiles/pallet_library.dir/src/pallet_library.cpp.o: In function `boost::system::error_category::std_category::equivalent(std::error_code const&, int) const':
pallet_library.cpp:(.text._ZNK5boost6system14error_category12std_category10equivalentERKSt10error_codei[_ZNK5boost6system14error_category12std_category10equivalentERKSt10error_codei]+0x40): undefined reference to `boost::system::generic_category()'
pallet_library.cpp:(.text._ZNK5boost6system14error_category12std_category10equivalentERKSt10error_codei[_ZNK5boost6system14error_category12std_category10equivalentERKSt10error_codei]+0xb9): undefined reference to `boost::system::generic_category()'
pallet_library.cpp:(.text._ZNK5boost6system14error_category12std_category10equivalentERKSt10error_codei[_ZNK5boost6system14error_category12std_category10equivalentERKSt10error_codei]+0x111): undefined reference to `boost::system::generic_category()'
CMakeFiles/pallet_library.dir/src/pallet_library.cpp.o: In function `boost::system::error_category::std_category::equivalent(int, std::error_condition const&) const':
pallet_library.cpp:(.text._ZNK5boost6system14error_category12std_category10equivalentEiRKSt15error_condition[_ZNK5boost6system14error_category12std_category10equivalentEiRKSt15error_condition]+0x3b): undefined reference to `boost::system::generic_category()'
pallet_library.cpp:(.text._ZNK5boost6system14error_category12std_category10equivalentEiRKSt15error_condition[_ZNK5boost6system14error_category12std_category10equivalentEiRKSt15error_condition]+0x79): undefined reference to `boost::system::generic_category()'
CMakeFiles/pallet_library.dir/src/pallet_library.cpp.o: In function `dynamic_reconfigure::Server<add_pallet::dynamic_paramsConfig>::~Server()':
pallet_library.cpp:(.text._ZN19dynamic_reconfigure6ServerIN10add_pallet20dynamic_paramsConfigEED2Ev[_ZN19dynamic_reconfigure6ServerIN10add_pallet20dynamic_paramsConfigEED5Ev]+0x75): undefined reference to `ros::Publisher::~Publisher()'
pallet_library.cpp:(.text._ZN19dynamic_reconfigure6ServerIN10add_pallet20dynamic_paramsConfigEED2Ev[_ZN19dynamic_reconfigure6ServerIN10add_pallet20dynamic_paramsConfigEED5Ev]+0x81): undefined reference to `ros::Publisher::~Publisher()'
pallet_library.cpp:(.text._ZN19dynamic_reconfigure6ServerIN10add_pallet20dynamic_paramsConfigEED2Ev[_ZN19dynamic_reconfigure6ServerIN10add_pallet20dynamic_paramsConfigEED5Ev]+0x8d): undefined reference to `ros::ServiceServer::~ServiceServer()'
pallet_library.cpp:(.text._ZN19dynamic_reconfigure6ServerIN10add_pallet20dynamic_paramsConfigEED2Ev[_ZN19dynamic_reconfigure6ServerIN10add_pallet20dynamic_paramsConfigEED5Ev]+0x96): undefined reference to `ros::NodeHandle::~NodeHandle()'
CMakeFiles/pallet_library.dir/src/pallet_library.cpp.o: In function `boost::unique_lock<boost::recursive_mutex>::lock()':
pallet_library.cpp:(.text._ZN5boost11unique_lockINS_15recursive_mutexEE4lockEv[_ZN5boost11unique_lockINS_15recursive_mutexEE4lockEv]+0x4c): undefined reference to `boost::system::generic_category()'
pallet_library.cpp:(.text._ZN5boost11unique_lockINS_15recursive_mutexEE4lockEv[_ZN5boost11unique_lockINS_15recursive_mutexEE4lockEv]+0xc0): undefined reference to `boost::system::generic_category()'
CMakeFiles/pallet_library.dir/src/pallet_library.cpp.o: In function `add_pallet::dynamic_paramsConfig::__get_statics__()':
pallet_library.cpp:(.text._ZN10add_pallet20dynamic_paramsConfig15__get_statics__Ev[_ZN10add_pallet20dynamic_paramsConfig15__get_statics__Ev]+0x4b): undefined reference to `dynamic_reconfigure::__init_mutex__'
pallet_library.cpp:(.text._ZN10add_pallet20dynamic_paramsConfig15__get_statics__Ev[_ZN10add_pallet20dynamic_paramsConfig15__get_statics__Ev]+0x76): undefined reference to `dynamic_reconfigure::__init_mutex__'
pallet_library.cpp:(.text._ZN10add_pallet20dynamic_paramsConfig15__get_statics__Ev[_ZN10add_pallet20dynamic_paramsConfig15__get_statics__Ev]+0xf5): undefined reference to `boost::system::generic_category()'
pallet_library.cpp:(.text._ZN10add_pallet20dynamic_paramsConfig15__get_statics__Ev[_ZN10add_pallet20dynamic_paramsConfig15__get_statics__Ev]+0x169): undefined reference to `dynamic_reconfigure::__init_mutex__'
CMakeFiles/pallet_library.dir/src/pallet_library.cpp.o: In function `add_pallet::dynamic_paramsConfig::__fromMessage__(dynamic_reconfigure::Config_<std::allocator<void> >&)':
pallet_library.cpp:(.text._ZN10add_pallet20dynamic_paramsConfig15__fromMessage__ERN19dynamic_reconfigure7Config_ISaIvEEE[_ZN10add_pallet20dynamic_paramsConfig15__fromMessage__ERN19dynamic_reconfigure7Config_ISaIvEEE]+0x12c): undefined reference to `ros::console::g_initialized'
pallet_library.cpp:(.text._ZN10add_pallet20dynamic_paramsConfig15__fromMessage__ERN19dynamic_reconfigure7Config_ISaIvEEE[_ZN10add_pallet20dynamic_paramsConfig15__fromMessage__ERN19dynamic_reconfigure7Config_ISaIvEEE]+0x160): undefined reference to `ros::console::g_initialized'
pallet_library.cpp:(.text._ZN10add_pallet20dynamic_paramsConfig15__fromMessage__ERN19dynamic_reconfigure7Config_ISaIvEEE[_ZN10add_pallet20dynamic_paramsConfig15__fromMessage__ERN19dynamic_reconfigure7Config_ISaIvEEE]+0x1c2): undefined reference to `ros::console::g_initialized'
pallet_library.cpp:(.text._ZN10add_pallet20dynamic_paramsConfig15__fromMessage__ERN19dynamic_reconfigure7Config_ISaIvEEE[_ZN10add_pallet20dynamic_paramsConfig15__fromMessage__ERN19dynamic_reconfigure7Config_ISaIvEEE]+0x215): undefined reference to `ros::console::g_initialized'
pallet_library.cpp:(.text._ZN10add_pallet20dynamic_paramsConfig15__fromMessage__ERN19dynamic_reconfigure7Config_ISaIvEEE[_ZN10add_pallet20dynamic_paramsConfig15__fromMessage__ERN19dynamic_reconfigure7Config_ISaIvEEE]+0x27a): undefined reference to `ros::console::g_initialized'
CMakeFiles/pallet_library.dir/src/pallet_library.cpp.o:pallet_library.cpp:(.text._ZN10add_pallet20dynamic_paramsConfig15__fromMessage__ERN19dynamic_reconfigure7Config_ISaIvEEE[_ZN10add_pallet20dynamic_paramsConfig15__fromMessage__ERN19dynamic_reconfigure7Config_ISaIvEEE]+0x2ce): more undefined references to `ros::console::g_initialized' follow
CMakeFiles/pallet_library.dir/src/pallet_library.cpp.o: In function `add_pallet::dynamic_paramsConfig::__fromMessage__(dynamic_reconfigure::Config_<std::allocator<void> >&)':
pallet_library.cpp:(.text._ZN10add_pallet20dynamic_paramsConfig15__fromMessage__ERN19dynamic_reconfigure7Config_ISaIvEEE[_ZN10add_pallet20dynamic_paramsConfig15__fromMessage__ERN19dynamic_reconfigure7Config_ISaIvEEE]+0x461): undefined reference to `ros::console::initialize()'
pallet_library.cpp:(.text._ZN10add_pallet20dynamic_paramsConfig15__fromMessage__ERN19dynamic_reconfigure7Config_ISaIvEEE[_ZN10add_pallet20dynamic_paramsConfig15__fromMessage__ERN19dynamic_reconfigure7Config_ISaIvEEE]+0x48f): undefined reference to `ros::console::initializeLogLocation(ros::console::LogLocation*, std::__cxx11::basic_string<char, std::char_traits<char>, std::allocator<char> > const&, ros::console::levels::Level)'
pallet_library.cpp:(.text._ZN10add_pallet20dynamic_paramsConfig15__fromMessage__ERN19dynamic_reconfigure7Config_ISaIvEEE[_ZN10add_pallet20dynamic_paramsConfig15__fromMessage__ERN19dynamic_reconfigure7Config_ISaIvEEE]+0x4c5): undefined reference to `ros::console::setLogLocationLevel(ros::console::LogLocation*, ros::console::levels::Level)'
pallet_library.cpp:(.text._ZN10add_pallet20dynamic_paramsConfig15__fromMessage__ERN19dynamic_reconfigure7Config_ISaIvEEE[_ZN10add_pallet20dynamic_paramsConfig15__fromMessage__ERN19dynamic_reconfigure7Config_ISaIvEEE]+0x4d1): undefined reference to `ros::console::checkLogLocationEnabled(ros::console::LogLocation*)'
pallet_library.cpp:(.text._ZN10add_pallet20dynamic_paramsConfig15__fromMessage__ERN19dynamic_reconfigure7Config_ISaIvEEE[_ZN10add_pallet20dynamic_paramsConfig15__fromMessage__ERN19dynamic_reconfigure7Config_ISaIvEEE]+0x524): undefined reference to `ros::console::print(ros::console::FilterBase*, void*, ros::console::levels::Level, char const*, int, char const*, char const*, ...)'
pallet_library.cpp:(.text._ZN10add_pallet20dynamic_paramsConfig15__fromMessage__ERN19dynamic_reconfigure7Config_ISaIvEEE[_ZN10add_pallet20dynamic_paramsConfig15__fromMessage__ERN19dynamic_reconfigure7Config_ISaIvEEE]+0x584): undefined reference to `ros::console::print(ros::console::FilterBase*, void*, ros::console::levels::Level, char const*, int, char const*, char const*, ...)'
pallet_library.cpp:(.text._ZN10add_pallet20dynamic_paramsConfig15__fromMessage__ERN19dynamic_reconfigure7Config_ISaIvEEE[_ZN10add_pallet20dynamic_paramsConfig15__fromMessage__ERN19dynamic_reconfigure7Config_ISaIvEEE]+0x5a4): undefined reference to `ros::console::g_initialized'
pallet_library.cpp:(.text._ZN10add_pallet20dynamic_paramsConfig15__fromMessage__ERN19dynamic_reconfigure7Config_ISaIvEEE[_ZN10add_pallet20dynamic_paramsConfig15__fromMessage__ERN19dynamic_reconfigure7Config_ISaIvEEE]+0x5b1): undefined reference to `ros::console::initialize()'
pallet_library.cpp:(.text._ZN10add_pallet20dynamic_paramsConfig15__fromMessage__ERN19dynamic_reconfigure7Config_ISaIvEEE[_ZN10add_pallet20dynamic_paramsConfig15__fromMessage__ERN19dynamic_reconfigure7Config_ISaIvEEE]+0x5df): undefined reference to `ros::console::initializeLogLocation(ros::console::LogLocation*, std::__cxx11::basic_string<char, std::char_traits<char>, std::allocator<char> > const&, ros::console::levels::Level)'
pallet_library.cpp:(.text._ZN10add_pallet20dynamic_paramsConfig15__fromMessage__ERN19dynamic_reconfigure7Config_ISaIvEEE[_ZN10add_pallet20dynamic_paramsConfig15__fromMessage__ERN19dynamic_reconfigure7Config_ISaIvEEE]+0x615): undefined reference to `ros::console::setLogLocationLevel(ros::console::LogLocation*, ros::console::levels::Level)'
pallet_library.cpp:(.text._ZN10add_pallet20dynamic_paramsConfig15__fromMessage__ERN19dynamic_reconfigure7Config_ISaIvEEE[_ZN10add_pallet20dynamic_paramsConfig15__fromMessage__ERN19dynamic_reconfigure7Config_ISaIvEEE]+0x621): undefined reference to `ros::console::checkLogLocationEnabled(ros::console::LogLocation*)'
pallet_library.cpp:(.text._ZN10add_pallet20dynamic_paramsConfig15__fromMessage__ERN19dynamic_reconfigure7Config_ISaIvEEE[_ZN10add_pallet20dynamic_paramsConfig15__fromMessage__ERN19dynamic_reconfigure7Config_ISaIvEEE]+0x66c): undefined reference to `ros::console::print(ros::console::FilterBase*, void*, ros::console::levels::Level, char const*, int, char const*, char const*, ...)'
pallet_library.cpp:(.text._ZN10add_pallet20dynamic_paramsConfig15__fromMessage__ERN19dynamic_reconfigure7Config_ISaIvEEE[_ZN10add_pallet20dynamic_paramsConfig15__fromMessage__ERN19dynamic_reconfigure7Config_ISaIvEEE]+0x68f): undefined reference to `ros::console::g_initialized'
pallet_library.cpp:(.text._ZN10add_pallet20dynamic_paramsConfig15__fromMessage__ERN19dynamic_reconfigure7Config_ISaIvEEE[_ZN10add_pallet20dynamic_paramsConfig15__fromMessage__ERN19dynamic_reconfigure7Config_ISaIvEEE]+0x6a1): undefined reference to `ros::console::initialize()'
pallet_library.cpp:(.text._ZN10add_pallet20dynamic_paramsConfig15__fromMessage__ERN19dynamic_reconfigure7Config_ISaIvEEE[_ZN10add_pallet20dynamic_paramsConfig15__fromMessage__ERN19dynamic_reconfigure7Config_ISaIvEEE]+0x6cf): undefined reference to `ros::console::initializeLogLocation(ros::console::LogLocation*, std::__cxx11::basic_string<char, std::char_traits<char>, std::allocator<char> > const&, ros::console::levels::Level)'
pallet_library.cpp:(.text._ZN10add_pallet20dynamic_paramsConfig15__fromMessage__ERN19dynamic_reconfigure7Config_ISaIvEEE[_ZN10add_pallet20dynamic_paramsConfig15__fromMessage__ERN19dynamic_reconfigure7Config_ISaIvEEE]+0x705): undefined reference to `ros::console::setLogLocationLevel(ros::console::LogLocation*, ros::console::levels::Level)'
pallet_library.cpp:(.text._ZN10add_pallet20dynamic_paramsConfig15__fromMessage__ERN19dynamic_reconfigure7Config_ISaIvEEE[_ZN10add_pallet20dynamic_paramsConfig15__fromMessage__ERN19dynamic_reconfigure7Config_ISaIvEEE]+0x711): undefined reference to `ros::console::checkLogLocationEnabled(ros::console::LogLocation*)'
pallet_library.cpp:(.text._ZN10add_pallet20dynamic_paramsConfig15__fromMessage__ERN19dynamic_reconfigure7Config_ISaIvEEE[_ZN10add_pallet20dynamic_paramsConfig15__fromMessage__ERN19dynamic_reconfigure7Config_ISaIvEEE]+0x75c): undefined reference to `ros::console::print(ros::console::FilterBase*, void*, ros::console::levels::Level, char const*, int, char const*, char const*, ...)'
pallet_library.cpp:(.text._ZN10add_pallet20dynamic_paramsConfig15__fromMessage__ERN19dynamic_reconfigure7Config_ISaIvEEE[_ZN10add_pallet20dynamic_paramsConfig15__fromMessage__ERN19dynamic_reconfigure7Config_ISaIvEEE]+0x77d): undefined reference to `ros::console::g_initialized'
pallet_library.cpp:(.text._ZN10add_pallet20dynamic_paramsConfig15__fromMessage__ERN19dynamic_reconfigure7Config_ISaIvEEE[_ZN10add_pallet20dynamic_paramsConfig15__fromMessage__ERN19dynamic_reconfigure7Config_ISaIvEEE]+0x791): undefined reference to `ros::console::initialize()'
pallet_library.cpp:(.text._ZN10add_pallet20dynamic_paramsConfig15__fromMessage__ERN19dynamic_reconfigure7Config_ISaIvEEE[_ZN10add_pallet20dynamic_paramsConfig15__fromMessage__ERN19dynamic_reconfigure7Config_ISaIvEEE]+0x7bf): undefined reference to `ros::console::initializeLogLocation(ros::console::LogLocation*, std::__cxx11::basic_string<char, std::char_traits<char>, std::allocator<char> > const&, ros::console::levels::Level)'
pallet_library.cpp:(.text._ZN10add_pallet20dynamic_paramsConfig15__fromMessage__ERN19dynamic_reconfigure7Config_ISaIvEEE[_ZN10add_pallet20dynamic_paramsConfig15__fromMessage__ERN19dynamic_reconfigure7Config_ISaIvEEE]+0x7f5): undefined reference to `ros::console::setLogLocationLevel(ros::console::LogLocation*, ros::console::levels::Level)'
pallet_library.cpp:(.text._ZN10add_pallet20dynamic_paramsConfig15__fromMessage__ERN19dynamic_reconfigure7Config_ISaIvEEE[_ZN10add_pallet20dynamic_paramsConfig15__fromMessage__ERN19dynamic_reconfigure7Config_ISaIvEEE]+0x801): undefined reference to `ros::console::checkLogLocationEnabled(ros::console::LogLocation*)'
pallet_library.cpp:(.text._ZN10add_pallet20dynamic_paramsConfig15__fromMessage__ERN19dynamic_reconfigure7Config_ISaIvEEE[_ZN10add_pallet20dynamic_paramsConfig15__fromMessage__ERN19dynamic_reconfigure7Config_ISaIvEEE]+0x852): undefined reference to `ros::console::print(ros::console::FilterBase*, void*, ros::console::levels::Level, char const*, int, char const*, char const*, ...)'
pallet_library.cpp:(.text._ZN10add_pallet20dynamic_paramsConfig15__fromMessage__ERN19dynamic_reconfigure7Config_ISaIvEEE[_ZN10add_pallet20dynamic_paramsConfig15__fromMessage__ERN19dynamic_reconfigure7Config_ISaIvEEE]+0x884): undefined reference to `ros::console::initializeLogLocation(ros::console::LogLocation*, std::__cxx11::basic_string<char, std::char_traits<char>, std::allocator<char> > const&, ros::console::levels::Level)'
pallet_library.cpp:(.text._ZN10add_pallet20dynamic_paramsConfig15__fromMessage__ERN19dynamic_reconfigure7Config_ISaIvEEE[_ZN10add_pallet20dynamic_paramsConfig15__fromMessage__ERN19dynamic_reconfigure7Config_ISaIvEEE]+0x8b5): undefined reference to `ros::console::setLogLocationLevel(ros::console::LogLocation*, ros::console::levels::Level)'
pallet_library.cpp:(.text._ZN10add_pallet20dynamic_paramsConfig15__fromMessage__ERN19dynamic_reconfigure7Config_ISaIvEEE[_ZN10add_pallet20dynamic_paramsConfig15__fromMessage__ERN19dynamic_reconfigure7Config_ISaIvEEE]+0x8c1): undefined reference to `ros::console::checkLogLocationEnabled(ros::console::LogLocation*)'
pallet_library.cpp:(.text._ZN10add_pallet20dynamic_paramsConfig15__fromMessage__ERN19dynamic_reconfigure7Config_ISaIvEEE[_ZN10add_pallet20dynamic_paramsConfig15__fromMessage__ERN19dynamic_reconfigure7Config_ISaIvEEE]+0x902): undefined reference to `ros::console::print(ros::console::FilterBase*, void*, ros::console::levels::Level, char const*, int, char const*, char const*, ...)'
pallet_library.cpp:(.text._ZN10add_pallet20dynamic_paramsConfig15__fromMessage__ERN19dynamic_reconfigure7Config_ISaIvEEE[_ZN10add_pallet20dynamic_paramsConfig15__fromMessage__ERN19dynamic_reconfigure7Config_ISaIvEEE]+0x911): undefined reference to `ros::console::initialize()'
pallet_library.cpp:(.text._ZN10add_pallet20dynamic_paramsConfig15__fromMessage__ERN19dynamic_reconfigure7Config_ISaIvEEE[_ZN10add_pallet20dynamic_paramsConfig15__fromMessage__ERN19dynamic_reconfigure7Config_ISaIvEEE]+0x944): undefined reference to `ros::console::initializeLogLocation(ros::console::LogLocation*, std::__cxx11::basic_string<char, std::char_traits<char>, std::allocator<char> > const&, ros::console::levels::Level)'
pallet_library.cpp:(.text._ZN10add_pallet20dynamic_paramsConfig15__fromMessage__ERN19dynamic_reconfigure7Config_ISaIvEEE[_ZN10add_pallet20dynamic_paramsConfig15__fromMessage__ERN19dynamic_reconfigure7Config_ISaIvEEE]+0x975): undefined reference to `ros::console::setLogLocationLevel(ros::console::LogLocation*, ros::console::levels::Level)'
pallet_library.cpp:(.text._ZN10add_pallet20dynamic_paramsConfig15__fromMessage__ERN19dynamic_reconfigure7Config_ISaIvEEE[_ZN10add_pallet20dynamic_paramsConfig15__fromMessage__ERN19dynamic_reconfigure7Config_ISaIvEEE]+0x981): undefined reference to `ros::console::checkLogLocationEnabled(ros::console::LogLocation*)'
pallet_library.cpp:(.text._ZN10add_pallet20dynamic_paramsConfig15__fromMessage__ERN19dynamic_reconfigure7Config_ISaIvEEE[_ZN10add_pallet20dynamic_paramsConfig15__fromMessage__ERN19dynamic_reconfigure7Config_ISaIvEEE]+0x9c2): undefined reference to `ros::console::print(ros::console::FilterBase*, void*, ros::console::levels::Level, char const*, int, char const*, char const*, ...)'
pallet_library.cpp:(.text._ZN10add_pallet20dynamic_paramsConfig15__fromMessage__ERN19dynamic_reconfigure7Config_ISaIvEEE[_ZN10add_pallet20dynamic_paramsConfig15__fromMessage__ERN19dynamic_reconfigure7Config_ISaIvEEE]+0x9dd): undefined reference to `ros::console::setLogLocationLevel(ros::console::LogLocation*, ros::console::levels::Level)'
pallet_library.cpp:(.text._ZN10add_pallet20dynamic_paramsConfig15__fromMessage__ERN19dynamic_reconfigure7Config_ISaIvEEE[_ZN10add_pallet20dynamic_paramsConfig15__fromMessage__ERN19dynamic_reconfigure7Config_ISaIvEEE]+0x9e9): undefined reference to `ros::console::checkLogLocationEnabled(ros::console::LogLocation*)'
pallet_library.cpp:(.text._ZN10add_pallet20dynamic_paramsConfig15__fromMessage__ERN19dynamic_reconfigure7Config_ISaIvEEE[_ZN10add_pallet20dynamic_paramsConfig15__fromMessage__ERN19dynamic_reconfigure7Config_ISaIvEEE]+0xa2a): undefined reference to `ros::console::print(ros::console::FilterBase*, void*, ros::console::levels::Level, char const*, int, char const*, char const*, ...)'
pallet_library.cpp:(.text._ZN10add_pallet20dynamic_paramsConfig15__fromMessage__ERN19dynamic_reconfigure7Config_ISaIvEEE[_ZN10add_pallet20dynamic_paramsConfig15__fromMessage__ERN19dynamic_reconfigure7Config_ISaIvEEE]+0xa41): undefined reference to `ros::console::initialize()'
pallet_library.cpp:(.text._ZN10add_pallet20dynamic_paramsConfig15__fromMessage__ERN19dynamic_reconfigure7Config_ISaIvEEE[_ZN10add_pallet20dynamic_paramsConfig15__fromMessage__ERN19dynamic_reconfigure7Config_ISaIvEEE]+0xa74): undefined reference to `ros::console::initializeLogLocation(ros::console::LogLocation*, std::__cxx11::basic_string<char, std::char_traits<char>, std::allocator<char> > const&, ros::console::levels::Level)'
pallet_library.cpp:(.text._ZN10add_pallet20dynamic_paramsConfig15__fromMessage__ERN19dynamic_reconfigure7Config_ISaIvEEE[_ZN10add_pallet20dynamic_paramsConfig15__fromMessage__ERN19dynamic_reconfigure7Config_ISaIvEEE]+0xa99): undefined reference to `ros::console::initialize()'
pallet_library.cpp:(.text._ZN10add_pallet20dynamic_paramsConfig15__fromMessage__ERN19dynamic_reconfigure7Config_ISaIvEEE[_ZN10add_pallet20dynamic_paramsConfig15__fromMessage__ERN19dynamic_reconfigure7Config_ISaIvEEE]+0xacc): undefined reference to `ros::console::initializeLogLocation(ros::console::LogLocation*, std::__cxx11::basic_string<char, std::char_traits<char>, std::allocator<char> > const&, ros::console::levels::Level)'
pallet_library.cpp:(.text._ZN10add_pallet20dynamic_paramsConfig15__fromMessage__ERN19dynamic_reconfigure7Config_ISaIvEEE[_ZN10add_pallet20dynamic_paramsConfig15__fromMessage__ERN19dynamic_reconfigure7Config_ISaIvEEE]+0xaf1): undefined reference to `ros::console::initialize()'
pallet_library.cpp:(.text._ZN10add_pallet20dynamic_paramsConfig15__fromMessage__ERN19dynamic_reconfigure7Config_ISaIvEEE[_ZN10add_pallet20dynamic_paramsConfig15__fromMessage__ERN19dynamic_reconfigure7Config_ISaIvEEE]+0xb24): undefined reference to `ros::console::initializeLogLocation(ros::console::LogLocation*, std::__cxx11::basic_string<char, std::char_traits<char>, std::allocator<char> > const&, ros::console::levels::Level)'
pallet_library.cpp:(.text._ZN10add_pallet20dynamic_paramsConfig15__fromMessage__ERN19dynamic_reconfigure7Config_ISaIvEEE[_ZN10add_pallet20dynamic_paramsConfig15__fromMessage__ERN19dynamic_reconfigure7Config_ISaIvEEE]+0xb55): undefined reference to `ros::console::setLogLocationLevel(ros::console::LogLocation*, ros::console::levels::Level)'
pallet_library.cpp:(.text._ZN10add_pallet20dynamic_paramsConfig15__fromMessage__ERN19dynamic_reconfigure7Config_ISaIvEEE[_ZN10add_pallet20dynamic_paramsConfig15__fromMessage__ERN19dynamic_reconfigure7Config_ISaIvEEE]+0xb61): undefined reference to `ros::console::checkLogLocationEnabled(ros::console::LogLocation*)'
pallet_library.cpp:(.text._ZN10add_pallet20dynamic_paramsConfig15__fromMessage__ERN19dynamic_reconfigure7Config_ISaIvEEE[_ZN10add_pallet20dynamic_paramsConfig15__fromMessage__ERN19dynamic_reconfigure7Config_ISaIvEEE]+0xba2): undefined reference to `ros::console::print(ros::console::FilterBase*, void*, ros::console::levels::Level, char const*, int, char const*, char const*, ...)'
pallet_library.cpp:(.text._ZN10add_pallet20dynamic_paramsConfig15__fromMessage__ERN19dynamic_reconfigure7Config_ISaIvEEE[_ZN10add_pallet20dynamic_paramsConfig15__fromMessage__ERN19dynamic_reconfigure7Config_ISaIvEEE]+0xbb1): undefined reference to `ros::console::initialize()'
pallet_library.cpp:(.text._ZN10add_pallet20dynamic_paramsConfig15__fromMessage__ERN19dynamic_reconfigure7Config_ISaIvEEE[_ZN10add_pallet20dynamic_paramsConfig15__fromMessage__ERN19dynamic_reconfigure7Config_ISaIvEEE]+0xbcd): undefined reference to `ros::console::setLogLocationLevel(ros::console::LogLocation*, ros::console::levels::Level)'
pallet_library.cpp:(.text._ZN10add_pallet20dynamic_paramsConfig15__fromMessage__ERN19dynamic_reconfigure7Config_ISaIvEEE[_ZN10add_pallet20dynamic_paramsConfig15__fromMessage__ERN19dynamic_reconfigure7Config_ISaIvEEE]+0xbd9): undefined reference to `ros::console::checkLogLocationEnabled(ros::console::LogLocation*)'
CMakeFiles/pallet_library.dir/src/pallet_library.cpp.o: In function `dynamic_reconfigure::Server<add_pallet::dynamic_paramsConfig>::updateConfigInternal(add_pallet::dynamic_paramsConfig const&)':
pallet_library.cpp:(.text._ZN19dynamic_reconfigure6ServerIN10add_pallet20dynamic_paramsConfigEE20updateConfigInternalERKS2_[_ZN19dynamic_reconfigure6ServerIN10add_pallet20dynamic_paramsConfigEE20updateConfigInternalERKS2_]+0x21c): undefined reference to `ros::Publisher::Impl::isValid() const'
pallet_library.cpp:(.text._ZN19dynamic_reconfigure6ServerIN10add_pallet20dynamic_paramsConfigEE20updateConfigInternalERKS2_[_ZN19dynamic_reconfigure6ServerIN10add_pallet20dynamic_paramsConfigEE20updateConfigInternalERKS2_]+0x2ef): undefined reference to `ros::Publisher::publish(boost::function<ros::SerializedMessage ()> const&, ros::SerializedMessage&) const'
CMakeFiles/pallet_library.dir/src/pallet_library.cpp.o: In function `dynamic_reconfigure::Server<add_pallet::dynamic_paramsConfig>::callCallback(add_pallet::dynamic_paramsConfig&, int)':
pallet_library.cpp:(.text._ZN19dynamic_reconfigure6ServerIN10add_pallet20dynamic_paramsConfigEE12callCallbackERS2_i[_ZN19dynamic_reconfigure6ServerIN10add_pallet20dynamic_paramsConfigEE12callCallbackERS2_i]+0x52): undefined reference to `ros::console::g_initialized'
pallet_library.cpp:(.text._ZN19dynamic_reconfigure6ServerIN10add_pallet20dynamic_paramsConfigEE12callCallbackERS2_i[_ZN19dynamic_reconfigure6ServerIN10add_pallet20dynamic_paramsConfigEE12callCallbackERS2_i]+0xab): undefined reference to `ros::console::print(ros::console::FilterBase*, void*, ros::console::levels::Level, char const*, int, char const*, char const*, ...)'
pallet_library.cpp:(.text._ZN19dynamic_reconfigure6ServerIN10add_pallet20dynamic_paramsConfigEE12callCallbackERS2_i[_ZN19dynamic_reconfigure6ServerIN10add_pallet20dynamic_paramsConfigEE12callCallbackERS2_i]+0xb9): undefined reference to `ros::console::initialize()'
pallet_library.cpp:(.text._ZN19dynamic_reconfigure6ServerIN10add_pallet20dynamic_paramsConfigEE12callCallbackERS2_i[_ZN19dynamic_reconfigure6ServerIN10add_pallet20dynamic_paramsConfigEE12callCallbackERS2_i]+0xe0): undefined reference to `ros::console::initializeLogLocation(ros::console::LogLocation*, std::__cxx11::basic_string<char, std::char_traits<char>, std::allocator<char> > const&, ros::console::levels::Level)'
pallet_library.cpp:(.text._ZN19dynamic_reconfigure6ServerIN10add_pallet20dynamic_paramsConfigEE12callCallbackERS2_i[_ZN19dynamic_reconfigure6ServerIN10add_pallet20dynamic_paramsConfigEE12callCallbackERS2_i]+0x10a): undefined reference to `ros::console::setLogLocationLevel(ros::console::LogLocation*, ros::console::levels::Level)'
pallet_library.cpp:(.text._ZN19dynamic_reconfigure6ServerIN10add_pallet20dynamic_paramsConfigEE12callCallbackERS2_i[_ZN19dynamic_reconfigure6ServerIN10add_pallet20dynamic_paramsConfigEE12callCallbackERS2_i]+0x116): undefined reference to `ros::console::checkLogLocationEnabled(ros::console::LogLocation*)'
pallet_library.cpp:(.text._ZN19dynamic_reconfigure6ServerIN10add_pallet20dynamic_paramsConfigEE12callCallbackERS2_i[_ZN19dynamic_reconfigure6ServerIN10add_pallet20dynamic_paramsConfigEE12callCallbackERS2_i]+0x151): undefined reference to `ros::console::g_initialized'
pallet_library.cpp:(.text._ZN19dynamic_reconfigure6ServerIN10add_pallet20dynamic_paramsConfigEE12callCallbackERS2_i[_ZN19dynamic_reconfigure6ServerIN10add_pallet20dynamic_paramsConfigEE12callCallbackERS2_i]+0x193): undefined reference to `ros::console::g_initialized'
pallet_library.cpp:(.text._ZN19dynamic_reconfigure6ServerIN10add_pallet20dynamic_paramsConfigEE12callCallbackERS2_i[_ZN19dynamic_reconfigure6ServerIN10add_pallet20dynamic_paramsConfigEE12callCallbackERS2_i]+0x1f3): undefined reference to `ros::console::print(ros::console::FilterBase*, void*, ros::console::levels::Level, char const*, int, char const*, char const*, ...)'
pallet_library.cpp:(.text._ZN19dynamic_reconfigure6ServerIN10add_pallet20dynamic_paramsConfigEE12callCallbackERS2_i[_ZN19dynamic_reconfigure6ServerIN10add_pallet20dynamic_paramsConfigEE12callCallbackERS2_i]+0x233): undefined reference to `ros::console::print(ros::console::FilterBase*, void*, ros::console::levels::Level, char const*, int, char const*, char const*, ...)'
pallet_library.cpp:(.text._ZN19dynamic_reconfigure6ServerIN10add_pallet20dynamic_paramsConfigEE12callCallbackERS2_i[_ZN19dynamic_reconfigure6ServerIN10add_pallet20dynamic_paramsConfigEE12callCallbackERS2_i]+0x246): undefined reference to `ros::console::setLogLocationLevel(ros::console::LogLocation*, ros::console::levels::Level)'
pallet_library.cpp:(.text._ZN19dynamic_reconfigure6ServerIN10add_pallet20dynamic_paramsConfigEE12callCallbackERS2_i[_ZN19dynamic_reconfigure6ServerIN10add_pallet20dynamic_paramsConfigEE12callCallbackERS2_i]+0x252): undefined reference to `ros::console::checkLogLocationEnabled(ros::console::LogLocation*)'
pallet_library.cpp:(.text._ZN19dynamic_reconfigure6ServerIN10add_pallet20dynamic_paramsConfigEE12callCallbackERS2_i[_ZN19dynamic_reconfigure6ServerIN10add_pallet20dynamic_paramsConfigEE12callCallbackERS2_i]+0x28e): undefined reference to `ros::console::initializeLogLocation(ros::console::LogLocation*, std::__cxx11::basic_string<char, std::char_traits<char>, std::allocator<char> > const&, ros::console::levels::Level)'
pallet_library.cpp:(.text._ZN19dynamic_reconfigure6ServerIN10add_pallet20dynamic_paramsConfigEE12callCallbackERS2_i[_ZN19dynamic_reconfigure6ServerIN10add_pallet20dynamic_paramsConfigEE12callCallbackERS2_i]+0x2ae): undefined reference to `ros::console::initialize()'
pallet_library.cpp:(.text._ZN19dynamic_reconfigure6ServerIN10add_pallet20dynamic_paramsConfigEE12callCallbackERS2_i[_ZN19dynamic_reconfigure6ServerIN10add_pallet20dynamic_paramsConfigEE12callCallbackERS2_i]+0x2ee): undefined reference to `ros::console::setLogLocationLevel(ros::console::LogLocation*, ros::console::levels::Level)'
pallet_library.cpp:(.text._ZN19dynamic_reconfigure6ServerIN10add_pallet20dynamic_paramsConfigEE12callCallbackERS2_i[_ZN19dynamic_reconfigure6ServerIN10add_pallet20dynamic_paramsConfigEE12callCallbackERS2_i]+0x2fa): undefined reference to `ros::console::checkLogLocationEnabled(ros::console::LogLocation*)'
pallet_library.cpp:(.text._ZN19dynamic_reconfigure6ServerIN10add_pallet20dynamic_paramsConfigEE12callCallbackERS2_i[_ZN19dynamic_reconfigure6ServerIN10add_pallet20dynamic_paramsConfigEE12callCallbackERS2_i]+0x326): undefined reference to `ros::console::initializeLogLocation(ros::console::LogLocation*, std::__cxx11::basic_string<char, std::char_traits<char>, std::allocator<char> > const&, ros::console::levels::Level)'
pallet_library.cpp:(.text._ZN19dynamic_reconfigure6ServerIN10add_pallet20dynamic_paramsConfigEE12callCallbackERS2_i[_ZN19dynamic_reconfigure6ServerIN10add_pallet20dynamic_paramsConfigEE12callCallbackERS2_i]+0x346): undefined reference to `ros::console::initialize()'
CMakeFiles/pallet_library.dir/src/pallet_library.cpp.o: In function `ros::Publisher ros::NodeHandle::advertise<dynamic_reconfigure::ConfigDescription_<std::allocator<void> > >(std::__cxx11::basic_string<char, std::char_traits<char>, std::allocator<char> > const&, unsigned int, bool)':
pallet_library.cpp:(.text._ZN3ros10NodeHandle9advertiseIN19dynamic_reconfigure18ConfigDescription_ISaIvEEEEENS_9PublisherERKNSt7__cxx1112basic_stringIcSt11char_traitsIcESaIcEEEjb[_ZN3ros10NodeHandle9advertiseIN19dynamic_reconfigure18ConfigDescription_ISaIvEEEEENS_9PublisherERKNSt7__cxx1112basic_stringIcSt11char_traitsIcESaIcEEEjb]+0x1ab): undefined reference to `ros::NodeHandle::advertise(ros::AdvertiseOptions&)'
CMakeFiles/pallet_library.dir/src/pallet_library.cpp.o: In function `ros::Publisher ros::NodeHandle::advertise<dynamic_reconfigure::Config_<std::allocator<void> > >(std::__cxx11::basic_string<char, std::char_traits<char>, std::allocator<char> > const&, unsigned int, bool)':
pallet_library.cpp:(.text._ZN3ros10NodeHandle9advertiseIN19dynamic_reconfigure7Config_ISaIvEEEEENS_9PublisherERKNSt7__cxx1112basic_stringIcSt11char_traitsIcESaIcEEEjb[_ZN3ros10NodeHandle9advertiseIN19dynamic_reconfigure7Config_ISaIvEEEEENS_9PublisherERKNSt7__cxx1112basic_stringIcSt11char_traitsIcESaIcEEEjb]+0x1ab): undefined reference to `ros::NodeHandle::advertise(ros::AdvertiseOptions&)'
CMakeFiles/pallet_library.dir/src/pallet_library.cpp.o: In function `dynamic_reconfigure::Server<add_pallet::dynamic_paramsConfig>::init()':
pallet_library.cpp:(.text._ZN19dynamic_reconfigure6ServerIN10add_pallet20dynamic_paramsConfigEE4initEv[_ZN19dynamic_reconfigure6ServerIN10add_pallet20dynamic_paramsConfigEE4initEv]+0x510): undefined reference to `ros::NodeHandle::advertiseService(ros::AdvertiseServiceOptions&)'
pallet_library.cpp:(.text._ZN19dynamic_reconfigure6ServerIN10add_pallet20dynamic_paramsConfigEE4initEv[_ZN19dynamic_reconfigure6ServerIN10add_pallet20dynamic_paramsConfigEE4initEv]+0x557): undefined reference to `ros::ServiceServer::~ServiceServer()'
pallet_library.cpp:(.text._ZN19dynamic_reconfigure6ServerIN10add_pallet20dynamic_paramsConfigEE4initEv[_ZN19dynamic_reconfigure6ServerIN10add_pallet20dynamic_paramsConfigEE4initEv]+0x5d1): undefined reference to `ros::Publisher::~Publisher()'
pallet_library.cpp:(.text._ZN19dynamic_reconfigure6ServerIN10add_pallet20dynamic_paramsConfigEE4initEv[_ZN19dynamic_reconfigure6ServerIN10add_pallet20dynamic_paramsConfigEE4initEv]+0x601): undefined reference to `ros::Publisher::Impl::isValid() const'
pallet_library.cpp:(.text._ZN19dynamic_reconfigure6ServerIN10add_pallet20dynamic_paramsConfigEE4initEv[_ZN19dynamic_reconfigure6ServerIN10add_pallet20dynamic_paramsConfigEE4initEv]+0x671): undefined reference to `ros::Publisher::~Publisher()'
pallet_library.cpp:(.text._ZN19dynamic_reconfigure6ServerIN10add_pallet20dynamic_paramsConfigEE4initEv[_ZN19dynamic_reconfigure6ServerIN10add_pallet20dynamic_paramsConfigEE4initEv]+0x8d6): undefined reference to `ros::Publisher::publish(boost::function<ros::SerializedMessage ()> const&, ros::SerializedMessage&) const'
CMakeFiles/pallet_library.dir/src/pallet_library.cpp.o: In function `main':
pallet_library.cpp:(.text.startup+0x50): undefined reference to `ros::init(int&, char**, std::__cxx11::basic_string<char, std::char_traits<char>, std::allocator<char> > const&, unsigned int)'
pallet_library.cpp:(.text.startup+0xce): undefined reference to `ros::NodeHandle::NodeHandle(std::__cxx11::basic_string<char, std::char_traits<char>, std::allocator<char> > const&, std::map<std::__cxx11::basic_string<char, std::char_traits<char>, std::allocator<char> >, std::__cxx11::basic_string<char, std::char_traits<char>, std::allocator<char> >, std::less<std::__cxx11::basic_string<char, std::char_traits<char>, std::allocator<char> > >, std::allocator<std::pair<std::__cxx11::basic_string<char, std::char_traits<char>, std::allocator<char> > const, std::__cxx11::basic_string<char, std::char_traits<char>, std::allocator<char> > > > > const&)'
pallet_library.cpp:(.text.startup+0x146): undefined reference to `ros::NodeHandle::NodeHandle(std::__cxx11::basic_string<char, std::char_traits<char>, std::allocator<char> > const&, std::map<std::__cxx11::basic_string<char, std::char_traits<char>, std::allocator<char> >, std::__cxx11::basic_string<char, std::char_traits<char>, std::allocator<char> >, std::less<std::__cxx11::basic_string<char, std::char_traits<char>, std::allocator<char> > >, std::allocator<std::pair<std::__cxx11::basic_string<char, std::char_traits<char>, std::allocator<char> > const, std::__cxx11::basic_string<char, std::char_traits<char>, std::allocator<char> > > > > const&)'
pallet_library.cpp:(.text.startup+0x151): undefined reference to `ros::NodeHandle::NodeHandle(ros::NodeHandle const&)'
pallet_library.cpp:(.text.startup+0x309): undefined reference to `pthread_mutexattr_init'
pallet_library.cpp:(.text.startup+0x322): undefined reference to `pthread_mutexattr_settype'
pallet_library.cpp:(.text.startup+0x34c): undefined reference to `pthread_mutexattr_destroy'
pallet_library.cpp:(.text.startup+0x364): undefined reference to `ros::NodeHandle::~NodeHandle()'
pallet_library.cpp:(.text.startup+0x4e1): undefined reference to `ros::spin()'
pallet_library.cpp:(.text.startup+0x51c): undefined reference to `ros::NodeHandle::~NodeHandle()'
pallet_library.cpp:(.text.startup+0x59e): undefined reference to `boost::system::generic_category()'
pallet_library.cpp:(.text.startup+0x681): undefined reference to `ros::Publisher::~Publisher()'
pallet_library.cpp:(.text.startup+0x68d): undefined reference to `ros::Publisher::~Publisher()'
pallet_library.cpp:(.text.startup+0x699): undefined reference to `ros::ServiceServer::~ServiceServer()'
pallet_library.cpp:(.text.startup+0x6a4): undefined reference to `ros::NodeHandle::~NodeHandle()'
pallet_library.cpp:(.text.startup+0x6ac): undefined reference to `ros::NodeHandle::~NodeHandle()'
pallet_library.cpp:(.text.startup+0x6d9): undefined reference to `ros::NodeHandle::~NodeHandle()'
pallet_library.cpp:(.text.startup+0x6ee): undefined reference to `pthread_mutexattr_destroy'
pallet_library.cpp:(.text.startup+0x6f3): undefined reference to `boost::system::generic_category()'
pallet_library.cpp:(.text.startup+0x782): undefined reference to `pthread_mutexattr_destroy'
pallet_library.cpp:(.text.startup+0x787): undefined reference to `boost::system::generic_category()'
CMakeFiles/pallet_library.dir/src/pallet_library.cpp.o: In function `_GLOBAL__sub_I__ZN20FeatureDetectionInfo16initializeParamsEffff':
pallet_library.cpp:(.text.startup+0x9cb): undefined reference to `boost::system::generic_category()'
pallet_library.cpp:(.text.startup+0x9d0): undefined reference to `boost::system::generic_category()'
pallet_library.cpp:(.text.startup+0x9d9): undefined reference to `boost::system::system_category()'
CMakeFiles/pallet_library.dir/src/pallet_library.cpp.o: In function `void ros::serialization::Serializer<dynamic_reconfigure::Config_<std::allocator<void> > >::allInOne<ros::serialization::OStream, dynamic_reconfigure::Config_<std::allocator<void> > const&>(ros::serialization::OStream&, dynamic_reconfigure::Config_<std::allocator<void> > const&)':
pallet_library.cpp:(.text._ZN3ros13serialization10SerializerIN19dynamic_reconfigure7Config_ISaIvEEEE8allInOneINS0_7OStreamERKS5_EEvRT_T0_[_ZN3ros13serialization10SerializerIN19dynamic_reconfigure7Config_ISaIvEEEE8allInOneINS0_7OStreamERKS5_EEvRT_T0_]+0x3e): undefined reference to `ros::serialization::throwStreamOverrun()'
pallet_library.cpp:(.text._ZN3ros13serialization10SerializerIN19dynamic_reconfigure7Config_ISaIvEEEE8allInOneINS0_7OStreamERKS5_EEvRT_T0_[_ZN3ros13serialization10SerializerIN19dynamic_reconfigure7Config_ISaIvEEEE8allInOneINS0_7OStreamERKS5_EEvRT_T0_]+0x7d): undefined reference to `ros::serialization::throwStreamOverrun()'
pallet_library.cpp:(.text._ZN3ros13serialization10SerializerIN19dynamic_reconfigure7Config_ISaIvEEEE8allInOneINS0_7OStreamERKS5_EEvRT_T0_[_ZN3ros13serialization10SerializerIN19dynamic_reconfigure7Config_ISaIvEEEE8allInOneINS0_7OStreamERKS5_EEvRT_T0_]+0xfe): undefined reference to `ros::serialization::throwStreamOverrun()'
pallet_library.cpp:(.text._ZN3ros13serialization10SerializerIN19dynamic_reconfigure7Config_ISaIvEEEE8allInOneINS0_7OStreamERKS5_EEvRT_T0_[_ZN3ros13serialization10SerializerIN19dynamic_reconfigure7Config_ISaIvEEEE8allInOneINS0_7OStreamERKS5_EEvRT_T0_]+0x13d): undefined reference to `ros::serialization::throwStreamOverrun()'
pallet_library.cpp:(.text._ZN3ros13serialization10SerializerIN19dynamic_reconfigure7Config_ISaIvEEEE8allInOneINS0_7OStreamERKS5_EEvRT_T0_[_ZN3ros13serialization10SerializerIN19dynamic_reconfigure7Config_ISaIvEEEE8allInOneINS0_7OStreamERKS5_EEvRT_T0_]+0x1af): undefined reference to `ros::serialization::throwStreamOverrun()'
CMakeFiles/pallet_library.dir/src/pallet_library.cpp.o:pallet_library.cpp:(.text._ZN3ros13serialization10SerializerIN19dynamic_reconfigure7Config_ISaIvEEEE8allInOneINS0_7OStreamERKS5_EEvRT_T0_[_ZN3ros13serialization10SerializerIN19dynamic_reconfigure7Config_ISaIvEEEE8allInOneINS0_7OStreamERKS5_EEvRT_T0_]+0x1ed): more undefined references to `ros::serialization::throwStreamOverrun()' follow
collect2: error: ld returned 1 exit status
make[2]: *** [/home/loren.lyttle/tests/catkin_ws/devel/.private/add_pallet/lib/add_pallet/pallet_library] Error 1
make[1]: *** [CMakeFiles/pallet_library.dir/all] Error 2
make[1]: *** Waiting for unfinished jobs....
make: *** [all] Error 2
