[01m[K/home/loren.lyttle/tests/catkin_ws/src/add_pallet/src/pallet_library.cpp:[m[K In constructor ‘[01m[KPalletLibraryNode::PalletLibraryNode(ros::NodeHandle&, std::map<std::__cxx11::basic_string<char>, bool>)[m[K’:
[01m[K/home/loren.lyttle/tests/catkin_ws/src/add_pallet/src/pallet_library.cpp:88:11:[m[K [01;31m[Kerror: [m[Kclass ‘[01m[KPalletLibraryNode[m[K’ does not have any field named ‘[01m[Km_palletpocketdetector[m[K’
           [01;31m[Km_palletpocketdetector[m[K(std::make_shared<PalletPocketDetection>(nh)) {
           [01;31m[K^~~~~~~~~~~~~~~~~~~~~~[m[K
[01m[K/home/loren.lyttle/tests/catkin_ws/src/add_pallet/src/pallet_library.cpp:[m[K In member function ‘[01m[Kvoid PalletLibraryNode::dynamic_callback(add_pallet::dynamic_paramsConfig&, uint32_t)[m[K’:
[01m[K/home/loren.lyttle/tests/catkin_ws/src/add_pallet/src/pallet_library.cpp:159:24:[m[K [01;31m[Kerror: [m[K‘[01m[Km_palletpocketdetector[m[K’ is not a member of ‘[01m[KPalletLibraryNode[m[K’
     PalletLibraryNode::[01;31m[Km_palletpocketdetector[m[K->palletpointer1->updateParams();
                        [01;31m[K^~~~~~~~~~~~~~~~~~~~~~[m[K
[01m[K/home/loren.lyttle/tests/catkin_ws/src/add_pallet/src/pallet_library.cpp:[m[K In constructor ‘[01m[KPalletPocketDetection::PalletPocketDetection(ros::NodeHandle&)[m[K’:
[01m[K/home/loren.lyttle/tests/catkin_ws/src/add_pallet/src/pallet_library.cpp:183:9:[m[K [01;31m[Kerror: [m[Kclass ‘[01m[KPalletPocketDetection[m[K’ does not have any field named ‘[01m[Km_node[m[K’
         [01;31m[Km_node[m[K(n) {
         [01;31m[K^~~~~~[m[K
[01m[K/home/loren.lyttle/tests/catkin_ws/src/add_pallet/src/pallet_library.cpp:184:38:[m[K [01;31m[Kerror: [m[K‘[01m[Km_node[m[K’ was not declared in this scope
     palletpointer1->initializeParams([01;31m[Km_node[m[K /* nodeHandle */,
                                      [01;31m[K^~~~~~[m[K
[01m[K/home/loren.lyttle/tests/catkin_ws/src/add_pallet/src/pallet_library.cpp:184:38:[m[K [01;36m[Knote: [m[Ksuggested alternative: ‘[01m[K__modf[m[K’
     palletpointer1->initializeParams([01;36m[Km_node[m[K /* nodeHandle */,
                                      [01;36m[K^~~~~~[m[K
                                      [32m[K__modf[m[K
[01m[K/home/loren.lyttle/tests/catkin_ws/src/add_pallet/src/pallet_library.cpp:194:33:[m[K [01;31m[Kerror: [m[K‘[01m[Km_debugPalletDetection[m[K’ was not declared in this scope
                                 [01;31m[Km_debugPalletDetection[m[K /* publishClustersCloud */,
                                 [01;31m[K^~~~~~~~~~~~~~~~~~~~~~[m[K
[01m[K/home/loren.lyttle/tests/catkin_ws/src/add_pallet/src/pallet_library.cpp:194:33:[m[K [01;36m[Knote: [m[Ksuggested alternative: ‘[01m[KPalletPocketDetection[m[K’
                                 [01;36m[Km_debugPalletDetection[m[K /* publishClustersCloud */,
                                 [01;36m[K^~~~~~~~~~~~~~~~~~~~~~[m[K
                                 [32m[KPalletPocketDetection[m[K
make[2]: *** [CMakeFiles/add_pallet.dir/src/pallet_library.cpp.o] Error 1
make[1]: *** [CMakeFiles/add_pallet.dir/all] Error 2
make: *** [all] Error 2
