[01m[K/home/loren.lyttle/tests/catkin_ws/src/add_pallet/src/pallet_library.cpp:24:24:[m[K [01;31m[Kerror: [m[K‘[01m[KT2[m[K’ has not been declared
 template< typename T1, [01;31m[KT2[m[K, T3>
                        [01;31m[K^~[m[K
[01m[K/home/loren.lyttle/tests/catkin_ws/src/add_pallet/src/pallet_library.cpp:24:28:[m[K [01;31m[Kerror: [m[K‘[01m[KT3[m[K’ has not been declared
 template< typename T1, T2, [01;31m[KT3[m[K>
                            [01;31m[K^~[m[K
[01m[K/home/loren.lyttle/tests/catkin_ws/src/add_pallet/src/pallet_library.cpp:25:15:[m[K [01;31m[Kerror: [m[K‘[01m[Kany[m[K’ is not a member of ‘[01m[Kstd[m[K’
 std::map<std::[01;31m[Kany[m[K> string_to_type_map(std::map<std::string,std::string> m)
               [01;31m[K^~~[m[K
[01m[K/home/loren.lyttle/tests/catkin_ws/src/add_pallet/src/pallet_library.cpp:25:15:[m[K [01;36m[Knote: [m[Ksuggested alternatives:
In file included from [01m[K/home/loren.lyttle/tests/catkin_ws/devel/.private/add_pallet/include/add_pallet/dynamic_paramsConfig.h:26:0[m[K,
                 from [01m[K/home/loren.lyttle/tests/catkin_ws/src/add_pallet/src/pallet_library.cpp:12[m[K:
[01m[K/usr/include/boost/any.hpp:37:11:[m[K [01;36m[Knote: [m[K  ‘[01m[Kboost::any[m[K’
     class [01;36m[Kany[m[K
           [01;36m[K^~~[m[K
In file included from [01m[K/usr/include/boost/type_traits/has_plus.hpp:48:0[m[K,
                 from [01m[K/usr/include/boost/next_prior.hpp:21[m[K,
                 from [01m[K/usr/include/boost/utility.hpp:19[m[K,
                 from [01m[K/usr/include/boost/range/size.hpp:25[m[K,
                 from [01m[K/usr/include/boost/range/functions.hpp:20[m[K,
                 from [01m[K/usr/include/boost/range/iterator_range_core.hpp:38[m[K,
                 from [01m[K/usr/include/boost/lexical_cast.hpp:30[m[K,
                 from [01m[K/opt/ros/melodic/include/ros/transport_hints.h:34[m[K,
                 from [01m[K/opt/ros/melodic/include/ros/subscribe_options.h:33[m[K,
                 from [01m[K/opt/ros/melodic/include/ros/node_handle.h:42[m[K,
                 from [01m[K/opt/ros/melodic/include/ros/ros.h:45[m[K,
                 from [01m[K/home/loren.lyttle/tests/catkin_ws/src/add_pallet/src/pallet_library.cpp:1[m[K:
[01m[K/usr/include/boost/type_traits/detail/has_binary_operator.hpp:67:8:[m[K [01;36m[Knote: [m[K  ‘[01m[Kboost::detail::has_plus_impl::any[m[K’
 struct [01;36m[Kany[m[K { template <class T> any(T const&); };
        [01;36m[K^~~[m[K
In file included from [01m[K/usr/include/boost/type_traits/has_plus_assign.hpp:60:0[m[K,
                 from [01m[K/usr/include/boost/next_prior.hpp:22[m[K,
                 from [01m[K/usr/include/boost/utility.hpp:19[m[K,
                 from [01m[K/usr/include/boost/range/size.hpp:25[m[K,
                 from [01m[K/usr/include/boost/range/functions.hpp:20[m[K,
                 from [01m[K/usr/include/boost/range/iterator_range_core.hpp:38[m[K,
                 from [01m[K/usr/include/boost/lexical_cast.hpp:30[m[K,
                 from [01m[K/opt/ros/melodic/include/ros/transport_hints.h:34[m[K,
                 from [01m[K/opt/ros/melodic/include/ros/subscribe_options.h:33[m[K,
                 from [01m[K/opt/ros/melodic/include/ros/node_handle.h:42[m[K,
                 from [01m[K/opt/ros/melodic/include/ros/ros.h:45[m[K,
                 from [01m[K/home/loren.lyttle/tests/catkin_ws/src/add_pallet/src/pallet_library.cpp:1[m[K:
[01m[K/usr/include/boost/type_traits/detail/has_binary_operator.hpp:67:8:[m[K [01;36m[Knote: [m[K  ‘[01m[Kboost::detail::has_plus_assign_impl::any[m[K’
 struct [01;36m[Kany[m[K { template <class T> any(T const&); };
        [01;36m[K^~~[m[K
In file included from [01m[K/usr/include/boost/type_traits/has_minus.hpp:54:0[m[K,
                 from [01m[K/usr/include/boost/next_prior.hpp:23[m[K,
                 from [01m[K/usr/include/boost/utility.hpp:19[m[K,
                 from [01m[K/usr/include/boost/range/size.hpp:25[m[K,
                 from [01m[K/usr/include/boost/range/functions.hpp:20[m[K,
                 from [01m[K/usr/include/boost/range/iterator_range_core.hpp:38[m[K,
                 from [01m[K/usr/include/boost/lexical_cast.hpp:30[m[K,
                 from [01m[K/opt/ros/melodic/include/ros/transport_hints.h:34[m[K,
                 from [01m[K/opt/ros/melodic/include/ros/subscribe_options.h:33[m[K,
                 from [01m[K/opt/ros/melodic/include/ros/node_handle.h:42[m[K,
                 from [01m[K/opt/ros/melodic/include/ros/ros.h:45[m[K,
                 from [01m[K/home/loren.lyttle/tests/catkin_ws/src/add_pallet/src/pallet_library.cpp:1[m[K:
[01m[K/usr/include/boost/type_traits/detail/has_binary_operator.hpp:67:8:[m[K [01;36m[Knote: [m[K  ‘[01m[Kboost::detail::has_minus_impl::any[m[K’
 struct [01;36m[Kany[m[K { template <class T> any(T const&); };
        [01;36m[K^~~[m[K
In file included from [01m[K/usr/include/boost/type_traits/has_minus_assign.hpp:59:0[m[K,
                 from [01m[K/usr/include/boost/next_prior.hpp:24[m[K,
                 from [01m[K/usr/include/boost/utility.hpp:19[m[K,
                 from [01m[K/usr/include/boost/range/size.hpp:25[m[K,
                 from [01m[K/usr/include/boost/range/functions.hpp:20[m[K,
                 from [01m[K/usr/include/boost/range/iterator_range_core.hpp:38[m[K,
                 from [01m[K/usr/include/boost/lexical_cast.hpp:30[m[K,
                 from [01m[K/opt/ros/melodic/include/ros/transport_hints.h:34[m[K,
                 from [01m[K/opt/ros/melodic/include/ros/subscribe_options.h:33[m[K,
                 from [01m[K/opt/ros/melodic/include/ros/node_handle.h:42[m[K,
                 from [01m[K/opt/ros/melodic/include/ros/ros.h:45[m[K,
                 from [01m[K/home/loren.lyttle/tests/catkin_ws/src/add_pallet/src/pallet_library.cpp:1[m[K:
[01m[K/usr/include/boost/type_traits/detail/has_binary_operator.hpp:67:8:[m[K [01;36m[Knote: [m[K  ‘[01m[Kboost::detail::has_minus_assign_impl::any[m[K’
 struct [01;36m[Kany[m[K { template <class T> any(T const&); };
        [01;36m[K^~~[m[K
In file included from [01m[K/usr/include/boost/type_traits/has_left_shift.hpp:43:0[m[K,
                 from [01m[K/usr/include/boost/lexical_cast/detail/converter_lexical.hpp:38[m[K,
                 from [01m[K/usr/include/boost/lexical_cast/try_lexical_convert.hpp:42[m[K,
                 from [01m[K/usr/include/boost/lexical_cast.hpp:32[m[K,
                 from [01m[K/opt/ros/melodic/include/ros/transport_hints.h:34[m[K,
                 from [01m[K/opt/ros/melodic/include/ros/subscribe_options.h:33[m[K,
                 from [01m[K/opt/ros/melodic/include/ros/node_handle.h:42[m[K,
                 from [01m[K/opt/ros/melodic/include/ros/ros.h:45[m[K,
                 from [01m[K/home/loren.lyttle/tests/catkin_ws/src/add_pallet/src/pallet_library.cpp:1[m[K:
[01m[K/usr/include/boost/type_traits/detail/has_binary_operator.hpp:67:8:[m[K [01;36m[Knote: [m[K  ‘[01m[Kboost::detail::has_left_shift_impl::any[m[K’
 struct [01;36m[Kany[m[K { template <class T> any(T const&); };
        [01;36m[K^~~[m[K
In file included from [01m[K/usr/include/boost/type_traits/has_right_shift.hpp:43:0[m[K,
                 from [01m[K/usr/include/boost/lexical_cast/detail/converter_lexical.hpp:39[m[K,
                 from [01m[K/usr/include/boost/lexical_cast/try_lexical_convert.hpp:42[m[K,
                 from [01m[K/usr/include/boost/lexical_cast.hpp:32[m[K,
                 from [01m[K/opt/ros/melodic/include/ros/transport_hints.h:34[m[K,
                 from [01m[K/opt/ros/melodic/include/ros/subscribe_options.h:33[m[K,
                 from [01m[K/opt/ros/melodic/include/ros/node_handle.h:42[m[K,
                 from [01m[K/opt/ros/melodic/include/ros/ros.h:45[m[K,
                 from [01m[K/home/loren.lyttle/tests/catkin_ws/src/add_pallet/src/pallet_library.cpp:1[m[K:
[01m[K/usr/include/boost/type_traits/detail/has_binary_operator.hpp:67:8:[m[K [01;36m[Knote: [m[K  ‘[01m[Kboost::detail::has_right_shift_impl::any[m[K’
 struct [01;36m[Kany[m[K { template <class T> any(T const&); };
        [01;36m[K^~~[m[K
[01m[K/home/loren.lyttle/tests/catkin_ws/src/add_pallet/src/pallet_library.cpp:25:15:[m[K [01;31m[Kerror: [m[K‘[01m[Kany[m[K’ is not a member of ‘[01m[Kstd[m[K’
 std::map<std::[01;31m[Kany[m[K> string_to_type_map(std::map<std::string,std::string> m)
               [01;31m[K^~~[m[K
[01m[K/home/loren.lyttle/tests/catkin_ws/src/add_pallet/src/pallet_library.cpp:25:15:[m[K [01;36m[Knote: [m[Ksuggested alternatives:
In file included from [01m[K/home/loren.lyttle/tests/catkin_ws/devel/.private/add_pallet/include/add_pallet/dynamic_paramsConfig.h:26:0[m[K,
                 from [01m[K/home/loren.lyttle/tests/catkin_ws/src/add_pallet/src/pallet_library.cpp:12[m[K:
[01m[K/usr/include/boost/any.hpp:37:11:[m[K [01;36m[Knote: [m[K  ‘[01m[Kboost::any[m[K’
     class [01;36m[Kany[m[K
           [01;36m[K^~~[m[K
In file included from [01m[K/usr/include/boost/type_traits/has_plus.hpp:48:0[m[K,
                 from [01m[K/usr/include/boost/next_prior.hpp:21[m[K,
                 from [01m[K/usr/include/boost/utility.hpp:19[m[K,
                 from [01m[K/usr/include/boost/range/size.hpp:25[m[K,
                 from [01m[K/usr/include/boost/range/functions.hpp:20[m[K,
                 from [01m[K/usr/include/boost/range/iterator_range_core.hpp:38[m[K,
                 from [01m[K/usr/include/boost/lexical_cast.hpp:30[m[K,
                 from [01m[K/opt/ros/melodic/include/ros/transport_hints.h:34[m[K,
                 from [01m[K/opt/ros/melodic/include/ros/subscribe_options.h:33[m[K,
                 from [01m[K/opt/ros/melodic/include/ros/node_handle.h:42[m[K,
                 from [01m[K/opt/ros/melodic/include/ros/ros.h:45[m[K,
                 from [01m[K/home/loren.lyttle/tests/catkin_ws/src/add_pallet/src/pallet_library.cpp:1[m[K:
[01m[K/usr/include/boost/type_traits/detail/has_binary_operator.hpp:67:8:[m[K [01;36m[Knote: [m[K  ‘[01m[Kboost::detail::has_plus_impl::any[m[K’
 struct [01;36m[Kany[m[K { template <class T> any(T const&); };
        [01;36m[K^~~[m[K
In file included from [01m[K/usr/include/boost/type_traits/has_plus_assign.hpp:60:0[m[K,
                 from [01m[K/usr/include/boost/next_prior.hpp:22[m[K,
                 from [01m[K/usr/include/boost/utility.hpp:19[m[K,
                 from [01m[K/usr/include/boost/range/size.hpp:25[m[K,
                 from [01m[K/usr/include/boost/range/functions.hpp:20[m[K,
                 from [01m[K/usr/include/boost/range/iterator_range_core.hpp:38[m[K,
                 from [01m[K/usr/include/boost/lexical_cast.hpp:30[m[K,
                 from [01m[K/opt/ros/melodic/include/ros/transport_hints.h:34[m[K,
                 from [01m[K/opt/ros/melodic/include/ros/subscribe_options.h:33[m[K,
                 from [01m[K/opt/ros/melodic/include/ros/node_handle.h:42[m[K,
                 from [01m[K/opt/ros/melodic/include/ros/ros.h:45[m[K,
                 from [01m[K/home/loren.lyttle/tests/catkin_ws/src/add_pallet/src/pallet_library.cpp:1[m[K:
[01m[K/usr/include/boost/type_traits/detail/has_binary_operator.hpp:67:8:[m[K [01;36m[Knote: [m[K  ‘[01m[Kboost::detail::has_plus_assign_impl::any[m[K’
 struct [01;36m[Kany[m[K { template <class T> any(T const&); };
        [01;36m[K^~~[m[K
In file included from [01m[K/usr/include/boost/type_traits/has_minus.hpp:54:0[m[K,
                 from [01m[K/usr/include/boost/next_prior.hpp:23[m[K,
                 from [01m[K/usr/include/boost/utility.hpp:19[m[K,
                 from [01m[K/usr/include/boost/range/size.hpp:25[m[K,
                 from [01m[K/usr/include/boost/range/functions.hpp:20[m[K,
                 from [01m[K/usr/include/boost/range/iterator_range_core.hpp:38[m[K,
                 from [01m[K/usr/include/boost/lexical_cast.hpp:30[m[K,
                 from [01m[K/opt/ros/melodic/include/ros/transport_hints.h:34[m[K,
                 from [01m[K/opt/ros/melodic/include/ros/subscribe_options.h:33[m[K,
                 from [01m[K/opt/ros/melodic/include/ros/node_handle.h:42[m[K,
                 from [01m[K/opt/ros/melodic/include/ros/ros.h:45[m[K,
                 from [01m[K/home/loren.lyttle/tests/catkin_ws/src/add_pallet/src/pallet_library.cpp:1[m[K:
[01m[K/usr/include/boost/type_traits/detail/has_binary_operator.hpp:67:8:[m[K [01;36m[Knote: [m[K  ‘[01m[Kboost::detail::has_minus_impl::any[m[K’
 struct [01;36m[Kany[m[K { template <class T> any(T const&); };
        [01;36m[K^~~[m[K
In file included from [01m[K/usr/include/boost/type_traits/has_minus_assign.hpp:59:0[m[K,
                 from [01m[K/usr/include/boost/next_prior.hpp:24[m[K,
                 from [01m[K/usr/include/boost/utility.hpp:19[m[K,
                 from [01m[K/usr/include/boost/range/size.hpp:25[m[K,
                 from [01m[K/usr/include/boost/range/functions.hpp:20[m[K,
                 from [01m[K/usr/include/boost/range/iterator_range_core.hpp:38[m[K,
                 from [01m[K/usr/include/boost/lexical_cast.hpp:30[m[K,
                 from [01m[K/opt/ros/melodic/include/ros/transport_hints.h:34[m[K,
                 from [01m[K/opt/ros/melodic/include/ros/subscribe_options.h:33[m[K,
                 from [01m[K/opt/ros/melodic/include/ros/node_handle.h:42[m[K,
                 from [01m[K/opt/ros/melodic/include/ros/ros.h:45[m[K,
                 from [01m[K/home/loren.lyttle/tests/catkin_ws/src/add_pallet/src/pallet_library.cpp:1[m[K:
[01m[K/usr/include/boost/type_traits/detail/has_binary_operator.hpp:67:8:[m[K [01;36m[Knote: [m[K  ‘[01m[Kboost::detail::has_minus_assign_impl::any[m[K’
 struct [01;36m[Kany[m[K { template <class T> any(T const&); };
        [01;36m[K^~~[m[K
In file included from [01m[K/usr/include/boost/type_traits/has_left_shift.hpp:43:0[m[K,
                 from [01m[K/usr/include/boost/lexical_cast/detail/converter_lexical.hpp:38[m[K,
                 from [01m[K/usr/include/boost/lexical_cast/try_lexical_convert.hpp:42[m[K,
                 from [01m[K/usr/include/boost/lexical_cast.hpp:32[m[K,
                 from [01m[K/opt/ros/melodic/include/ros/transport_hints.h:34[m[K,
                 from [01m[K/opt/ros/melodic/include/ros/subscribe_options.h:33[m[K,
                 from [01m[K/opt/ros/melodic/include/ros/node_handle.h:42[m[K,
                 from [01m[K/opt/ros/melodic/include/ros/ros.h:45[m[K,
                 from [01m[K/home/loren.lyttle/tests/catkin_ws/src/add_pallet/src/pallet_library.cpp:1[m[K:
[01m[K/usr/include/boost/type_traits/detail/has_binary_operator.hpp:67:8:[m[K [01;36m[Knote: [m[K  ‘[01m[Kboost::detail::has_left_shift_impl::any[m[K’
 struct [01;36m[Kany[m[K { template <class T> any(T const&); };
        [01;36m[K^~~[m[K
In file included from [01m[K/usr/include/boost/type_traits/has_right_shift.hpp:43:0[m[K,
                 from [01m[K/usr/include/boost/lexical_cast/detail/converter_lexical.hpp:39[m[K,
                 from [01m[K/usr/include/boost/lexical_cast/try_lexical_convert.hpp:42[m[K,
                 from [01m[K/usr/include/boost/lexical_cast.hpp:32[m[K,
                 from [01m[K/opt/ros/melodic/include/ros/transport_hints.h:34[m[K,
                 from [01m[K/opt/ros/melodic/include/ros/subscribe_options.h:33[m[K,
                 from [01m[K/opt/ros/melodic/include/ros/node_handle.h:42[m[K,
                 from [01m[K/opt/ros/melodic/include/ros/ros.h:45[m[K,
                 from [01m[K/home/loren.lyttle/tests/catkin_ws/src/add_pallet/src/pallet_library.cpp:1[m[K:
[01m[K/usr/include/boost/type_traits/detail/has_binary_operator.hpp:67:8:[m[K [01;36m[Knote: [m[K  ‘[01m[Kboost::detail::has_right_shift_impl::any[m[K’
 struct [01;36m[Kany[m[K { template <class T> any(T const&); };
        [01;36m[K^~~[m[K
[01m[K/home/loren.lyttle/tests/catkin_ws/src/add_pallet/src/pallet_library.cpp:25:18:[m[K [01;31m[Kerror: [m[Kwrong number of template arguments (1, should be at least 2)
 std::map<std::any[01;31m[K>[m[K string_to_type_map(std::map<std::string,std::string> m)
                  [01;31m[K^[m[K
In file included from [01m[K/usr/include/c++/7/map:61:0[m[K,
                 from [01m[K/opt/ros/melodic/include/ros/console.h:42[m[K,
                 from [01m[K/opt/ros/melodic/include/ros/ros.h:40[m[K,
                 from [01m[K/home/loren.lyttle/tests/catkin_ws/src/add_pallet/src/pallet_library.cpp:1[m[K:
[01m[K/usr/include/c++/7/bits/stl_map.h:99:11:[m[K [01;36m[Knote: [m[Kprovided for ‘[01m[Ktemplate<class _Key, class _Tp, class _Compare, class _Alloc> class std::map[m[K’
     class [01;36m[Kmap[m[K
           [01;36m[K^~~[m[K
[01m[K/home/loren.lyttle/tests/catkin_ws/src/add_pallet/src/pallet_library.cpp:[m[K In function ‘[01m[Kint string_to_type_map(std::map<std::__cxx11::basic_string<char>, std::__cxx11::basic_string<char> >)[m[K’:
[01m[K/home/loren.lyttle/tests/catkin_ws/src/add_pallet/src/pallet_library.cpp:27:31:[m[K [01;31m[Kerror: [m[K‘[01m[Kany[m[K’ is not a member of ‘[01m[Kstd[m[K’
     std::map<std::string,std::[01;31m[Kany[m[K> M;
                               [01;31m[K^~~[m[K
[01m[K/home/loren.lyttle/tests/catkin_ws/src/add_pallet/src/pallet_library.cpp:27:31:[m[K [01;36m[Knote: [m[Ksuggested alternatives:
In file included from [01m[K/home/loren.lyttle/tests/catkin_ws/devel/.private/add_pallet/include/add_pallet/dynamic_paramsConfig.h:26:0[m[K,
                 from [01m[K/home/loren.lyttle/tests/catkin_ws/src/add_pallet/src/pallet_library.cpp:12[m[K:
[01m[K/usr/include/boost/any.hpp:37:11:[m[K [01;36m[Knote: [m[K  ‘[01m[Kboost::any[m[K’
     class [01;36m[Kany[m[K
           [01;36m[K^~~[m[K
In file included from [01m[K/usr/include/boost/type_traits/has_plus.hpp:48:0[m[K,
                 from [01m[K/usr/include/boost/next_prior.hpp:21[m[K,
                 from [01m[K/usr/include/boost/utility.hpp:19[m[K,
                 from [01m[K/usr/include/boost/range/size.hpp:25[m[K,
                 from [01m[K/usr/include/boost/range/functions.hpp:20[m[K,
                 from [01m[K/usr/include/boost/range/iterator_range_core.hpp:38[m[K,
                 from [01m[K/usr/include/boost/lexical_cast.hpp:30[m[K,
                 from [01m[K/opt/ros/melodic/include/ros/transport_hints.h:34[m[K,
                 from [01m[K/opt/ros/melodic/include/ros/subscribe_options.h:33[m[K,
                 from [01m[K/opt/ros/melodic/include/ros/node_handle.h:42[m[K,
                 from [01m[K/opt/ros/melodic/include/ros/ros.h:45[m[K,
                 from [01m[K/home/loren.lyttle/tests/catkin_ws/src/add_pallet/src/pallet_library.cpp:1[m[K:
[01m[K/usr/include/boost/type_traits/detail/has_binary_operator.hpp:67:8:[m[K [01;36m[Knote: [m[K  ‘[01m[Kboost::detail::has_plus_impl::any[m[K’
 struct [01;36m[Kany[m[K { template <class T> any(T const&); };
        [01;36m[K^~~[m[K
In file included from [01m[K/usr/include/boost/type_traits/has_plus_assign.hpp:60:0[m[K,
                 from [01m[K/usr/include/boost/next_prior.hpp:22[m[K,
                 from [01m[K/usr/include/boost/utility.hpp:19[m[K,
                 from [01m[K/usr/include/boost/range/size.hpp:25[m[K,
                 from [01m[K/usr/include/boost/range/functions.hpp:20[m[K,
                 from [01m[K/usr/include/boost/range/iterator_range_core.hpp:38[m[K,
                 from [01m[K/usr/include/boost/lexical_cast.hpp:30[m[K,
                 from [01m[K/opt/ros/melodic/include/ros/transport_hints.h:34[m[K,
                 from [01m[K/opt/ros/melodic/include/ros/subscribe_options.h:33[m[K,
                 from [01m[K/opt/ros/melodic/include/ros/node_handle.h:42[m[K,
                 from [01m[K/opt/ros/melodic/include/ros/ros.h:45[m[K,
                 from [01m[K/home/loren.lyttle/tests/catkin_ws/src/add_pallet/src/pallet_library.cpp:1[m[K:
[01m[K/usr/include/boost/type_traits/detail/has_binary_operator.hpp:67:8:[m[K [01;36m[Knote: [m[K  ‘[01m[Kboost::detail::has_plus_assign_impl::any[m[K’
 struct [01;36m[Kany[m[K { template <class T> any(T const&); };
        [01;36m[K^~~[m[K
In file included from [01m[K/usr/include/boost/type_traits/has_minus.hpp:54:0[m[K,
                 from [01m[K/usr/include/boost/next_prior.hpp:23[m[K,
                 from [01m[K/usr/include/boost/utility.hpp:19[m[K,
                 from [01m[K/usr/include/boost/range/size.hpp:25[m[K,
                 from [01m[K/usr/include/boost/range/functions.hpp:20[m[K,
                 from [01m[K/usr/include/boost/range/iterator_range_core.hpp:38[m[K,
                 from [01m[K/usr/include/boost/lexical_cast.hpp:30[m[K,
                 from [01m[K/opt/ros/melodic/include/ros/transport_hints.h:34[m[K,
                 from [01m[K/opt/ros/melodic/include/ros/subscribe_options.h:33[m[K,
                 from [01m[K/opt/ros/melodic/include/ros/node_handle.h:42[m[K,
                 from [01m[K/opt/ros/melodic/include/ros/ros.h:45[m[K,
                 from [01m[K/home/loren.lyttle/tests/catkin_ws/src/add_pallet/src/pallet_library.cpp:1[m[K:
[01m[K/usr/include/boost/type_traits/detail/has_binary_operator.hpp:67:8:[m[K [01;36m[Knote: [m[K  ‘[01m[Kboost::detail::has_minus_impl::any[m[K’
 struct [01;36m[Kany[m[K { template <class T> any(T const&); };
        [01;36m[K^~~[m[K
In file included from [01m[K/usr/include/boost/type_traits/has_minus_assign.hpp:59:0[m[K,
                 from [01m[K/usr/include/boost/next_prior.hpp:24[m[K,
                 from [01m[K/usr/include/boost/utility.hpp:19[m[K,
                 from [01m[K/usr/include/boost/range/size.hpp:25[m[K,
                 from [01m[K/usr/include/boost/range/functions.hpp:20[m[K,
                 from [01m[K/usr/include/boost/range/iterator_range_core.hpp:38[m[K,
                 from [01m[K/usr/include/boost/lexical_cast.hpp:30[m[K,
                 from [01m[K/opt/ros/melodic/include/ros/transport_hints.h:34[m[K,
                 from [01m[K/opt/ros/melodic/include/ros/subscribe_options.h:33[m[K,
                 from [01m[K/opt/ros/melodic/include/ros/node_handle.h:42[m[K,
                 from [01m[K/opt/ros/melodic/include/ros/ros.h:45[m[K,
                 from [01m[K/home/loren.lyttle/tests/catkin_ws/src/add_pallet/src/pallet_library.cpp:1[m[K:
[01m[K/usr/include/boost/type_traits/detail/has_binary_operator.hpp:67:8:[m[K [01;36m[Knote: [m[K  ‘[01m[Kboost::detail::has_minus_assign_impl::any[m[K’
 struct [01;36m[Kany[m[K { template <class T> any(T const&); };
        [01;36m[K^~~[m[K
In file included from [01m[K/usr/include/boost/type_traits/has_left_shift.hpp:43:0[m[K,
                 from [01m[K/usr/include/boost/lexical_cast/detail/converter_lexical.hpp:38[m[K,
                 from [01m[K/usr/include/boost/lexical_cast/try_lexical_convert.hpp:42[m[K,
                 from [01m[K/usr/include/boost/lexical_cast.hpp:32[m[K,
                 from [01m[K/opt/ros/melodic/include/ros/transport_hints.h:34[m[K,
                 from [01m[K/opt/ros/melodic/include/ros/subscribe_options.h:33[m[K,
                 from [01m[K/opt/ros/melodic/include/ros/node_handle.h:42[m[K,
                 from [01m[K/opt/ros/melodic/include/ros/ros.h:45[m[K,
                 from [01m[K/home/loren.lyttle/tests/catkin_ws/src/add_pallet/src/pallet_library.cpp:1[m[K:
[01m[K/usr/include/boost/type_traits/detail/has_binary_operator.hpp:67:8:[m[K [01;36m[Knote: [m[K  ‘[01m[Kboost::detail::has_left_shift_impl::any[m[K’
 struct [01;36m[Kany[m[K { template <class T> any(T const&); };
        [01;36m[K^~~[m[K
In file included from [01m[K/usr/include/boost/type_traits/has_right_shift.hpp:43:0[m[K,
                 from [01m[K/usr/include/boost/lexical_cast/detail/converter_lexical.hpp:39[m[K,
                 from [01m[K/usr/include/boost/lexical_cast/try_lexical_convert.hpp:42[m[K,
                 from [01m[K/usr/include/boost/lexical_cast.hpp:32[m[K,
                 from [01m[K/opt/ros/melodic/include/ros/transport_hints.h:34[m[K,
                 from [01m[K/opt/ros/melodic/include/ros/subscribe_options.h:33[m[K,
                 from [01m[K/opt/ros/melodic/include/ros/node_handle.h:42[m[K,
                 from [01m[K/opt/ros/melodic/include/ros/ros.h:45[m[K,
                 from [01m[K/home/loren.lyttle/tests/catkin_ws/src/add_pallet/src/pallet_library.cpp:1[m[K:
[01m[K/usr/include/boost/type_traits/detail/has_binary_operator.hpp:67:8:[m[K [01;36m[Knote: [m[K  ‘[01m[Kboost::detail::has_right_shift_impl::any[m[K’
 struct [01;36m[Kany[m[K { template <class T> any(T const&); };
        [01;36m[K^~~[m[K
[01m[K/home/loren.lyttle/tests/catkin_ws/src/add_pallet/src/pallet_library.cpp:27:31:[m[K [01;31m[Kerror: [m[K‘[01m[Kany[m[K’ is not a member of ‘[01m[Kstd[m[K’
     std::map<std::string,std::[01;31m[Kany[m[K> M;
                               [01;31m[K^~~[m[K
[01m[K/home/loren.lyttle/tests/catkin_ws/src/add_pallet/src/pallet_library.cpp:27:31:[m[K [01;36m[Knote: [m[Ksuggested alternatives:
In file included from [01m[K/home/loren.lyttle/tests/catkin_ws/devel/.private/add_pallet/include/add_pallet/dynamic_paramsConfig.h:26:0[m[K,
                 from [01m[K/home/loren.lyttle/tests/catkin_ws/src/add_pallet/src/pallet_library.cpp:12[m[K:
[01m[K/usr/include/boost/any.hpp:37:11:[m[K [01;36m[Knote: [m[K  ‘[01m[Kboost::any[m[K’
     class [01;36m[Kany[m[K
           [01;36m[K^~~[m[K
In file included from [01m[K/usr/include/boost/type_traits/has_plus.hpp:48:0[m[K,
                 from [01m[K/usr/include/boost/next_prior.hpp:21[m[K,
                 from [01m[K/usr/include/boost/utility.hpp:19[m[K,
                 from [01m[K/usr/include/boost/range/size.hpp:25[m[K,
                 from [01m[K/usr/include/boost/range/functions.hpp:20[m[K,
                 from [01m[K/usr/include/boost/range/iterator_range_core.hpp:38[m[K,
                 from [01m[K/usr/include/boost/lexical_cast.hpp:30[m[K,
                 from [01m[K/opt/ros/melodic/include/ros/transport_hints.h:34[m[K,
                 from [01m[K/opt/ros/melodic/include/ros/subscribe_options.h:33[m[K,
                 from [01m[K/opt/ros/melodic/include/ros/node_handle.h:42[m[K,
                 from [01m[K/opt/ros/melodic/include/ros/ros.h:45[m[K,
                 from [01m[K/home/loren.lyttle/tests/catkin_ws/src/add_pallet/src/pallet_library.cpp:1[m[K:
[01m[K/usr/include/boost/type_traits/detail/has_binary_operator.hpp:67:8:[m[K [01;36m[Knote: [m[K  ‘[01m[Kboost::detail::has_plus_impl::any[m[K’
 struct [01;36m[Kany[m[K { template <class T> any(T const&); };
        [01;36m[K^~~[m[K
In file included from [01m[K/usr/include/boost/type_traits/has_plus_assign.hpp:60:0[m[K,
                 from [01m[K/usr/include/boost/next_prior.hpp:22[m[K,
                 from [01m[K/usr/include/boost/utility.hpp:19[m[K,
                 from [01m[K/usr/include/boost/range/size.hpp:25[m[K,
                 from [01m[K/usr/include/boost/range/functions.hpp:20[m[K,
                 from [01m[K/usr/include/boost/range/iterator_range_core.hpp:38[m[K,
                 from [01m[K/usr/include/boost/lexical_cast.hpp:30[m[K,
                 from [01m[K/opt/ros/melodic/include/ros/transport_hints.h:34[m[K,
                 from [01m[K/opt/ros/melodic/include/ros/subscribe_options.h:33[m[K,
                 from [01m[K/opt/ros/melodic/include/ros/node_handle.h:42[m[K,
                 from [01m[K/opt/ros/melodic/include/ros/ros.h:45[m[K,
                 from [01m[K/home/loren.lyttle/tests/catkin_ws/src/add_pallet/src/pallet_library.cpp:1[m[K:
[01m[K/usr/include/boost/type_traits/detail/has_binary_operator.hpp:67:8:[m[K [01;36m[Knote: [m[K  ‘[01m[Kboost::detail::has_plus_assign_impl::any[m[K’
 struct [01;36m[Kany[m[K { template <class T> any(T const&); };
        [01;36m[K^~~[m[K
In file included from [01m[K/usr/include/boost/type_traits/has_minus.hpp:54:0[m[K,
                 from [01m[K/usr/include/boost/next_prior.hpp:23[m[K,
                 from [01m[K/usr/include/boost/utility.hpp:19[m[K,
                 from [01m[K/usr/include/boost/range/size.hpp:25[m[K,
                 from [01m[K/usr/include/boost/range/functions.hpp:20[m[K,
                 from [01m[K/usr/include/boost/range/iterator_range_core.hpp:38[m[K,
                 from [01m[K/usr/include/boost/lexical_cast.hpp:30[m[K,
                 from [01m[K/opt/ros/melodic/include/ros/transport_hints.h:34[m[K,
                 from [01m[K/opt/ros/melodic/include/ros/subscribe_options.h:33[m[K,
                 from [01m[K/opt/ros/melodic/include/ros/node_handle.h:42[m[K,
                 from [01m[K/opt/ros/melodic/include/ros/ros.h:45[m[K,
                 from [01m[K/home/loren.lyttle/tests/catkin_ws/src/add_pallet/src/pallet_library.cpp:1[m[K:
[01m[K/usr/include/boost/type_traits/detail/has_binary_operator.hpp:67:8:[m[K [01;36m[Knote: [m[K  ‘[01m[Kboost::detail::has_minus_impl::any[m[K’
 struct [01;36m[Kany[m[K { template <class T> any(T const&); };
        [01;36m[K^~~[m[K
In file included from [01m[K/usr/include/boost/type_traits/has_minus_assign.hpp:59:0[m[K,
                 from [01m[K/usr/include/boost/next_prior.hpp:24[m[K,
                 from [01m[K/usr/include/boost/utility.hpp:19[m[K,
                 from [01m[K/usr/include/boost/range/size.hpp:25[m[K,
                 from [01m[K/usr/include/boost/range/functions.hpp:20[m[K,
                 from [01m[K/usr/include/boost/range/iterator_range_core.hpp:38[m[K,
                 from [01m[K/usr/include/boost/lexical_cast.hpp:30[m[K,
                 from [01m[K/opt/ros/melodic/include/ros/transport_hints.h:34[m[K,
                 from [01m[K/opt/ros/melodic/include/ros/subscribe_options.h:33[m[K,
                 from [01m[K/opt/ros/melodic/include/ros/node_handle.h:42[m[K,
                 from [01m[K/opt/ros/melodic/include/ros/ros.h:45[m[K,
                 from [01m[K/home/loren.lyttle/tests/catkin_ws/src/add_pallet/src/pallet_library.cpp:1[m[K:
[01m[K/usr/include/boost/type_traits/detail/has_binary_operator.hpp:67:8:[m[K [01;36m[Knote: [m[K  ‘[01m[Kboost::detail::has_minus_assign_impl::any[m[K’
 struct [01;36m[Kany[m[K { template <class T> any(T const&); };
        [01;36m[K^~~[m[K
In file included from [01m[K/usr/include/boost/type_traits/has_left_shift.hpp:43:0[m[K,
                 from [01m[K/usr/include/boost/lexical_cast/detail/converter_lexical.hpp:38[m[K,
                 from [01m[K/usr/include/boost/lexical_cast/try_lexical_convert.hpp:42[m[K,
                 from [01m[K/usr/include/boost/lexical_cast.hpp:32[m[K,
                 from [01m[K/opt/ros/melodic/include/ros/transport_hints.h:34[m[K,
                 from [01m[K/opt/ros/melodic/include/ros/subscribe_options.h:33[m[K,
                 from [01m[K/opt/ros/melodic/include/ros/node_handle.h:42[m[K,
                 from [01m[K/opt/ros/melodic/include/ros/ros.h:45[m[K,
                 from [01m[K/home/loren.lyttle/tests/catkin_ws/src/add_pallet/src/pallet_library.cpp:1[m[K:
[01m[K/usr/include/boost/type_traits/detail/has_binary_operator.hpp:67:8:[m[K [01;36m[Knote: [m[K  ‘[01m[Kboost::detail::has_left_shift_impl::any[m[K’
 struct [01;36m[Kany[m[K { template <class T> any(T const&); };
        [01;36m[K^~~[m[K
In file included from [01m[K/usr/include/boost/type_traits/has_right_shift.hpp:43:0[m[K,
                 from [01m[K/usr/include/boost/lexical_cast/detail/converter_lexical.hpp:39[m[K,
                 from [01m[K/usr/include/boost/lexical_cast/try_lexical_convert.hpp:42[m[K,
                 from [01m[K/usr/include/boost/lexical_cast.hpp:32[m[K,
                 from [01m[K/opt/ros/melodic/include/ros/transport_hints.h:34[m[K,
                 from [01m[K/opt/ros/melodic/include/ros/subscribe_options.h:33[m[K,
                 from [01m[K/opt/ros/melodic/include/ros/node_handle.h:42[m[K,
                 from [01m[K/opt/ros/melodic/include/ros/ros.h:45[m[K,
                 from [01m[K/home/loren.lyttle/tests/catkin_ws/src/add_pallet/src/pallet_library.cpp:1[m[K:
[01m[K/usr/include/boost/type_traits/detail/has_binary_operator.hpp:67:8:[m[K [01;36m[Knote: [m[K  ‘[01m[Kboost::detail::has_right_shift_impl::any[m[K’
 struct [01;36m[Kany[m[K { template <class T> any(T const&); };
        [01;36m[K^~~[m[K
[01m[K/home/loren.lyttle/tests/catkin_ws/src/add_pallet/src/pallet_library.cpp:27:34:[m[K [01;31m[Kerror: [m[Ktemplate argument 2 is invalid
     std::map<std::string,std::any[01;31m[K>[m[K M;
                                  [01;31m[K^[m[K
[01m[K/home/loren.lyttle/tests/catkin_ws/src/add_pallet/src/pallet_library.cpp:27:34:[m[K [01;31m[Kerror: [m[Ktemplate argument 4 is invalid
[01m[K/home/loren.lyttle/tests/catkin_ws/src/add_pallet/src/pallet_library.cpp:43:24:[m[K [01;31m[Kerror: [m[K‘[01m[Kclass std::__cxx11::basic_string<char>[m[K’ has no member named ‘[01m[Kas[m[K’; did you mean ‘[01m[Kat[m[K’?
         s = it->second.[01;31m[Kas[m[K<std::string>();
                        [01;31m[K^~[m[K
                        [32m[Kat[m[K
[01m[K/home/loren.lyttle/tests/catkin_ws/src/add_pallet/src/pallet_library.cpp:43:38:[m[K [01;31m[Kerror: [m[Kexpected primary-expression before ‘[01m[K>[m[K’ token
         s = it->second.as<std::string[01;31m[K>[m[K();
                                      [01;31m[K^[m[K
[01m[K/home/loren.lyttle/tests/catkin_ws/src/add_pallet/src/pallet_library.cpp:43:40:[m[K [01;31m[Kerror: [m[Kexpected primary-expression before ‘[01m[K)[m[K’ token
         s = it->second.as<std::string>([01;31m[K)[m[K;
                                        [01;31m[K^[m[K
[01m[K/home/loren.lyttle/tests/catkin_ws/src/add_pallet/src/pallet_library.cpp:55:15:[m[K [01;31m[Kerror: [m[Krequest for member ‘[01m[Kemplace[m[K’ in ‘[01m[KM[m[K’, which is of non-class type ‘[01m[Kint[m[K’
             M.[01;31m[Kemplace[m[K(key, val);
               [01;31m[K^~~~~~~[m[K
[01m[K/home/loren.lyttle/tests/catkin_ws/src/add_pallet/src/pallet_library.cpp:[m[K In function ‘[01m[Kvoid dynamic_callback(add_pallet::dynamic_paramsConfig&, uint32_t)[m[K’:
[01m[K/home/loren.lyttle/tests/catkin_ws/src/add_pallet/src/pallet_library.cpp:75:31:[m[K [01;31m[Kerror: [m[K‘[01m[Kany[m[K’ is not a member of ‘[01m[Kstd[m[K’
     std::map<std::string,std::[01;31m[Kany[m[K> M = string_to_type_map<bool, double, int>(write_map);
                               [01;31m[K^~~[m[K
[01m[K/home/loren.lyttle/tests/catkin_ws/src/add_pallet/src/pallet_library.cpp:75:31:[m[K [01;36m[Knote: [m[Ksuggested alternatives:
In file included from [01m[K/home/loren.lyttle/tests/catkin_ws/devel/.private/add_pallet/include/add_pallet/dynamic_paramsConfig.h:26:0[m[K,
                 from [01m[K/home/loren.lyttle/tests/catkin_ws/src/add_pallet/src/pallet_library.cpp:12[m[K:
[01m[K/usr/include/boost/any.hpp:37:11:[m[K [01;36m[Knote: [m[K  ‘[01m[Kboost::any[m[K’
     class [01;36m[Kany[m[K
           [01;36m[K^~~[m[K
In file included from [01m[K/usr/include/boost/type_traits/has_plus.hpp:48:0[m[K,
                 from [01m[K/usr/include/boost/next_prior.hpp:21[m[K,
                 from [01m[K/usr/include/boost/utility.hpp:19[m[K,
                 from [01m[K/usr/include/boost/range/size.hpp:25[m[K,
                 from [01m[K/usr/include/boost/range/functions.hpp:20[m[K,
                 from [01m[K/usr/include/boost/range/iterator_range_core.hpp:38[m[K,
                 from [01m[K/usr/include/boost/lexical_cast.hpp:30[m[K,
                 from [01m[K/opt/ros/melodic/include/ros/transport_hints.h:34[m[K,
                 from [01m[K/opt/ros/melodic/include/ros/subscribe_options.h:33[m[K,
                 from [01m[K/opt/ros/melodic/include/ros/node_handle.h:42[m[K,
                 from [01m[K/opt/ros/melodic/include/ros/ros.h:45[m[K,
                 from [01m[K/home/loren.lyttle/tests/catkin_ws/src/add_pallet/src/pallet_library.cpp:1[m[K:
[01m[K/usr/include/boost/type_traits/detail/has_binary_operator.hpp:67:8:[m[K [01;36m[Knote: [m[K  ‘[01m[Kboost::detail::has_plus_impl::any[m[K’
 struct [01;36m[Kany[m[K { template <class T> any(T const&); };
        [01;36m[K^~~[m[K
In file included from [01m[K/usr/include/boost/type_traits/has_plus_assign.hpp:60:0[m[K,
                 from [01m[K/usr/include/boost/next_prior.hpp:22[m[K,
                 from [01m[K/usr/include/boost/utility.hpp:19[m[K,
                 from [01m[K/usr/include/boost/range/size.hpp:25[m[K,
                 from [01m[K/usr/include/boost/range/functions.hpp:20[m[K,
                 from [01m[K/usr/include/boost/range/iterator_range_core.hpp:38[m[K,
                 from [01m[K/usr/include/boost/lexical_cast.hpp:30[m[K,
                 from [01m[K/opt/ros/melodic/include/ros/transport_hints.h:34[m[K,
                 from [01m[K/opt/ros/melodic/include/ros/subscribe_options.h:33[m[K,
                 from [01m[K/opt/ros/melodic/include/ros/node_handle.h:42[m[K,
                 from [01m[K/opt/ros/melodic/include/ros/ros.h:45[m[K,
                 from [01m[K/home/loren.lyttle/tests/catkin_ws/src/add_pallet/src/pallet_library.cpp:1[m[K:
[01m[K/usr/include/boost/type_traits/detail/has_binary_operator.hpp:67:8:[m[K [01;36m[Knote: [m[K  ‘[01m[Kboost::detail::has_plus_assign_impl::any[m[K’
 struct [01;36m[Kany[m[K { template <class T> any(T const&); };
        [01;36m[K^~~[m[K
In file included from [01m[K/usr/include/boost/type_traits/has_minus.hpp:54:0[m[K,
                 from [01m[K/usr/include/boost/next_prior.hpp:23[m[K,
                 from [01m[K/usr/include/boost/utility.hpp:19[m[K,
                 from [01m[K/usr/include/boost/range/size.hpp:25[m[K,
                 from [01m[K/usr/include/boost/range/functions.hpp:20[m[K,
                 from [01m[K/usr/include/boost/range/iterator_range_core.hpp:38[m[K,
                 from [01m[K/usr/include/boost/lexical_cast.hpp:30[m[K,
                 from [01m[K/opt/ros/melodic/include/ros/transport_hints.h:34[m[K,
                 from [01m[K/opt/ros/melodic/include/ros/subscribe_options.h:33[m[K,
                 from [01m[K/opt/ros/melodic/include/ros/node_handle.h:42[m[K,
                 from [01m[K/opt/ros/melodic/include/ros/ros.h:45[m[K,
                 from [01m[K/home/loren.lyttle/tests/catkin_ws/src/add_pallet/src/pallet_library.cpp:1[m[K:
[01m[K/usr/include/boost/type_traits/detail/has_binary_operator.hpp:67:8:[m[K [01;36m[Knote: [m[K  ‘[01m[Kboost::detail::has_minus_impl::any[m[K’
 struct [01;36m[Kany[m[K { template <class T> any(T const&); };
        [01;36m[K^~~[m[K
In file included from [01m[K/usr/include/boost/type_traits/has_minus_assign.hpp:59:0[m[K,
                 from [01m[K/usr/include/boost/next_prior.hpp:24[m[K,
                 from [01m[K/usr/include/boost/utility.hpp:19[m[K,
                 from [01m[K/usr/include/boost/range/size.hpp:25[m[K,
                 from [01m[K/usr/include/boost/range/functions.hpp:20[m[K,
                 from [01m[K/usr/include/boost/range/iterator_range_core.hpp:38[m[K,
                 from [01m[K/usr/include/boost/lexical_cast.hpp:30[m[K,
                 from [01m[K/opt/ros/melodic/include/ros/transport_hints.h:34[m[K,
                 from [01m[K/opt/ros/melodic/include/ros/subscribe_options.h:33[m[K,
                 from [01m[K/opt/ros/melodic/include/ros/node_handle.h:42[m[K,
                 from [01m[K/opt/ros/melodic/include/ros/ros.h:45[m[K,
                 from [01m[K/home/loren.lyttle/tests/catkin_ws/src/add_pallet/src/pallet_library.cpp:1[m[K:
[01m[K/usr/include/boost/type_traits/detail/has_binary_operator.hpp:67:8:[m[K [01;36m[Knote: [m[K  ‘[01m[Kboost::detail::has_minus_assign_impl::any[m[K’
 struct [01;36m[Kany[m[K { template <class T> any(T const&); };
        [01;36m[K^~~[m[K
In file included from [01m[K/usr/include/boost/type_traits/has_left_shift.hpp:43:0[m[K,
                 from [01m[K/usr/include/boost/lexical_cast/detail/converter_lexical.hpp:38[m[K,
                 from [01m[K/usr/include/boost/lexical_cast/try_lexical_convert.hpp:42[m[K,
                 from [01m[K/usr/include/boost/lexical_cast.hpp:32[m[K,
                 from [01m[K/opt/ros/melodic/include/ros/transport_hints.h:34[m[K,
                 from [01m[K/opt/ros/melodic/include/ros/subscribe_options.h:33[m[K,
                 from [01m[K/opt/ros/melodic/include/ros/node_handle.h:42[m[K,
                 from [01m[K/opt/ros/melodic/include/ros/ros.h:45[m[K,
                 from [01m[K/home/loren.lyttle/tests/catkin_ws/src/add_pallet/src/pallet_library.cpp:1[m[K:
[01m[K/usr/include/boost/type_traits/detail/has_binary_operator.hpp:67:8:[m[K [01;36m[Knote: [m[K  ‘[01m[Kboost::detail::has_left_shift_impl::any[m[K’
 struct [01;36m[Kany[m[K { template <class T> any(T const&); };
        [01;36m[K^~~[m[K
In file included from [01m[K/usr/include/boost/type_traits/has_right_shift.hpp:43:0[m[K,
                 from [01m[K/usr/include/boost/lexical_cast/detail/converter_lexical.hpp:39[m[K,
                 from [01m[K/usr/include/boost/lexical_cast/try_lexical_convert.hpp:42[m[K,
                 from [01m[K/usr/include/boost/lexical_cast.hpp:32[m[K,
                 from [01m[K/opt/ros/melodic/include/ros/transport_hints.h:34[m[K,
                 from [01m[K/opt/ros/melodic/include/ros/subscribe_options.h:33[m[K,
                 from [01m[K/opt/ros/melodic/include/ros/node_handle.h:42[m[K,
                 from [01m[K/opt/ros/melodic/include/ros/ros.h:45[m[K,
                 from [01m[K/home/loren.lyttle/tests/catkin_ws/src/add_pallet/src/pallet_library.cpp:1[m[K:
[01m[K/usr/include/boost/type_traits/detail/has_binary_operator.hpp:67:8:[m[K [01;36m[Knote: [m[K  ‘[01m[Kboost::detail::has_right_shift_impl::any[m[K’
 struct [01;36m[Kany[m[K { template <class T> any(T const&); };
        [01;36m[K^~~[m[K
[01m[K/home/loren.lyttle/tests/catkin_ws/src/add_pallet/src/pallet_library.cpp:75:31:[m[K [01;31m[Kerror: [m[K‘[01m[Kany[m[K’ is not a member of ‘[01m[Kstd[m[K’
     std::map<std::string,std::[01;31m[Kany[m[K> M = string_to_type_map<bool, double, int>(write_map);
                               [01;31m[K^~~[m[K
[01m[K/home/loren.lyttle/tests/catkin_ws/src/add_pallet/src/pallet_library.cpp:75:31:[m[K [01;36m[Knote: [m[Ksuggested alternatives:
In file included from [01m[K/home/loren.lyttle/tests/catkin_ws/devel/.private/add_pallet/include/add_pallet/dynamic_paramsConfig.h:26:0[m[K,
                 from [01m[K/home/loren.lyttle/tests/catkin_ws/src/add_pallet/src/pallet_library.cpp:12[m[K:
[01m[K/usr/include/boost/any.hpp:37:11:[m[K [01;36m[Knote: [m[K  ‘[01m[Kboost::any[m[K’
     class [01;36m[Kany[m[K
           [01;36m[K^~~[m[K
In file included from [01m[K/usr/include/boost/type_traits/has_plus.hpp:48:0[m[K,
                 from [01m[K/usr/include/boost/next_prior.hpp:21[m[K,
                 from [01m[K/usr/include/boost/utility.hpp:19[m[K,
                 from [01m[K/usr/include/boost/range/size.hpp:25[m[K,
                 from [01m[K/usr/include/boost/range/functions.hpp:20[m[K,
                 from [01m[K/usr/include/boost/range/iterator_range_core.hpp:38[m[K,
                 from [01m[K/usr/include/boost/lexical_cast.hpp:30[m[K,
                 from [01m[K/opt/ros/melodic/include/ros/transport_hints.h:34[m[K,
                 from [01m[K/opt/ros/melodic/include/ros/subscribe_options.h:33[m[K,
                 from [01m[K/opt/ros/melodic/include/ros/node_handle.h:42[m[K,
                 from [01m[K/opt/ros/melodic/include/ros/ros.h:45[m[K,
                 from [01m[K/home/loren.lyttle/tests/catkin_ws/src/add_pallet/src/pallet_library.cpp:1[m[K:
[01m[K/usr/include/boost/type_traits/detail/has_binary_operator.hpp:67:8:[m[K [01;36m[Knote: [m[K  ‘[01m[Kboost::detail::has_plus_impl::any[m[K’
 struct [01;36m[Kany[m[K { template <class T> any(T const&); };
        [01;36m[K^~~[m[K
In file included from [01m[K/usr/include/boost/type_traits/has_plus_assign.hpp:60:0[m[K,
                 from [01m[K/usr/include/boost/next_prior.hpp:22[m[K,
                 from [01m[K/usr/include/boost/utility.hpp:19[m[K,
                 from [01m[K/usr/include/boost/range/size.hpp:25[m[K,
                 from [01m[K/usr/include/boost/range/functions.hpp:20[m[K,
                 from [01m[K/usr/include/boost/range/iterator_range_core.hpp:38[m[K,
                 from [01m[K/usr/include/boost/lexical_cast.hpp:30[m[K,
                 from [01m[K/opt/ros/melodic/include/ros/transport_hints.h:34[m[K,
                 from [01m[K/opt/ros/melodic/include/ros/subscribe_options.h:33[m[K,
                 from [01m[K/opt/ros/melodic/include/ros/node_handle.h:42[m[K,
                 from [01m[K/opt/ros/melodic/include/ros/ros.h:45[m[K,
                 from [01m[K/home/loren.lyttle/tests/catkin_ws/src/add_pallet/src/pallet_library.cpp:1[m[K:
[01m[K/usr/include/boost/type_traits/detail/has_binary_operator.hpp:67:8:[m[K [01;36m[Knote: [m[K  ‘[01m[Kboost::detail::has_plus_assign_impl::any[m[K’
 struct [01;36m[Kany[m[K { template <class T> any(T const&); };
        [01;36m[K^~~[m[K
In file included from [01m[K/usr/include/boost/type_traits/has_minus.hpp:54:0[m[K,
                 from [01m[K/usr/include/boost/next_prior.hpp:23[m[K,
                 from [01m[K/usr/include/boost/utility.hpp:19[m[K,
                 from [01m[K/usr/include/boost/range/size.hpp:25[m[K,
                 from [01m[K/usr/include/boost/range/functions.hpp:20[m[K,
                 from [01m[K/usr/include/boost/range/iterator_range_core.hpp:38[m[K,
                 from [01m[K/usr/include/boost/lexical_cast.hpp:30[m[K,
                 from [01m[K/opt/ros/melodic/include/ros/transport_hints.h:34[m[K,
                 from [01m[K/opt/ros/melodic/include/ros/subscribe_options.h:33[m[K,
                 from [01m[K/opt/ros/melodic/include/ros/node_handle.h:42[m[K,
                 from [01m[K/opt/ros/melodic/include/ros/ros.h:45[m[K,
                 from [01m[K/home/loren.lyttle/tests/catkin_ws/src/add_pallet/src/pallet_library.cpp:1[m[K:
[01m[K/usr/include/boost/type_traits/detail/has_binary_operator.hpp:67:8:[m[K [01;36m[Knote: [m[K  ‘[01m[Kboost::detail::has_minus_impl::any[m[K’
 struct [01;36m[Kany[m[K { template <class T> any(T const&); };
        [01;36m[K^~~[m[K
In file included from [01m[K/usr/include/boost/type_traits/has_minus_assign.hpp:59:0[m[K,
                 from [01m[K/usr/include/boost/next_prior.hpp:24[m[K,
                 from [01m[K/usr/include/boost/utility.hpp:19[m[K,
                 from [01m[K/usr/include/boost/range/size.hpp:25[m[K,
                 from [01m[K/usr/include/boost/range/functions.hpp:20[m[K,
                 from [01m[K/usr/include/boost/range/iterator_range_core.hpp:38[m[K,
                 from [01m[K/usr/include/boost/lexical_cast.hpp:30[m[K,
                 from [01m[K/opt/ros/melodic/include/ros/transport_hints.h:34[m[K,
                 from [01m[K/opt/ros/melodic/include/ros/subscribe_options.h:33[m[K,
                 from [01m[K/opt/ros/melodic/include/ros/node_handle.h:42[m[K,
                 from [01m[K/opt/ros/melodic/include/ros/ros.h:45[m[K,
                 from [01m[K/home/loren.lyttle/tests/catkin_ws/src/add_pallet/src/pallet_library.cpp:1[m[K:
[01m[K/usr/include/boost/type_traits/detail/has_binary_operator.hpp:67:8:[m[K [01;36m[Knote: [m[K  ‘[01m[Kboost::detail::has_minus_assign_impl::any[m[K’
 struct [01;36m[Kany[m[K { template <class T> any(T const&); };
        [01;36m[K^~~[m[K
In file included from [01m[K/usr/include/boost/type_traits/has_left_shift.hpp:43:0[m[K,
                 from [01m[K/usr/include/boost/lexical_cast/detail/converter_lexical.hpp:38[m[K,
                 from [01m[K/usr/include/boost/lexical_cast/try_lexical_convert.hpp:42[m[K,
                 from [01m[K/usr/include/boost/lexical_cast.hpp:32[m[K,
                 from [01m[K/opt/ros/melodic/include/ros/transport_hints.h:34[m[K,
                 from [01m[K/opt/ros/melodic/include/ros/subscribe_options.h:33[m[K,
                 from [01m[K/opt/ros/melodic/include/ros/node_handle.h:42[m[K,
                 from [01m[K/opt/ros/melodic/include/ros/ros.h:45[m[K,
                 from [01m[K/home/loren.lyttle/tests/catkin_ws/src/add_pallet/src/pallet_library.cpp:1[m[K:
[01m[K/usr/include/boost/type_traits/detail/has_binary_operator.hpp:67:8:[m[K [01;36m[Knote: [m[K  ‘[01m[Kboost::detail::has_left_shift_impl::any[m[K’
 struct [01;36m[Kany[m[K { template <class T> any(T const&); };
        [01;36m[K^~~[m[K
In file included from [01m[K/usr/include/boost/type_traits/has_right_shift.hpp:43:0[m[K,
                 from [01m[K/usr/include/boost/lexical_cast/detail/converter_lexical.hpp:39[m[K,
                 from [01m[K/usr/include/boost/lexical_cast/try_lexical_convert.hpp:42[m[K,
                 from [01m[K/usr/include/boost/lexical_cast.hpp:32[m[K,
                 from [01m[K/opt/ros/melodic/include/ros/transport_hints.h:34[m[K,
                 from [01m[K/opt/ros/melodic/include/ros/subscribe_options.h:33[m[K,
                 from [01m[K/opt/ros/melodic/include/ros/node_handle.h:42[m[K,
                 from [01m[K/opt/ros/melodic/include/ros/ros.h:45[m[K,
                 from [01m[K/home/loren.lyttle/tests/catkin_ws/src/add_pallet/src/pallet_library.cpp:1[m[K:
[01m[K/usr/include/boost/type_traits/detail/has_binary_operator.hpp:67:8:[m[K [01;36m[Knote: [m[K  ‘[01m[Kboost::detail::has_right_shift_impl::any[m[K’
 struct [01;36m[Kany[m[K { template <class T> any(T const&); };
        [01;36m[K^~~[m[K
[01m[K/home/loren.lyttle/tests/catkin_ws/src/add_pallet/src/pallet_library.cpp:75:34:[m[K [01;31m[Kerror: [m[Ktemplate argument 2 is invalid
     std::map<std::string,std::any[01;31m[K>[m[K M = string_to_type_map<bool, double, int>(write_map);
                                  [01;31m[K^[m[K
[01m[K/home/loren.lyttle/tests/catkin_ws/src/add_pallet/src/pallet_library.cpp:75:34:[m[K [01;31m[Kerror: [m[Ktemplate argument 4 is invalid
[01m[K/home/loren.lyttle/tests/catkin_ws/src/add_pallet/src/pallet_library.cpp:75:87:[m[K [01;31m[Kerror: [m[Kno matching function for call to ‘[01m[Kstring_to_type_map<bool, double, int>(std::map<std::__cxx11::basic_string<char>, std::__cxx11::basic_string<char> >&)[m[K’
     std::map<std::string,std::any> M = string_to_type_map<bool, double, int>(write_map[01;31m[K)[m[K;
                                                                                       [01;31m[K^[m[K
[01m[K/home/loren.lyttle/tests/catkin_ws/src/add_pallet/src/pallet_library.cpp:25:20:[m[K [01;36m[Knote: [m[Kcandidate: template<class T1, <typeprefixerror><anonymous>, <typeprefixerror><anonymous> > int string_to_type_map(std::map<std::__cxx11::basic_string<char>, std::__cxx11::basic_string<char> >)
 std::map<std::any> [01;36m[Kstring_to_type_map[m[K(std::map<std::string,std::string> m)
                    [01;36m[K^~~~~~~~~~~~~~~~~~[m[K
[01m[K/home/loren.lyttle/tests/catkin_ws/src/add_pallet/src/pallet_library.cpp:25:20:[m[K [01;36m[Knote: [m[K  template argument deduction/substitution failed:
[01m[K/home/loren.lyttle/tests/catkin_ws/src/add_pallet/src/pallet_library.cpp:77:24:[m[K [01;31m[Kerror: [m[K‘[01m[Kbegin[m[K’ was not declared in this scope
     for(auto const& p: [01;31m[KM[m[K)
                        [01;31m[K^[m[K
[01m[K/home/loren.lyttle/tests/catkin_ws/src/add_pallet/src/pallet_library.cpp:77:24:[m[K [01;36m[Knote: [m[Ksuggested alternatives:
In file included from [01m[K/usr/include/c++/7/string:51:0[m[K,
                 from [01m[K/opt/ros/melodic/include/ros/platform.h:38[m[K,
                 from [01m[K/opt/ros/melodic/include/ros/time.h:53[m[K,
                 from [01m[K/opt/ros/melodic/include/ros/ros.h:38[m[K,
                 from [01m[K/home/loren.lyttle/tests/catkin_ws/src/add_pallet/src/pallet_library.cpp:1[m[K:
[01m[K/usr/include/c++/7/bits/range_access.h:105:37:[m[K [01;36m[Knote: [m[K  ‘[01m[Kstd::begin[m[K’
   template<typename _Tp> const _Tp* [01;36m[Kbegin[m[K(const valarray<_Tp>&);
                                     [01;36m[K^~~~~[m[K
[01m[K/usr/include/c++/7/bits/range_access.h:105:37:[m[K [01;36m[Knote: [m[K  ‘[01m[Kstd::begin[m[K’
In file included from [01m[K/usr/include/boost/range/functions.hpp:18:0[m[K,
                 from [01m[K/usr/include/boost/range/iterator_range_core.hpp:38[m[K,
                 from [01m[K/usr/include/boost/lexical_cast.hpp:30[m[K,
                 from [01m[K/opt/ros/melodic/include/ros/transport_hints.h:34[m[K,
                 from [01m[K/opt/ros/melodic/include/ros/subscribe_options.h:33[m[K,
                 from [01m[K/opt/ros/melodic/include/ros/node_handle.h:42[m[K,
                 from [01m[K/opt/ros/melodic/include/ros/ros.h:45[m[K,
                 from [01m[K/home/loren.lyttle/tests/catkin_ws/src/add_pallet/src/pallet_library.cpp:1[m[K:
[01m[K/usr/include/boost/range/begin.hpp:106:61:[m[K [01;36m[Knote: [m[K  ‘[01m[Kboost::range_adl_barrier::begin[m[K’
 inline BOOST_DEDUCED_TYPENAME range_iterator<const T>::type [01;36m[Kbegin[m[K( const T& r )
                                                             [01;36m[K^~~~~[m[K
In file included from [01m[K/usr/include/boost/mpl/list/aux_/begin_end.hpp:17:0[m[K,
                 from [01m[K/usr/include/boost/mpl/list/list0.hpp:27[m[K,
                 from [01m[K/usr/include/boost/mpl/list/list10.hpp:18[m[K,
                 from [01m[K/usr/include/boost/mpl/list/list20.hpp:18[m[K,
                 from [01m[K/usr/include/boost/mpl/list.hpp:36[m[K,
                 from [01m[K/usr/include/boost/math/policies/policy.hpp:9[m[K,
                 from [01m[K/usr/include/boost/math/policies/error_handling.hpp:21[m[K,
                 from [01m[K/usr/include/boost/math/special_functions/round.hpp:14[m[K,
                 from [01m[K/opt/ros/melodic/include/ros/time.h:58[m[K,
                 from [01m[K/opt/ros/melodic/include/ros/ros.h:38[m[K,
                 from [01m[K/home/loren.lyttle/tests/catkin_ws/src/add_pallet/src/pallet_library.cpp:1[m[K:
[01m[K/usr/include/boost/mpl/begin_end_fwd.hpp:22:38:[m[K [01;36m[Knote: [m[K  ‘[01m[Kboost::mpl::begin[m[K’
 template< typename Sequence > struct [01;36m[Kbegin[m[K;
                                      [01;36m[K^~~~~[m[K
In file included from [01m[K/usr/include/boost/range/functions.hpp:18:0[m[K,
                 from [01m[K/usr/include/boost/range/iterator_range_core.hpp:38[m[K,
                 from [01m[K/usr/include/boost/lexical_cast.hpp:30[m[K,
                 from [01m[K/opt/ros/melodic/include/ros/transport_hints.h:34[m[K,
                 from [01m[K/opt/ros/melodic/include/ros/subscribe_options.h:33[m[K,
                 from [01m[K/opt/ros/melodic/include/ros/node_handle.h:42[m[K,
                 from [01m[K/opt/ros/melodic/include/ros/ros.h:45[m[K,
                 from [01m[K/home/loren.lyttle/tests/catkin_ws/src/add_pallet/src/pallet_library.cpp:1[m[K:
[01m[K/usr/include/boost/range/begin.hpp:106:61:[m[K [01;36m[Knote: [m[K  ‘[01m[Kboost::range_adl_barrier::begin[m[K’
 inline BOOST_DEDUCED_TYPENAME range_iterator<const T>::type [01;36m[Kbegin[m[K( const T& r )
                                                             [01;36m[K^~~~~[m[K
[01m[K/home/loren.lyttle/tests/catkin_ws/src/add_pallet/src/pallet_library.cpp:77:24:[m[K [01;31m[Kerror: [m[K‘[01m[Kend[m[K’ was not declared in this scope
     for(auto const& p: [01;31m[KM[m[K)
                        [01;31m[K^[m[K
[01m[K/home/loren.lyttle/tests/catkin_ws/src/add_pallet/src/pallet_library.cpp:77:24:[m[K [01;36m[Knote: [m[Ksuggested alternatives:
In file included from [01m[K/usr/include/c++/7/string:51:0[m[K,
                 from [01m[K/opt/ros/melodic/include/ros/platform.h:38[m[K,
                 from [01m[K/opt/ros/melodic/include/ros/time.h:53[m[K,
                 from [01m[K/opt/ros/melodic/include/ros/ros.h:38[m[K,
                 from [01m[K/home/loren.lyttle/tests/catkin_ws/src/add_pallet/src/pallet_library.cpp:1[m[K:
[01m[K/usr/include/c++/7/bits/range_access.h:107:37:[m[K [01;36m[Knote: [m[K  ‘[01m[Kstd::end[m[K’
   template<typename _Tp> const _Tp* [01;36m[Kend[m[K(const valarray<_Tp>&);
                                     [01;36m[K^~~[m[K
[01m[K/usr/include/c++/7/bits/range_access.h:107:37:[m[K [01;36m[Knote: [m[K  ‘[01m[Kstd::end[m[K’
In file included from [01m[K/usr/include/boost/range/functions.hpp:19:0[m[K,
                 from [01m[K/usr/include/boost/range/iterator_range_core.hpp:38[m[K,
                 from [01m[K/usr/include/boost/lexical_cast.hpp:30[m[K,
                 from [01m[K/opt/ros/melodic/include/ros/transport_hints.h:34[m[K,
                 from [01m[K/opt/ros/melodic/include/ros/subscribe_options.h:33[m[K,
                 from [01m[K/opt/ros/melodic/include/ros/node_handle.h:42[m[K,
                 from [01m[K/opt/ros/melodic/include/ros/ros.h:45[m[K,
                 from [01m[K/home/loren.lyttle/tests/catkin_ws/src/add_pallet/src/pallet_library.cpp:1[m[K:
[01m[K/usr/include/boost/range/end.hpp:100:61:[m[K [01;36m[Knote: [m[K  ‘[01m[Kboost::range_adl_barrier::end[m[K’
 inline BOOST_DEDUCED_TYPENAME range_iterator<const T>::type [01;36m[Kend[m[K( const T& r )
                                                             [01;36m[K^~~[m[K
In file included from [01m[K/usr/include/boost/mpl/list/aux_/begin_end.hpp:17:0[m[K,
                 from [01m[K/usr/include/boost/mpl/list/list0.hpp:27[m[K,
                 from [01m[K/usr/include/boost/mpl/list/list10.hpp:18[m[K,
                 from [01m[K/usr/include/boost/mpl/list/list20.hpp:18[m[K,
                 from [01m[K/usr/include/boost/mpl/list.hpp:36[m[K,
                 from [01m[K/usr/include/boost/math/policies/policy.hpp:9[m[K,
                 from [01m[K/usr/include/boost/math/policies/error_handling.hpp:21[m[K,
                 from [01m[K/usr/include/boost/math/special_functions/round.hpp:14[m[K,
                 from [01m[K/opt/ros/melodic/include/ros/time.h:58[m[K,
                 from [01m[K/opt/ros/melodic/include/ros/ros.h:38[m[K,
                 from [01m[K/home/loren.lyttle/tests/catkin_ws/src/add_pallet/src/pallet_library.cpp:1[m[K:
[01m[K/usr/include/boost/mpl/begin_end_fwd.hpp:23:38:[m[K [01;36m[Knote: [m[K  ‘[01m[Kboost::mpl::end[m[K’
 template< typename Sequence > struct [01;36m[Kend[m[K;
                                      [01;36m[K^~~[m[K
In file included from [01m[K/usr/include/boost/range/functions.hpp:19:0[m[K,
                 from [01m[K/usr/include/boost/range/iterator_range_core.hpp:38[m[K,
                 from [01m[K/usr/include/boost/lexical_cast.hpp:30[m[K,
                 from [01m[K/opt/ros/melodic/include/ros/transport_hints.h:34[m[K,
                 from [01m[K/opt/ros/melodic/include/ros/subscribe_options.h:33[m[K,
                 from [01m[K/opt/ros/melodic/include/ros/node_handle.h:42[m[K,
                 from [01m[K/opt/ros/melodic/include/ros/ros.h:45[m[K,
                 from [01m[K/home/loren.lyttle/tests/catkin_ws/src/add_pallet/src/pallet_library.cpp:1[m[K:
[01m[K/usr/include/boost/range/end.hpp:100:61:[m[K [01;36m[Knote: [m[K  ‘[01m[Kboost::range_adl_barrier::end[m[K’
 inline BOOST_DEDUCED_TYPENAME range_iterator<const T>::type [01;36m[Kend[m[K( const T& r )
                                                             [01;36m[K^~~[m[K
make[2]: *** [CMakeFiles/pallet_library.dir/src/pallet_library.cpp.o] Error 1
make[1]: *** [CMakeFiles/pallet_library.dir/all] Error 2
make: *** [all] Error 2
