[01m[K/home/loren.lyttle/tests/catkin_ws/src/add_pallet/src/pallet_library.cpp:[m[K In member function ‘[01m[Kvoid PalletPocketDetection::update_specific(T*, std::__cxx11::string, std::__cxx11::string)[m[K’:
[01m[K/home/loren.lyttle/tests/catkin_ws/src/add_pallet/src/pallet_library.cpp:307:8:[m[K [01;35m[Kwarning: [m[K‘[01m[Kif constexpr[m[K’ only available with -std=c++1z or -std=gnu++1z
     if [01;35m[Kconstexpr[m[K (std::is_same<T, bool>){
        [01;35m[K^~~~~~~~~[m[K
[01m[K/home/loren.lyttle/tests/catkin_ws/src/add_pallet/src/pallet_library.cpp:307:40:[m[K [01;31m[Kerror: [m[Kexpected primary-expression before ‘[01m[K)[m[K’ token
     if constexpr (std::is_same<T, bool>[01;31m[K)[m[K{
                                        [01;31m[K^[m[K
[01m[K/home/loren.lyttle/tests/catkin_ws/src/add_pallet/src/pallet_library.cpp:311:13:[m[K [01;35m[Kwarning: [m[K‘[01m[Kif constexpr[m[K’ only available with -std=c++1z or -std=gnu++1z
     else if [01;35m[Kconstexpr[m[K (std::is_same<T, double>) {
             [01;35m[K^~~~~~~~~[m[K
[01m[K/home/loren.lyttle/tests/catkin_ws/src/add_pallet/src/pallet_library.cpp:311:47:[m[K [01;31m[Kerror: [m[Kexpected primary-expression before ‘[01m[K)[m[K’ token
     else if constexpr (std::is_same<T, double>[01;31m[K)[m[K {
                                               [01;31m[K^[m[K
[01m[K/home/loren.lyttle/tests/catkin_ws/src/add_pallet/src/pallet_library.cpp:315:13:[m[K [01;35m[Kwarning: [m[K‘[01m[Kif constexpr[m[K’ only available with -std=c++1z or -std=gnu++1z
     else if [01;35m[Kconstexpr[m[K (std::is_same<T, int>) {
             [01;35m[K^~~~~~~~~[m[K
[01m[K/home/loren.lyttle/tests/catkin_ws/src/add_pallet/src/pallet_library.cpp:315:44:[m[K [01;31m[Kerror: [m[Kexpected primary-expression before ‘[01m[K)[m[K’ token
     else if constexpr (std::is_same<T, int>[01;31m[K)[m[K {
                                            [01;31m[K^[m[K
[01m[K/home/loren.lyttle/tests/catkin_ws/src/add_pallet/src/pallet_library.cpp:[m[K In member function ‘[01m[Kvoid PalletPocketDetection::PalletThreeLegFrontFaceDetectionInfo::updateParams(ros::NodeHandle&)[m[K’:
[01m[K/home/loren.lyttle/tests/catkin_ws/src/add_pallet/src/pallet_library.cpp:329:5:[m[K [01;31m[Kerror: [m[K‘[01m[KUpdateSpecific[m[K’ was not declared in this scope
     [01;31m[KUpdateSpecific[m[K<bool>(m_parameterPrefix, m_isDetectorEnabled);
     [01;31m[K^~~~~~~~~~~~~~[m[K
[01m[K/home/loren.lyttle/tests/catkin_ws/src/add_pallet/src/pallet_library.cpp:329:5:[m[K [01;36m[Knote: [m[Ksuggested alternative: ‘[01m[Kupdate_specific[m[K’
     [01;36m[KUpdateSpecific[m[K<bool>(m_parameterPrefix, m_isDetectorEnabled);
     [01;36m[K^~~~~~~~~~~~~~[m[K
     [32m[Kupdate_specific[m[K
[01m[K/home/loren.lyttle/tests/catkin_ws/src/add_pallet/src/pallet_library.cpp:329:20:[m[K [01;31m[Kerror: [m[Kexpected primary-expression before ‘[01m[Kbool[m[K’
     UpdateSpecific<[01;31m[Kbool[m[K>(m_parameterPrefix, m_isDetectorEnabled);
                    [01;31m[K^~~~[m[K
make[2]: *** [CMakeFiles/add_pallet.dir/src/pallet_library.cpp.o] Error 1
make[1]: *** [CMakeFiles/add_pallet.dir/all] Error 2
make: *** [all] Error 2
