[  0%] Built target rosgraph_msgs_generate_messages_nodejs
[  0%] Built target rosgraph_msgs_generate_messages_py
[ 14%] Built target add_pallet_gencfg
[ 14%] Built target roscpp_generate_messages_cpp
[ 14%] Built target rosgraph_msgs_generate_messages_lisp
[ 14%] Built target std_msgs_generate_messages_eus
[ 14%] Built target rosgraph_msgs_generate_messages_eus
[ 14%] Built target dynamic_reconfigure_generate_messages_nodejs
[ 14%] Built target std_msgs_generate_messages_py
[ 14%] Built target roscpp_generate_messages_py
[ 14%] Built target std_msgs_generate_messages_cpp
[ 14%] Built target roscpp_generate_messages_lisp
[ 14%] Built target std_msgs_generate_messages_lisp
[ 14%] Built target std_msgs_generate_messages_nodejs
[ 14%] Built target dynamic_reconfigure_generate_messages_eus
[ 14%] Built target rosgraph_msgs_generate_messages_cpp
[ 14%] Built target dynamic_reconfigure_generate_messages_cpp
[ 14%] Built target dynamic_reconfigure_generate_messages_lisp
[ 14%] Built target dynamic_reconfigure_generate_messages_py
[ 14%] Built target dynamic_reconfigure_gencfg
[ 14%] Built target roscpp_generate_messages_nodejs
[ 14%] Built target roscpp_generate_messages_eus
[ 42%] Built target remote_add
[35m[1mScanning dependencies of target add_pallet[0m
[ 57%] [32mBuilding CXX object CMakeFiles/add_pallet.dir/src/pallet_library.cpp.o[0m
[ 71%] [32m[1mLinking CXX shared library /home/loren.lyttle/tests/catkin_ws/devel/.private/add_pallet/lib/libadd_pallet.so[0m
[ 71%] Built target add_pallet
[ 85%] [32m[1mLinking CXX executable /home/loren.lyttle/tests/catkin_ws/devel/.private/add_pallet/lib/add_pallet/PalletLibraryNodeMain[0m
[100%] Built target PalletLibraryNodeMain
