CMakeFiles/remote_add.dir/src/remote_add.cpp.o: In function `boost::system::error_category::std_category::equivalent(std::error_code const&, int) const':
remote_add.cpp:(.text._ZNK5boost6system14error_category12std_category10equivalentERKSt10error_codei[_ZNK5boost6system14error_category12std_category10equivalentERKSt10error_codei]+0x40): undefined reference to `boost::system::generic_category()'
remote_add.cpp:(.text._ZNK5boost6system14error_category12std_category10equivalentERKSt10error_codei[_ZNK5boost6system14error_category12std_category10equivalentERKSt10error_codei]+0xb9): undefined reference to `boost::system::generic_category()'
remote_add.cpp:(.text._ZNK5boost6system14error_category12std_category10equivalentERKSt10error_codei[_ZNK5boost6system14error_category12std_category10equivalentERKSt10error_codei]+0x111): undefined reference to `boost::system::generic_category()'
CMakeFiles/remote_add.dir/src/remote_add.cpp.o: In function `boost::system::error_category::std_category::equivalent(int, std::error_condition const&) const':
remote_add.cpp:(.text._ZNK5boost6system14error_category12std_category10equivalentEiRKSt15error_condition[_ZNK5boost6system14error_category12std_category10equivalentEiRKSt15error_condition]+0x3f): undefined reference to `boost::system::generic_category()'
remote_add.cpp:(.text._ZNK5boost6system14error_category12std_category10equivalentEiRKSt15error_condition[_ZNK5boost6system14error_category12std_category10equivalentEiRKSt15error_condition]+0xd1): undefined reference to `boost::system::generic_category()'
CMakeFiles/remote_add.dir/src/remote_add.cpp.o: In function `ros::ServiceClient::deserializeFailed(std::exception const&)':
remote_add.cpp:(.text._ZN3ros13ServiceClient17deserializeFailedERKSt9exception[_ZN3ros13ServiceClient17deserializeFailedERKSt9exception]+0x1b): undefined reference to `ros::console::g_initialized'
remote_add.cpp:(.text._ZN3ros13ServiceClient17deserializeFailedERKSt9exception[_ZN3ros13ServiceClient17deserializeFailedERKSt9exception]+0x61): undefined reference to `ros::console::initialize()'
remote_add.cpp:(.text._ZN3ros13ServiceClient17deserializeFailedERKSt9exception[_ZN3ros13ServiceClient17deserializeFailedERKSt9exception]+0xb8): undefined reference to `ros::console::initializeLogLocation(ros::console::LogLocation*, std::__cxx11::basic_string<char, std::char_traits<char>, std::allocator<char> > const&, ros::console::levels::Level)'
remote_add.cpp:(.text._ZN3ros13ServiceClient17deserializeFailedERKSt9exception[_ZN3ros13ServiceClient17deserializeFailedERKSt9exception]+0xed): undefined reference to `ros::console::setLogLocationLevel(ros::console::LogLocation*, ros::console::levels::Level)'
remote_add.cpp:(.text._ZN3ros13ServiceClient17deserializeFailedERKSt9exception[_ZN3ros13ServiceClient17deserializeFailedERKSt9exception]+0xf9): undefined reference to `ros::console::checkLogLocationEnabled(ros::console::LogLocation*)'
remote_add.cpp:(.text._ZN3ros13ServiceClient17deserializeFailedERKSt9exception[_ZN3ros13ServiceClient17deserializeFailedERKSt9exception]+0x148): undefined reference to `ros::console::print(ros::console::FilterBase*, void*, ros::console::levels::Level, char const*, int, char const*, char const*, ...)'
CMakeFiles/remote_add.dir/src/remote_add.cpp.o: In function `bool ros::ServiceClient::call<dynamic_reconfigure::ReconfigureRequest_<std::allocator<void> >, dynamic_reconfigure::ReconfigureResponse_<std::allocator<void> > >(dynamic_reconfigure::ReconfigureRequest_<std::allocator<void> > const&, dynamic_reconfigure::ReconfigureResponse_<std::allocator<void> >&, std::__cxx11::basic_string<char, std::char_traits<char>, std::allocator<char> > const&)':
remote_add.cpp:(.text._ZN3ros13ServiceClient4callIN19dynamic_reconfigure19ReconfigureRequest_ISaIvEEENS2_20ReconfigureResponse_IS4_EEEEbRKT_RT0_RKNSt7__cxx1112basic_stringIcSt11char_traitsIcESaIcEEE[_ZN3ros13ServiceClient4callIN19dynamic_reconfigure19ReconfigureRequest_ISaIvEEENS2_20ReconfigureResponse_IS4_EEEEbRKT_RT0_RKNSt7__cxx1112basic_stringIcSt11char_traitsIcESaIcEEE]+0x67e): undefined reference to `ros::serialization::throwStreamOverrun()'
remote_add.cpp:(.text._ZN3ros13ServiceClient4callIN19dynamic_reconfigure19ReconfigureRequest_ISaIvEEENS2_20ReconfigureResponse_IS4_EEEEbRKT_RT0_RKNSt7__cxx1112basic_stringIcSt11char_traitsIcESaIcEEE[_ZN3ros13ServiceClient4callIN19dynamic_reconfigure19ReconfigureRequest_ISaIvEEENS2_20ReconfigureResponse_IS4_EEEEbRKT_RT0_RKNSt7__cxx1112basic_stringIcSt11char_traitsIcESaIcEEE]+0x689): undefined reference to `ros::serialization::throwStreamOverrun()'
remote_add.cpp:(.text._ZN3ros13ServiceClient4callIN19dynamic_reconfigure19ReconfigureRequest_ISaIvEEENS2_20ReconfigureResponse_IS4_EEEEbRKT_RT0_RKNSt7__cxx1112basic_stringIcSt11char_traitsIcESaIcEEE[_ZN3ros13ServiceClient4callIN19dynamic_reconfigure19ReconfigureRequest_ISaIvEEENS2_20ReconfigureResponse_IS4_EEEEbRKT_RT0_RKNSt7__cxx1112basic_stringIcSt11char_traitsIcESaIcEEE]+0x73d): undefined reference to `ros::serialization::throwStreamOverrun()'
remote_add.cpp:(.text._ZN3ros13ServiceClient4callIN19dynamic_reconfigure19ReconfigureRequest_ISaIvEEENS2_20ReconfigureResponse_IS4_EEEEbRKT_RT0_RKNSt7__cxx1112basic_stringIcSt11char_traitsIcESaIcEEE[_ZN3ros13ServiceClient4callIN19dynamic_reconfigure19ReconfigureRequest_ISaIvEEENS2_20ReconfigureResponse_IS4_EEEEbRKT_RT0_RKNSt7__cxx1112basic_stringIcSt11char_traitsIcESaIcEEE]+0x749): undefined reference to `ros::serialization::throwStreamOverrun()'
remote_add.cpp:(.text._ZN3ros13ServiceClient4callIN19dynamic_reconfigure19ReconfigureRequest_ISaIvEEENS2_20ReconfigureResponse_IS4_EEEEbRKT_RT0_RKNSt7__cxx1112basic_stringIcSt11char_traitsIcESaIcEEE[_ZN3ros13ServiceClient4callIN19dynamic_reconfigure19ReconfigureRequest_ISaIvEEENS2_20ReconfigureResponse_IS4_EEEEbRKT_RT0_RKNSt7__cxx1112basic_stringIcSt11char_traitsIcESaIcEEE]+0x759): undefined reference to `ros::serialization::throwStreamOverrun()'
CMakeFiles/remote_add.dir/src/remote_add.cpp.o:remote_add.cpp:(.text._ZN3ros13ServiceClient4callIN19dynamic_reconfigure19ReconfigureRequest_ISaIvEEENS2_20ReconfigureResponse_IS4_EEEEbRKT_RT0_RKNSt7__cxx1112basic_stringIcSt11char_traitsIcESaIcEEE[_ZN3ros13ServiceClient4callIN19dynamic_reconfigure19ReconfigureRequest_ISaIvEEENS2_20ReconfigureResponse_IS4_EEEEbRKT_RT0_RKNSt7__cxx1112basic_stringIcSt11char_traitsIcESaIcEEE]+0x835): more undefined references to `ros::serialization::throwStreamOverrun()' follow
CMakeFiles/remote_add.dir/src/remote_add.cpp.o: In function `bool ros::ServiceClient::call<dynamic_reconfigure::ReconfigureRequest_<std::allocator<void> >, dynamic_reconfigure::ReconfigureResponse_<std::allocator<void> > >(dynamic_reconfigure::ReconfigureRequest_<std::allocator<void> > const&, dynamic_reconfigure::ReconfigureResponse_<std::allocator<void> >&, std::__cxx11::basic_string<char, std::char_traits<char>, std::allocator<char> > const&)':
remote_add.cpp:(.text._ZN3ros13ServiceClient4callIN19dynamic_reconfigure19ReconfigureRequest_ISaIvEEENS2_20ReconfigureResponse_IS4_EEEEbRKT_RT0_RKNSt7__cxx1112basic_stringIcSt11char_traitsIcESaIcEEE[_ZN3ros13ServiceClient4callIN19dynamic_reconfigure19ReconfigureRequest_ISaIvEEENS2_20ReconfigureResponse_IS4_EEEEbRKT_RT0_RKNSt7__cxx1112basic_stringIcSt11char_traitsIcESaIcEEE]+0xab6): undefined reference to `ros::ServiceClient::call(ros::SerializedMessage const&, ros::SerializedMessage&, std::__cxx11::basic_string<char, std::char_traits<char>, std::allocator<char> > const&)'
remote_add.cpp:(.text._ZN3ros13ServiceClient4callIN19dynamic_reconfigure19ReconfigureRequest_ISaIvEEENS2_20ReconfigureResponse_IS4_EEEEbRKT_RT0_RKNSt7__cxx1112basic_stringIcSt11char_traitsIcESaIcEEE[_ZN3ros13ServiceClient4callIN19dynamic_reconfigure19ReconfigureRequest_ISaIvEEENS2_20ReconfigureResponse_IS4_EEEEbRKT_RT0_RKNSt7__cxx1112basic_stringIcSt11char_traitsIcESaIcEEE]+0xbca): undefined reference to `ros::serialization::throwStreamOverrun()'
remote_add.cpp:(.text._ZN3ros13ServiceClient4callIN19dynamic_reconfigure19ReconfigureRequest_ISaIvEEENS2_20ReconfigureResponse_IS4_EEEEbRKT_RT0_RKNSt7__cxx1112basic_stringIcSt11char_traitsIcESaIcEEE[_ZN3ros13ServiceClient4callIN19dynamic_reconfigure19ReconfigureRequest_ISaIvEEENS2_20ReconfigureResponse_IS4_EEEEbRKT_RT0_RKNSt7__cxx1112basic_stringIcSt11char_traitsIcESaIcEEE]+0xcf3): undefined reference to `ros::serialization::throwStreamOverrun()'
remote_add.cpp:(.text._ZN3ros13ServiceClient4callIN19dynamic_reconfigure19ReconfigureRequest_ISaIvEEENS2_20ReconfigureResponse_IS4_EEEEbRKT_RT0_RKNSt7__cxx1112basic_stringIcSt11char_traitsIcESaIcEEE[_ZN3ros13ServiceClient4callIN19dynamic_reconfigure19ReconfigureRequest_ISaIvEEENS2_20ReconfigureResponse_IS4_EEEEbRKT_RT0_RKNSt7__cxx1112basic_stringIcSt11char_traitsIcESaIcEEE]+0xd01): undefined reference to `ros::serialization::throwStreamOverrun()'
remote_add.cpp:(.text._ZN3ros13ServiceClient4callIN19dynamic_reconfigure19ReconfigureRequest_ISaIvEEENS2_20ReconfigureResponse_IS4_EEEEbRKT_RT0_RKNSt7__cxx1112basic_stringIcSt11char_traitsIcESaIcEEE[_ZN3ros13ServiceClient4callIN19dynamic_reconfigure19ReconfigureRequest_ISaIvEEENS2_20ReconfigureResponse_IS4_EEEEbRKT_RT0_RKNSt7__cxx1112basic_stringIcSt11char_traitsIcESaIcEEE]+0xd11): undefined reference to `ros::serialization::throwStreamOverrun()'
remote_add.cpp:(.text._ZN3ros13ServiceClient4callIN19dynamic_reconfigure19ReconfigureRequest_ISaIvEEENS2_20ReconfigureResponse_IS4_EEEEbRKT_RT0_RKNSt7__cxx1112basic_stringIcSt11char_traitsIcESaIcEEE[_ZN3ros13ServiceClient4callIN19dynamic_reconfigure19ReconfigureRequest_ISaIvEEENS2_20ReconfigureResponse_IS4_EEEEbRKT_RT0_RKNSt7__cxx1112basic_stringIcSt11char_traitsIcESaIcEEE]+0xd21): undefined reference to `ros::serialization::throwStreamOverrun()'
CMakeFiles/remote_add.dir/src/remote_add.cpp.o:remote_add.cpp:(.text._ZN3ros13ServiceClient4callIN19dynamic_reconfigure19ReconfigureRequest_ISaIvEEENS2_20ReconfigureResponse_IS4_EEEEbRKT_RT0_RKNSt7__cxx1112basic_stringIcSt11char_traitsIcESaIcEEE[_ZN3ros13ServiceClient4callIN19dynamic_reconfigure19ReconfigureRequest_ISaIvEEENS2_20ReconfigureResponse_IS4_EEEEbRKT_RT0_RKNSt7__cxx1112basic_stringIcSt11char_traitsIcESaIcEEE]+0xdf1): more undefined references to `ros::serialization::throwStreamOverrun()' follow
CMakeFiles/remote_add.dir/src/remote_add.cpp.o: In function `bool ros::service::call<dynamic_reconfigure::ReconfigureRequest_<std::allocator<void> >, dynamic_reconfigure::ReconfigureResponse_<std::allocator<void> > >(std::__cxx11::basic_string<char, std::char_traits<char>, std::allocator<char> > const&, dynamic_reconfigure::ReconfigureRequest_<std::allocator<void> >&, dynamic_reconfigure::ReconfigureResponse_<std::allocator<void> >&)':
remote_add.cpp:(.text._ZN3ros7service4callIN19dynamic_reconfigure19ReconfigureRequest_ISaIvEEENS2_20ReconfigureResponse_IS4_EEEEbRKNSt7__cxx1112basic_stringIcSt11char_traitsIcESaIcEEERT_RT0_[_ZN3ros7service4callIN19dynamic_reconfigure19ReconfigureRequest_ISaIvEEENS2_20ReconfigureResponse_IS4_EEEEbRKNSt7__cxx1112basic_stringIcSt11char_traitsIcESaIcEEERT_RT0_]+0x98): undefined reference to `ros::NodeHandle::NodeHandle(std::__cxx11::basic_string<char, std::char_traits<char>, std::allocator<char> > const&, std::map<std::__cxx11::basic_string<char, std::char_traits<char>, std::allocator<char> >, std::__cxx11::basic_string<char, std::char_traits<char>, std::allocator<char> >, std::less<std::__cxx11::basic_string<char, std::char_traits<char>, std::allocator<char> > >, std::allocator<std::pair<std::__cxx11::basic_string<char, std::char_traits<char>, std::allocator<char> > const, std::__cxx11::basic_string<char, std::char_traits<char>, std::allocator<char> > > > > const&)'
remote_add.cpp:(.text._ZN3ros7service4callIN19dynamic_reconfigure19ReconfigureRequest_ISaIvEEENS2_20ReconfigureResponse_IS4_EEEEbRKNSt7__cxx1112basic_stringIcSt11char_traitsIcESaIcEEERT_RT0_[_ZN3ros7service4callIN19dynamic_reconfigure19ReconfigureRequest_ISaIvEEENS2_20ReconfigureResponse_IS4_EEEEbRKNSt7__cxx1112basic_stringIcSt11char_traitsIcESaIcEEERT_RT0_]+0x1c7): undefined reference to `ros::names::resolve(std::__cxx11::basic_string<char, std::char_traits<char>, std::allocator<char> > const&, bool)'
remote_add.cpp:(.text._ZN3ros7service4callIN19dynamic_reconfigure19ReconfigureRequest_ISaIvEEENS2_20ReconfigureResponse_IS4_EEEEbRKNSt7__cxx1112basic_stringIcSt11char_traitsIcESaIcEEERT_RT0_[_ZN3ros7service4callIN19dynamic_reconfigure19ReconfigureRequest_ISaIvEEENS2_20ReconfigureResponse_IS4_EEEEbRKNSt7__cxx1112basic_stringIcSt11char_traitsIcESaIcEEERT_RT0_]+0x3d7): undefined reference to `ros::NodeHandle::serviceClient(ros::ServiceClientOptions&)'
remote_add.cpp:(.text._ZN3ros7service4callIN19dynamic_reconfigure19ReconfigureRequest_ISaIvEEENS2_20ReconfigureResponse_IS4_EEEEbRKNSt7__cxx1112basic_stringIcSt11char_traitsIcESaIcEEERT_RT0_[_ZN3ros7service4callIN19dynamic_reconfigure19ReconfigureRequest_ISaIvEEENS2_20ReconfigureResponse_IS4_EEEEbRKNSt7__cxx1112basic_stringIcSt11char_traitsIcESaIcEEERT_RT0_]+0x3df): undefined reference to `ros::ServiceClient::isValid() const'
remote_add.cpp:(.text._ZN3ros7service4callIN19dynamic_reconfigure19ReconfigureRequest_ISaIvEEENS2_20ReconfigureResponse_IS4_EEEEbRKNSt7__cxx1112basic_stringIcSt11char_traitsIcESaIcEEERT_RT0_[_ZN3ros7service4callIN19dynamic_reconfigure19ReconfigureRequest_ISaIvEEENS2_20ReconfigureResponse_IS4_EEEEbRKNSt7__cxx1112basic_stringIcSt11char_traitsIcESaIcEEERT_RT0_]+0x3f6): undefined reference to `ros::ServiceClient::~ServiceClient()'
remote_add.cpp:(.text._ZN3ros7service4callIN19dynamic_reconfigure19ReconfigureRequest_ISaIvEEENS2_20ReconfigureResponse_IS4_EEEEbRKNSt7__cxx1112basic_stringIcSt11char_traitsIcESaIcEEERT_RT0_[_ZN3ros7service4callIN19dynamic_reconfigure19ReconfigureRequest_ISaIvEEENS2_20ReconfigureResponse_IS4_EEEEbRKNSt7__cxx1112basic_stringIcSt11char_traitsIcESaIcEEERT_RT0_]+0x48d): undefined reference to `ros::NodeHandle::~NodeHandle()'
remote_add.cpp:(.text._ZN3ros7service4callIN19dynamic_reconfigure19ReconfigureRequest_ISaIvEEENS2_20ReconfigureResponse_IS4_EEEEbRKNSt7__cxx1112basic_stringIcSt11char_traitsIcESaIcEEERT_RT0_[_ZN3ros7service4callIN19dynamic_reconfigure19ReconfigureRequest_ISaIvEEENS2_20ReconfigureResponse_IS4_EEEEbRKNSt7__cxx1112basic_stringIcSt11char_traitsIcESaIcEEERT_RT0_]+0x64d): undefined reference to `ros::NodeHandle::~NodeHandle()'
remote_add.cpp:(.text._ZN3ros7service4callIN19dynamic_reconfigure19ReconfigureRequest_ISaIvEEENS2_20ReconfigureResponse_IS4_EEEEbRKNSt7__cxx1112basic_stringIcSt11char_traitsIcESaIcEEERT_RT0_[_ZN3ros7service4callIN19dynamic_reconfigure19ReconfigureRequest_ISaIvEEENS2_20ReconfigureResponse_IS4_EEEEbRKNSt7__cxx1112basic_stringIcSt11char_traitsIcESaIcEEERT_RT0_]+0x7a3): undefined reference to `ros::ServiceClient::~ServiceClient()'
CMakeFiles/remote_add.dir/src/remote_add.cpp.o: In function `main':
remote_add.cpp:(.text.startup+0x4f): undefined reference to `ros::init(int&, char**, std::__cxx11::basic_string<char, std::char_traits<char>, std::allocator<char> > const&, unsigned int)'
remote_add.cpp:(.text.startup+0x52b): undefined reference to `ros::console::g_initialized'
remote_add.cpp:(.text.startup+0x565): undefined reference to `ros::spin()'
remote_add.cpp:(.text.startup+0x627): undefined reference to `ros::console::print(ros::console::FilterBase*, void*, ros::console::levels::Level, char const*, int, char const*, char const*, ...)'
remote_add.cpp:(.text.startup+0x633): undefined reference to `ros::console::initialize()'
remote_add.cpp:(.text.startup+0x716): undefined reference to `ros::console::initialize()'
remote_add.cpp:(.text.startup+0x72c): undefined reference to `ros::console::setLogLocationLevel(ros::console::LogLocation*, ros::console::levels::Level)'
remote_add.cpp:(.text.startup+0x738): undefined reference to `ros::console::checkLogLocationEnabled(ros::console::LogLocation*)'
remote_add.cpp:(.text.startup+0x760): undefined reference to `ros::console::initializeLogLocation(ros::console::LogLocation*, std::__cxx11::basic_string<char, std::char_traits<char>, std::allocator<char> > const&, ros::console::levels::Level)'
remote_add.cpp:(.text.startup+0x78f): undefined reference to `ros::console::setLogLocationLevel(ros::console::LogLocation*, ros::console::levels::Level)'
remote_add.cpp:(.text.startup+0x79b): undefined reference to `ros::console::checkLogLocationEnabled(ros::console::LogLocation*)'
remote_add.cpp:(.text.startup+0x7c3): undefined reference to `ros::console::initializeLogLocation(ros::console::LogLocation*, std::__cxx11::basic_string<char, std::char_traits<char>, std::allocator<char> > const&, ros::console::levels::Level)'
remote_add.cpp:(.text.startup+0x817): undefined reference to `ros::console::print(ros::console::FilterBase*, void*, ros::console::levels::Level, char const*, int, char const*, char const*, ...)'
CMakeFiles/remote_add.dir/src/remote_add.cpp.o: In function `_GLOBAL__sub_I_main':
remote_add.cpp:(.text.startup+0x94b): undefined reference to `boost::system::generic_category()'
remote_add.cpp:(.text.startup+0x950): undefined reference to `boost::system::generic_category()'
remote_add.cpp:(.text.startup+0x955): undefined reference to `boost::system::system_category()'
collect2: error: ld returned 1 exit status
make[2]: *** [/home/loren.lyttle/tests/catkin_ws/devel/.private/add_pallet/lib/add_pallet/remote_add] Error 1
make[1]: *** [CMakeFiles/remote_add.dir/all] Error 2
make: *** [all] Error 2
