[  0%] Built target rosgraph_msgs_generate_messages_nodejs
[  0%] Built target rosgraph_msgs_generate_messages_py
[ 14%] Built target add_pallet_gencfg
[ 14%] Built target roscpp_generate_messages_cpp
[ 14%] Built target std_msgs_generate_messages_eus
[ 14%] Built target rosgraph_msgs_generate_messages_lisp
[ 14%] Built target dynamic_reconfigure_generate_messages_nodejs
[ 14%] Built target rosgraph_msgs_generate_messages_eus
[ 14%] Built target roscpp_generate_messages_py
[ 14%] Built target std_msgs_generate_messages_py
[ 14%] Built target roscpp_generate_messages_lisp
[ 14%] Built target std_msgs_generate_messages_cpp
[ 14%] Built target std_msgs_generate_messages_lisp
[ 14%] Built target std_msgs_generate_messages_nodejs
[ 14%] Built target dynamic_reconfigure_generate_messages_eus
[ 14%] Built target rosgraph_msgs_generate_messages_cpp
[ 14%] Built target dynamic_reconfigure_generate_messages_cpp
[ 14%] Built target dynamic_reconfigure_generate_messages_lisp
[ 14%] Built target dynamic_reconfigure_gencfg
[ 14%] Built target dynamic_reconfigure_generate_messages_py
[ 14%] Built target roscpp_generate_messages_eus
[ 14%] Built target roscpp_generate_messages_nodejs
[35m[1mScanning dependencies of target add_pallet[0m
[ 42%] Built target remote_add
[ 57%] [32mBuilding CXX object CMakeFiles/add_pallet.dir/src/pallet_library.cpp.o[0m
[01m[K/home/loren.lyttle/tests/catkin_ws/src/add_pallet/src/pallet_library.cpp:308:6:[m[K [01;31m[Kerror: [m[Kprototype for ‘[01m[Kvoid PalletPocketDetection::PalletThreeLegFrontFaceDetectionInfo::update_specific(ros::NodeHandle&, T*, std::__cxx11::string)[m[K’ does not match any in class ‘[01m[KPalletPocketDetection::PalletThreeLegFrontFaceDetectionInfo[m[K’
 void [01;31m[KPalletPocketDetection[m[K::PalletThreeLegFrontFaceDetectionInfo::update_specific(ros::NodeHandle& m_node, T* pointer, const std::string name)
      [01;31m[K^~~~~~~~~~~~~~~~~~~~~[m[K
In file included from [01m[K/home/loren.lyttle/tests/catkin_ws/src/add_pallet/src/pallet_library.cpp:13:0[m[K:
[01m[K/home/loren.lyttle/tests/catkin_ws/src/add_pallet/include/add_pallet/PalletLibraryNode.h:64:14:[m[K [01;31m[Kerror: [m[Kcandidate is: template<class T> void PalletPocketDetection::PalletThreeLegFrontFaceDetectionInfo::update_specific(ros::NodeHandle&, const T*, std::__cxx11::string)
         void [01;31m[Kupdate_specific[m[K(ros::NodeHandle& m_node, const T* pointer, std::string name);
              [01;31m[K^~~~~~~~~~~~~~~[m[K
CMakeFiles/add_pallet.dir/build.make:62: recipe for target 'CMakeFiles/add_pallet.dir/src/pallet_library.cpp.o' failed
make[2]: *** [CMakeFiles/add_pallet.dir/src/pallet_library.cpp.o] Error 1
CMakeFiles/Makefile2:861: recipe for target 'CMakeFiles/add_pallet.dir/all' failed
make[1]: *** [CMakeFiles/add_pallet.dir/all] Error 2
Makefile:140: recipe for target 'all' failed
make: *** [all] Error 2
