[01m[K/home/loren.lyttle/tests/catkin_ws/src/add_pallet/src/pallet_library.cpp:[m[K In member function ‘[01m[Kvoid PalletLibraryNode::dynamic_callback(add_pallet::dynamic_paramsConfig&, uint32_t)[m[K’:
[01m[K/home/loren.lyttle/tests/catkin_ws/src/add_pallet/src/pallet_library.cpp:148:96:[m[K [01;31m[Kerror: [m[Kno matching function for call to ‘[01m[Kfind(bool)[m[K’
     if (std::find(m_loaded_pallets.find(config.AA_dynamic_type_param) != m_loaded_pallets.end()[01;31m[K)[m[K
                                                                                                [01;31m[K^[m[K
In file included from [01m[K/usr/include/c++/7/bits/locale_facets.h:48:0[m[K,
                 from [01m[K/usr/include/c++/7/bits/basic_ios.h:37[m[K,
                 from [01m[K/usr/include/c++/7/ios:44[m[K,
                 from [01m[K/usr/include/c++/7/ostream:38[m[K,
                 from [01m[K/usr/include/c++/7/iostream:39[m[K,
                 from [01m[K/home/loren.lyttle/tests/catkin_ws/src/add_pallet/src/pallet_library.cpp:2[m[K:
[01m[K/usr/include/c++/7/bits/streambuf_iterator.h:369:5:[m[K [01;36m[Knote: [m[Kcandidate: template<class _CharT2> typename __gnu_cxx::__enable_if<std::__is_char<_CharT2>::__value, std::istreambuf_iterator<_CharT> >::__type std::find(std::istreambuf_iterator<_CharT>, std::istreambuf_iterator<_CharT>, const _CharT2&)
     [01;36m[Kfind[m[K(istreambuf_iterator<_CharT> __first,
     [01;36m[K^~~~[m[K
[01m[K/usr/include/c++/7/bits/streambuf_iterator.h:369:5:[m[K [01;36m[Knote: [m[K  template argument deduction/substitution failed:
[01m[K/home/loren.lyttle/tests/catkin_ws/src/add_pallet/src/pallet_library.cpp:148:96:[m[K [01;36m[Knote: [m[K  mismatched types ‘[01m[Kstd::istreambuf_iterator<_CharT>[m[K’ and ‘[01m[Kbool[m[K’
     if (std::find(m_loaded_pallets.find(config.AA_dynamic_type_param) != m_loaded_pallets.end()[01;36m[K)[m[K
                                                                                                [01;36m[K^[m[K
In file included from [01m[K/usr/include/c++/7/algorithm:62:0[m[K,
                 from [01m[K/home/loren.lyttle/tests/catkin_ws/src/add_pallet/src/pallet_library.cpp:7[m[K:
[01m[K/usr/include/c++/7/bits/stl_algo.h:3899:5:[m[K [01;36m[Knote: [m[Kcandidate: template<class _IIter, class _Tp> _IIter std::find(_IIter, _IIter, const _Tp&)
     [01;36m[Kfind[m[K(_InputIterator __first, _InputIterator __last,
     [01;36m[K^~~~[m[K
[01m[K/usr/include/c++/7/bits/stl_algo.h:3899:5:[m[K [01;36m[Knote: [m[K  template argument deduction/substitution failed:
[01m[K/home/loren.lyttle/tests/catkin_ws/src/add_pallet/src/pallet_library.cpp:148:96:[m[K [01;36m[Knote: [m[K  candidate expects 3 arguments, 1 provided
     if (std::find(m_loaded_pallets.find(config.AA_dynamic_type_param) != m_loaded_pallets.end()[01;36m[K)[m[K
                                                                                                [01;36m[K^[m[K
[01m[K/home/loren.lyttle/tests/catkin_ws/src/add_pallet/src/pallet_library.cpp:149:5:[m[K [01;31m[Kerror: [m[Kexpected ‘[01m[K)[m[K’ before ‘[01m[K{[m[K’ token
     [01;31m[K{[m[K
     [01;31m[K^[m[K
[01m[K/home/loren.lyttle/tests/catkin_ws/src/add_pallet/src/pallet_library.cpp:162:1:[m[K [01;31m[Kerror: [m[Kexpected primary-expression before ‘[01m[K}[m[K’ token
 [01;31m[K}[m[K
 [01;31m[K^[m[K
make[2]: *** [CMakeFiles/add_pallet.dir/src/pallet_library.cpp.o] Error 1
make[1]: *** [CMakeFiles/add_pallet.dir/all] Error 2
make: *** [all] Error 2
