[01m[K/home/loren.lyttle/tests/catkin_ws/src/add_pallet/src/load_pallet.cpp:[m[K In function ‘[01m[Kstd::map<std::__cxx11::basic_string<char>, T> YAML2Map(YAML::Node)[m[K’:
[01m[K/home/loren.lyttle/tests/catkin_ws/src/add_pallet/src/load_pallet.cpp:21:26:[m[K [01;31m[Kerror: [m[K‘[01m[Kt[m[K’ was not declared in this scope
     std::map<std::string,[01;31m[Kt[m[K> map;
                          [01;31m[K^[m[K
[01m[K/home/loren.lyttle/tests/catkin_ws/src/add_pallet/src/load_pallet.cpp:21:27:[m[K [01;31m[Kerror: [m[Ktemplate argument 2 is invalid
     std::map<std::string,t[01;31m[K>[m[K map;
                           [01;31m[K^[m[K
[01m[K/home/loren.lyttle/tests/catkin_ws/src/add_pallet/src/load_pallet.cpp:21:27:[m[K [01;31m[Kerror: [m[Ktemplate argument 4 is invalid
[01m[K/home/loren.lyttle/tests/catkin_ws/src/add_pallet/src/load_pallet.cpp:28:12:[m[K [01;31m[Kerror: [m[Kno match for ‘[01m[Koperator[][m[K’ (operand types are ‘[01m[Kint[m[K’ and ‘[01m[Kstd::__cxx11::string {aka std::__cxx11::basic_string<char>}[m[K’)
         map[01;31m[K[[m[Kkey] = value;
            [01;31m[K^[m[K
[01m[K/home/loren.lyttle/tests/catkin_ws/src/add_pallet/src/load_pallet.cpp:[m[K In function ‘[01m[Kvoid load_pallet(std::__cxx11::string)[m[K’:
[01m[K/home/loren.lyttle/tests/catkin_ws/src/add_pallet/src/load_pallet.cpp:70:13:[m[K [01;31m[Kerror: [m[Kexpected ‘[01m[K;[m[K’ before ‘[01m[Kstd[m[K’
             [01;31m[Kstd[m[K::map<std::string,double> double_map;
             [01;31m[K^~~[m[K
[01m[K/home/loren.lyttle/tests/catkin_ws/src/add_pallet/src/load_pallet.cpp:71:13:[m[K [01;31m[Kerror: [m[K‘[01m[Kdouble_map[m[K’ was not declared in this scope
             [01;31m[Kdouble_map[m[K = YAML2Map<double>(Pallet_Params["doubles"])
             [01;31m[K^~~~~~~~~~[m[K
[01m[K/home/loren.lyttle/tests/catkin_ws/src/add_pallet/src/load_pallet.cpp:71:13:[m[K [01;36m[Knote: [m[Ksuggested alternative: ‘[01m[Kdouble_t[m[K’
             [01;36m[Kdouble_map[m[K = YAML2Map<double>(Pallet_Params["doubles"])
             [01;36m[K^~~~~~~~~~[m[K
             [32m[Kdouble_t[m[K
[01m[K/home/loren.lyttle/tests/catkin_ws/src/add_pallet/src/load_pallet.cpp:74:13:[m[K [01;31m[Kerror: [m[K‘[01m[Kint_map[m[K’ was not declared in this scope
             [01;31m[Kint_map[m[K = YAML2Map<int>(Pallet_Params["ints"])
             [01;31m[K^~~~~~~[m[K
[01m[K/home/loren.lyttle/tests/catkin_ws/src/add_pallet/src/load_pallet.cpp:74:13:[m[K [01;36m[Knote: [m[Ksuggested alternative: ‘[01m[Kbool_map[m[K’
             [01;36m[Kint_map[m[K = YAML2Map<int>(Pallet_Params["ints"])
             [01;36m[K^~~~~~~[m[K
             [32m[Kbool_map[m[K
/home/loren.lyttle/tests/catkin_ws/src/add_pallet/src/load_pallet.cpp: In instantiation of ‘[01m[Kstd::map<std::__cxx11::basic_string<char>, T> YAML2Map(YAML::Node) [with T = bool][m[K’:
[01m[K/home/loren.lyttle/tests/catkin_ws/src/add_pallet/src/load_pallet.cpp:68:61:[m[K   required from here
[01m[K/home/loren.lyttle/tests/catkin_ws/src/add_pallet/src/load_pallet.cpp:31:12:[m[K [01;31m[Kerror: [m[Kcould not convert ‘[01m[Kmap[m[K’ from ‘[01m[Kint[m[K’ to ‘[01m[Kstd::map<std::__cxx11::basic_string<char>, bool>[m[K’
     return [01;31m[Kmap[m[K;
            [01;31m[K^~~[m[K
/home/loren.lyttle/tests/catkin_ws/src/add_pallet/src/load_pallet.cpp: In instantiation of ‘[01m[Kstd::map<std::__cxx11::basic_string<char>, T> YAML2Map(YAML::Node) [with T = double][m[K’:
[01m[K/home/loren.lyttle/tests/catkin_ws/src/add_pallet/src/load_pallet.cpp:71:67:[m[K   required from here
[01m[K/home/loren.lyttle/tests/catkin_ws/src/add_pallet/src/load_pallet.cpp:31:12:[m[K [01;31m[Kerror: [m[Kcould not convert ‘[01m[Kmap[m[K’ from ‘[01m[Kint[m[K’ to ‘[01m[Kstd::map<std::__cxx11::basic_string<char>, double>[m[K’
/home/loren.lyttle/tests/catkin_ws/src/add_pallet/src/load_pallet.cpp: In instantiation of ‘[01m[Kstd::map<std::__cxx11::basic_string<char>, T> YAML2Map(YAML::Node) [with T = int][m[K’:
[01m[K/home/loren.lyttle/tests/catkin_ws/src/add_pallet/src/load_pallet.cpp:74:58:[m[K   required from here
[01m[K/home/loren.lyttle/tests/catkin_ws/src/add_pallet/src/load_pallet.cpp:31:12:[m[K [01;31m[Kerror: [m[Kcould not convert ‘[01m[Kmap[m[K’ from ‘[01m[Kint[m[K’ to ‘[01m[Kstd::map<std::__cxx11::basic_string<char>, int>[m[K’
make[2]: *** [CMakeFiles/load_pallet.dir/src/load_pallet.cpp.o] Error 1
make[1]: *** [CMakeFiles/load_pallet.dir/all] Error 2
make: *** [all] Error 2
