[36m--[0m Using CATKIN_DEVEL_PREFIX: /home/loren.lyttle/tests/catkin_ws/devel/.private/add_pallet
[36m--[0m Using CMAKE_PREFIX_PATH: /home/loren.lyttle/tests/catkin_ws/devel;/opt/ros/melodic
[36m--[0m This workspace overlays: /home/loren.lyttle/tests/catkin_ws/devel;/opt/ros/melodic
[36m--[0m Found PythonInterp: /usr/bin/python2 (found suitable version "2.7.17", minimum required is "2")
[36m--[0m Using PYTHON_EXECUTABLE: /usr/bin/python2
[36m--[0m Using Debian Python package layout
[36m--[0m Using empy: /usr/bin/empy
[36m--[0m Using CATKIN_ENABLE_TESTING: ON
[36m--[0m Call enable_testing()
[36m--[0m Using CATKIN_TEST_RESULTS_DIR: /home/loren.lyttle/tests/catkin_ws/build/add_pallet/test_results
[36m--[0m Found gtest sources under '/usr/src/googletest': gtests will be built
[36m--[0m Found gmock sources under '/usr/src/googletest': gmock will be built
[36m--[0m Found PythonInterp: /usr/bin/python2 (found version "2.7.17")
[36m--[0m Using Python nosetests: /usr/bin/nosetests-2.7
[36m--[0m catkin 0.7.29
[36m--[0m BUILD_SHARED_LIBS is on
[36m--[0m ================================================
[36m--[0m DR: 1
[36m--[0m ================================================
[31m[1mCMake Error[0m at /home/loren.lyttle/tests/catkin_ws/src/add_pallet/CMakeLists.txt:150 (target_link_libraries):
  Cannot specify link libraries for target "first_node" which is not built by
  this project.


[36m--[0m Configuring incomplete, errors occurred!
See also "/home/loren.lyttle/tests/catkin_ws/build/add_pallet/CMakeFiles/CMakeOutput.log".
See also "/home/loren.lyttle/tests/catkin_ws/build/add_pallet/CMakeFiles/CMakeError.log".
Makefile:672: recipe for target 'cmake_check_build_system' failed
make: *** [cmake_check_build_system] Error 1
