In file included from [01m[K/home/loren.lyttle/tests/catkin_ws/src/add_pallet/src/pallet_library.cpp:13:0[m[K:
[01m[K/home/loren.lyttle/tests/catkin_ws/src/add_pallet/include/add_pallet/PalletLibraryNode.h:[m[K In function ‘[01m[Kint update_specific(T*, std::__cxx11::string)[m[K’:
[01m[K/home/loren.lyttle/tests/catkin_ws/src/add_pallet/include/add_pallet/PalletLibraryNode.h:29:9:[m[K [01;31m[Kerror: [m[K‘[01m[Km_node[m[K’ was not declared in this scope
         [01;31m[Km_node[m[K.param(prefix + "bools/" + name.substr(2),
         [01;31m[K^~~~~~[m[K
[01m[K/home/loren.lyttle/tests/catkin_ws/src/add_pallet/include/add_pallet/PalletLibraryNode.h:29:9:[m[K [01;36m[Knote: [m[Ksuggested alternative: ‘[01m[K__modf[m[K’
         [01;36m[Km_node[m[K.param(prefix + "bools/" + name.substr(2),
         [01;36m[K^~~~~~[m[K
         [32m[K__modf[m[K
[01m[K/home/loren.lyttle/tests/catkin_ws/src/add_pallet/include/add_pallet/PalletLibraryNode.h:33:9:[m[K [01;31m[Kerror: [m[K‘[01m[Km_node[m[K’ was not declared in this scope
         [01;31m[Km_node[m[K.param(prefix + "doubles/" + name.substr(2),
         [01;31m[K^~~~~~[m[K
[01m[K/home/loren.lyttle/tests/catkin_ws/src/add_pallet/include/add_pallet/PalletLibraryNode.h:33:9:[m[K [01;36m[Knote: [m[Ksuggested alternative: ‘[01m[K__modf[m[K’
         [01;36m[Km_node[m[K.param(prefix + "doubles/" + name.substr(2),
         [01;36m[K^~~~~~[m[K
         [32m[K__modf[m[K
[01m[K/home/loren.lyttle/tests/catkin_ws/src/add_pallet/include/add_pallet/PalletLibraryNode.h:37:9:[m[K [01;31m[Kerror: [m[K‘[01m[Km_node[m[K’ was not declared in this scope
         [01;31m[Km_node[m[K.param(prefix + "ints/" + name.substr(2),
         [01;31m[K^~~~~~[m[K
[01m[K/home/loren.lyttle/tests/catkin_ws/src/add_pallet/include/add_pallet/PalletLibraryNode.h:37:9:[m[K [01;36m[Knote: [m[Ksuggested alternative: ‘[01m[K__modf[m[K’
         [01;36m[Km_node[m[K.param(prefix + "ints/" + name.substr(2),
         [01;36m[K^~~~~~[m[K
         [32m[K__modf[m[K
make[2]: *** [CMakeFiles/add_pallet.dir/src/pallet_library.cpp.o] Error 1
make[1]: *** [CMakeFiles/add_pallet.dir/all] Error 2
make: *** [all] Error 2
