CMakeFiles/pallet_library.dir/src/pallet_library.cpp.o: In function `YAML::Node::Scalar[abi:cxx11]() const [clone .isra.149]':
pallet_library.cpp:(.text+0x5db): undefined reference to `YAML::detail::node_data::empty_scalar[abi:cxx11]'
CMakeFiles/pallet_library.dir/src/pallet_library.cpp.o: In function `load_pallet(std::__cxx11::basic_string<char, std::char_traits<char>, std::allocator<char> >)':
pallet_library.cpp:(.text+0x799): undefined reference to `YAML::LoadFile(std::__cxx11::basic_string<char, std::char_traits<char>, std::allocator<char> > const&)'
pallet_library.cpp:(.text+0x988): undefined reference to `YAML::detail::memory_holder::merge(YAML::detail::memory_holder&)'
CMakeFiles/pallet_library.dir/src/pallet_library.cpp.o: In function `YAML::Node::begin()':
pallet_library.cpp:(.text._ZN4YAML4Node5beginEv[_ZN4YAML4Node5beginEv]+0x49): undefined reference to `YAML::detail::node_data::begin()'
CMakeFiles/pallet_library.dir/src/pallet_library.cpp.o: In function `YAML::Node::end()':
pallet_library.cpp:(.text._ZN4YAML4Node3endEv[_ZN4YAML4Node3endEv]+0x49): undefined reference to `YAML::detail::node_data::end()'
CMakeFiles/pallet_library.dir/src/pallet_library.cpp.o: In function `YAML::detail::node::mark_defined()':
pallet_library.cpp:(.text._ZN4YAML6detail4node12mark_definedEv[_ZN4YAML6detail4node12mark_definedEv]+0x23): undefined reference to `YAML::detail::node_data::mark_defined()'
CMakeFiles/pallet_library.dir/src/pallet_library.cpp.o: In function `std::__cxx11::basic_string<char, std::char_traits<char>, std::allocator<char> > const YAML::Node::as<std::__cxx11::basic_string<char, std::char_traits<char>, std::allocator<char> > >() const':
pallet_library.cpp:(.text._ZNK4YAML4Node2asINSt7__cxx1112basic_stringIcSt11char_traitsIcESaIcEEEEEKT_v[_ZNK4YAML4Node2asINSt7__cxx1112basic_stringIcSt11char_traitsIcESaIcEEEEEKT_v]+0x34): undefined reference to `YAML::detail::node_data::empty_scalar[abi:cxx11]'
CMakeFiles/pallet_library.dir/src/pallet_library.cpp.o: In function `YAML::Node::EnsureNodeExists() const':
pallet_library.cpp:(.text._ZNK4YAML4Node16EnsureNodeExistsEv[_ZNK4YAML4Node16EnsureNodeExistsEv]+0xe9): undefined reference to `YAML::detail::memory::create_node()'
pallet_library.cpp:(.text._ZNK4YAML4Node16EnsureNodeExistsEv[_ZNK4YAML4Node16EnsureNodeExistsEv]+0x108): undefined reference to `YAML::detail::node_data::set_null()'
CMakeFiles/pallet_library.dir/src/pallet_library.cpp.o: In function `YAML::detail::node& YAML::detail::node_data::get<std::__cxx11::basic_string<char, std::char_traits<char>, std::allocator<char> > >(std::__cxx11::basic_string<char, std::char_traits<char>, std::allocator<char> > const&, boost::shared_ptr<YAML::detail::memory_holder>)':
pallet_library.cpp:(.text._ZN4YAML6detail9node_data3getINSt7__cxx1112basic_stringIcSt11char_traitsIcESaIcEEEEERNS0_4nodeERKT_N5boost10shared_ptrINS0_13memory_holderEEE[_ZN4YAML6detail9node_data3getINSt7__cxx1112basic_stringIcSt11char_traitsIcESaIcEEEEERNS0_4nodeERKT_N5boost10shared_ptrINS0_13memory_holderEEE]+0x30b): undefined reference to `YAML::detail::memory::create_node()'
pallet_library.cpp:(.text._ZN4YAML6detail9node_data3getINSt7__cxx1112basic_stringIcSt11char_traitsIcESaIcEEEEERNS0_4nodeERKT_N5boost10shared_ptrINS0_13memory_holderEEE[_ZN4YAML6detail9node_data3getINSt7__cxx1112basic_stringIcSt11char_traitsIcESaIcEEEEERNS0_4nodeERKT_N5boost10shared_ptrINS0_13memory_holderEEE]+0x345): undefined reference to `YAML::detail::node_data::set_scalar(std::__cxx11::basic_string<char, std::char_traits<char>, std::allocator<char> > const&)'
pallet_library.cpp:(.text._ZN4YAML6detail9node_data3getINSt7__cxx1112basic_stringIcSt11char_traitsIcESaIcEEEEERNS0_4nodeERKT_N5boost10shared_ptrINS0_13memory_holderEEE[_ZN4YAML6detail9node_data3getINSt7__cxx1112basic_stringIcSt11char_traitsIcESaIcEEEEERNS0_4nodeERKT_N5boost10shared_ptrINS0_13memory_holderEEE]+0x35a): undefined reference to `YAML::detail::memory_holder::merge(YAML::detail::memory_holder&)'
pallet_library.cpp:(.text._ZN4YAML6detail9node_data3getINSt7__cxx1112basic_stringIcSt11char_traitsIcESaIcEEEEERNS0_4nodeERKT_N5boost10shared_ptrINS0_13memory_holderEEE[_ZN4YAML6detail9node_data3getINSt7__cxx1112basic_stringIcSt11char_traitsIcESaIcEEEEERNS0_4nodeERKT_N5boost10shared_ptrINS0_13memory_holderEEE]+0x387): undefined reference to `YAML::detail::memory::create_node()'
pallet_library.cpp:(.text._ZN4YAML6detail9node_data3getINSt7__cxx1112basic_stringIcSt11char_traitsIcESaIcEEEEERNS0_4nodeERKT_N5boost10shared_ptrINS0_13memory_holderEEE[_ZN4YAML6detail9node_data3getINSt7__cxx1112basic_stringIcSt11char_traitsIcESaIcEEEEERNS0_4nodeERKT_N5boost10shared_ptrINS0_13memory_holderEEE]+0x39b): undefined reference to `YAML::detail::node_data::insert_map_pair(YAML::detail::node&, YAML::detail::node&)'
pallet_library.cpp:(.text._ZN4YAML6detail9node_data3getINSt7__cxx1112basic_stringIcSt11char_traitsIcESaIcEEEEERNS0_4nodeERKT_N5boost10shared_ptrINS0_13memory_holderEEE[_ZN4YAML6detail9node_data3getINSt7__cxx1112basic_stringIcSt11char_traitsIcESaIcEEEEERNS0_4nodeERKT_N5boost10shared_ptrINS0_13memory_holderEEE]+0x40a): undefined reference to `YAML::detail::node_data::convert_to_map(boost::shared_ptr<YAML::detail::memory_holder>)'
CMakeFiles/pallet_library.dir/src/pallet_library.cpp.o: In function `std::map<std::__cxx11::basic_string<char, std::char_traits<char>, std::allocator<char> >, bool, std::less<std::__cxx11::basic_string<char, std::char_traits<char>, std::allocator<char> > >, std::allocator<std::pair<std::__cxx11::basic_string<char, std::char_traits<char>, std::allocator<char> > const, bool> > > yaml_to_type_map<bool>(YAML::Node)':
pallet_library.cpp:(.text._Z16yaml_to_type_mapIbESt3mapINSt7__cxx1112basic_stringIcSt11char_traitsIcESaIcEEET_St4lessIS6_ESaISt4pairIKS6_S7_EEEN4YAML4NodeE[_Z16yaml_to_type_mapIbESt3mapINSt7__cxx1112basic_stringIcSt11char_traitsIcESaIcEEET_St4lessIS6_ESaISt4pairIKS6_S7_EEEN4YAML4NodeE]+0x5bb): undefined reference to `YAML::convert<bool>::decode(YAML::Node const&, bool&)'
collect2: error: ld returned 1 exit status
make[2]: *** [/home/loren.lyttle/tests/catkin_ws/devel/.private/add_pallet/lib/add_pallet/pallet_library] Error 1
make[1]: *** [CMakeFiles/pallet_library.dir/all] Error 2
make: *** [all] Error 2
