[01m[K/home/loren.lyttle/tests/catkin_ws/src/add_pallet/src/pallet_library.cpp:[m[K In member function ‘[01m[Kvoid PalletLibraryNode::dynamic_callback(add_pallet::dynamic_paramsConfig&, uint32_t)[m[K’:
[01m[K/home/loren.lyttle/tests/catkin_ws/src/add_pallet/src/pallet_library.cpp:160:8:[m[K [01;31m[Kerror: [m[Kexpected ‘[01m[K([m[K’ before string constant
     if [01;31m[K"stringer40ThreeLegFrontFaceDetector"[m[K.compare(config.AA_dynamic_type_param)
        [01;31m[K^~~~~~~~~~~~~~~~~~~~~~~~~~~~~~~~~~~~~[m[K
[01m[K/home/loren.lyttle/tests/catkin_ws/src/add_pallet/src/pallet_library.cpp:162:5:[m[K [01;31m[Kerror: [m[K‘[01m[Kelse[m[K’ without a previous ‘[01m[Kif[m[K’
     [01;31m[Kelse[m[K if "stringer50ThreeLegFrontFaceDetector".compare(config.AA_dynamic_type_param)
     [01;31m[K^~~~[m[K
[01m[K/home/loren.lyttle/tests/catkin_ws/src/add_pallet/src/pallet_library.cpp:162:13:[m[K [01;31m[Kerror: [m[Kexpected ‘[01m[K([m[K’ before string constant
     else if [01;31m[K"stringer50ThreeLegFrontFaceDetector"[m[K.compare(config.AA_dynamic_type_param)
             [01;31m[K^~~~~~~~~~~~~~~~~~~~~~~~~~~~~~~~~~~~~[m[K
[01m[K/home/loren.lyttle/tests/catkin_ws/src/add_pallet/src/pallet_library.cpp:164:5:[m[K [01;31m[Kerror: [m[K‘[01m[Kelse[m[K’ without a previous ‘[01m[Kif[m[K’
     [01;31m[Kelse[m[K
     [01;31m[K^~~~[m[K
[01m[K/home/loren.lyttle/tests/catkin_ws/src/add_pallet/src/pallet_library.cpp:[m[K At global scope:
[01m[K/home/loren.lyttle/tests/catkin_ws/src/add_pallet/src/pallet_library.cpp:168:1:[m[K [01;31m[Kerror: [m[Kexpected declaration before ‘[01m[K}[m[K’ token
 [01;31m[K}[m[K
 [01;31m[K^[m[K
make[2]: *** [CMakeFiles/add_pallet.dir/src/pallet_library.cpp.o] Error 1
make[1]: *** [CMakeFiles/add_pallet.dir/all] Error 2
make: *** [all] Error 2
