[01m[K/home/loren.lyttle/tests/catkin_ws/src/add_pallet/src/remote_add.cpp:[m[K In function ‘[01m[Kvoid SetParams(std::__cxx11::string, int, int, bool)[m[K’:
[01m[K/home/loren.lyttle/tests/catkin_ws/src/add_pallet/src/remote_add.cpp:31:41:[m[K [01;31m[Kerror: [m[Kconversion from ‘[01m[Kdouble[m[K’ to non-scalar type ‘[01m[Kstd::__cxx11::string {aka std::__cxx11::basic_string<char>}[m[K’ requested
     std::string result = [01;31m[Kstd::accumulate(M.begin(),M.end(),double(),[delimiter](const std::string& s, const std::pair<const std::string, double>& p)[m[K
                          [01;31m[K~~~~~~~~~~~~~~~^~~~~~~~~~~~~~~~~~~~~~~~~~~~~~~~~~~~~~~~~~~~~~~~~~~~~~~~~~~~~~~~~~~~~~~~~~~~~~~~~~~~~~~~~~~~~~~~~~~~~~~~~~~~[m[K
 [01;31m[K    {[m[K
     [01;31m[K~[m[K                                    
 [01;31m[K        return s + (s.empty() ? std::string() : delimiter) + p.first;[m[K
         [01;31m[K~~~~~~~~~~~~~~~~~~~~~~~~~~~~~~~~~~~~~~~~~~~~~~~~~~~~~~~~~~~~~[m[K
 [01;31m[K    })[m[K;
     [01;31m[K~~[m[K                                   
In file included from [01m[K/usr/include/c++/7/numeric:62:0[m[K,
                 from [01m[K/home/loren.lyttle/tests/catkin_ws/src/add_pallet/src/remote_add.cpp:3[m[K:
/usr/include/c++/7/bits/stl_numeric.h: In instantiation of ‘[01m[K_Tp std::accumulate(_InputIterator, _InputIterator, _Tp, _BinaryOperation) [with _InputIterator = std::_Rb_tree_iterator<std::pair<const std::__cxx11::basic_string<char>, double> >; _Tp = double; _BinaryOperation = SetParams(std::__cxx11::string, int, int, bool)::<lambda(const string&, const std::pair<const std::__cxx11::basic_string<char>, double>&)>][m[K’:
[01m[K/home/loren.lyttle/tests/catkin_ws/src/add_pallet/src/remote_add.cpp:34:6:[m[K   required from here
[01m[K/usr/include/c++/7/bits/stl_numeric.h:154:22:[m[K [01;31m[Kerror: [m[Kno match for call to ‘[01m[K(SetParams(std::__cxx11::string, int, int, bool)::<lambda(const string&, const std::pair<const std::__cxx11::basic_string<char>, double>&)>) (double&, std::pair<const std::__cxx11::basic_string<char>, double>&)[m[K’
  __init = [01;31m[K__binary_op(__init, *__first)[m[K;
           [01;31m[K~~~~~~~~~~~^~~~~~~~~~~~~~~~~~[m[K
[01m[K/home/loren.lyttle/tests/catkin_ws/src/add_pallet/src/remote_add.cpp:31:148:[m[K [01;36m[Knote: [m[Kcandidate: SetParams(std::__cxx11::string, int, int, bool)::<lambda(const string&, const std::pair<const std::__cxx11::basic_string<char>, double>&)>
     std::string result = std::accumulate(M.begin(),M.end(),double(),[delimiter](const std::string& s, const std::pair<const std::string, double>& p[01;36m[K)[m[K
                                                                                                                                                    [01;36m[K^[m[K
[01m[K/home/loren.lyttle/tests/catkin_ws/src/add_pallet/src/remote_add.cpp:31:148:[m[K [01;36m[Knote: [m[K  no known conversion for argument 1 from ‘[01m[Kdouble[m[K’ to ‘[01m[Kconst string& {aka const std::__cxx11::basic_string<char>&}[m[K’
make[2]: *** [CMakeFiles/remote_add.dir/src/remote_add.cpp.o] Error 1
make[1]: *** [CMakeFiles/remote_add.dir/all] Error 2
make: *** [all] Error 2
