[01m[K/home/loren.lyttle/tests/catkin_ws/src/add_pallet/src/remote_add.cpp:[m[K In function ‘[01m[Kint main(int, char**)[m[K’:
[01m[K/home/loren.lyttle/tests/catkin_ws/src/add_pallet/src/remote_add.cpp:45:37:[m[K [01;31m[Kerror: [m[Kno matching function for call to ‘[01m[Kstd::vector<dynamic_reconfigure::IntParameter_<std::allocator<void> >, std::allocator<dynamic_reconfigure::IntParameter_<std::allocator<void> > > >::push_back(dynamic_reconfigure::StrParameter&)[m[K’
     conf.ints.push_back(string_param[01;31m[K)[m[K;
                                     [01;31m[K^[m[K
In file included from [01m[K/usr/include/c++/7/vector:64:0[m[K,
                 from [01m[K/usr/include/boost/math/special_functions/math_fwd.hpp:26[m[K,
                 from [01m[K/usr/include/boost/math/special_functions/round.hpp:15[m[K,
                 from [01m[K/opt/ros/melodic/include/ros/time.h:58[m[K,
                 from [01m[K/opt/ros/melodic/include/ros/ros.h:38[m[K,
                 from [01m[K/home/loren.lyttle/tests/catkin_ws/src/add_pallet/src/remote_add.cpp:1[m[K:
[01m[K/usr/include/c++/7/bits/stl_vector.h:939:7:[m[K [01;36m[Knote: [m[Kcandidate: void std::vector<_Tp, _Alloc>::push_back(const value_type&) [with _Tp = dynamic_reconfigure::IntParameter_<std::allocator<void> >; _Alloc = std::allocator<dynamic_reconfigure::IntParameter_<std::allocator<void> > >; std::vector<_Tp, _Alloc>::value_type = dynamic_reconfigure::IntParameter_<std::allocator<void> >]
       [01;36m[Kpush_back[m[K(const value_type& __x)
       [01;36m[K^~~~~~~~~[m[K
[01m[K/usr/include/c++/7/bits/stl_vector.h:939:7:[m[K [01;36m[Knote: [m[K  no known conversion for argument 1 from ‘[01m[Kdynamic_reconfigure::StrParameter {aka dynamic_reconfigure::StrParameter_<std::allocator<void> >}[m[K’ to ‘[01m[Kconst value_type& {aka const dynamic_reconfigure::IntParameter_<std::allocator<void> >&}[m[K’
[01m[K/usr/include/c++/7/bits/stl_vector.h:953:7:[m[K [01;36m[Knote: [m[Kcandidate: void std::vector<_Tp, _Alloc>::push_back(std::vector<_Tp, _Alloc>::value_type&&) [with _Tp = dynamic_reconfigure::IntParameter_<std::allocator<void> >; _Alloc = std::allocator<dynamic_reconfigure::IntParameter_<std::allocator<void> > >; std::vector<_Tp, _Alloc>::value_type = dynamic_reconfigure::IntParameter_<std::allocator<void> >]
       [01;36m[Kpush_back[m[K(value_type&& __x)
       [01;36m[K^~~~~~~~~[m[K
[01m[K/usr/include/c++/7/bits/stl_vector.h:953:7:[m[K [01;36m[Knote: [m[K  no known conversion for argument 1 from ‘[01m[Kdynamic_reconfigure::StrParameter {aka dynamic_reconfigure::StrParameter_<std::allocator<void> >}[m[K’ to ‘[01m[Kstd::vector<dynamic_reconfigure::IntParameter_<std::allocator<void> >, std::allocator<dynamic_reconfigure::IntParameter_<std::allocator<void> > > >::value_type&& {aka dynamic_reconfigure::IntParameter_<std::allocator<void> >&&}[m[K’
[01m[K/home/loren.lyttle/tests/catkin_ws/src/add_pallet/src/remote_add.cpp:49:5:[m[K [01;31m[Kerror: [m[Kexpected ‘[01m[K;[m[K’ before ‘[01m[Ksrv_req[m[K’
     [01;31m[Ksrv_req[m[K.config = conf;
     [01;31m[K^~~~~~~[m[K
make[2]: *** [CMakeFiles/remote_add.dir/src/remote_add.cpp.o] Error 1
make[1]: *** [CMakeFiles/remote_add.dir/all] Error 2
make: *** [all] Error 2
