In file included from [01m[K/usr/include/x86_64-linux-gnu/c++/7/bits/c++allocator.h:33:0[m[K,
                 from [01m[K/usr/include/c++/7/bits/allocator.h:46[m[K,
                 from [01m[K/usr/include/c++/7/string:41[m[K,
                 from [01m[K/opt/ros/melodic/include/ros/platform.h:38[m[K,
                 from [01m[K/opt/ros/melodic/include/ros/time.h:53[m[K,
                 from [01m[K/opt/ros/melodic/include/ros/ros.h:38[m[K,
                 from [01m[K/home/loren.lyttle/tests/catkin_ws/src/add_pallet/src/pallet_library.cpp:1[m[K:
/usr/include/c++/7/ext/new_allocator.h: In instantiation of ‘[01m[Kvoid __gnu_cxx::new_allocator<_Tp>::construct(_Up*, _Args&& ...) [with _Up = std::pair<const std::__cxx11::basic_string<char>, double>; _Args = {std::__cxx11::basic_string<char, std::char_traits<char>, std::allocator<char> >, std::__cxx11::basic_string<char, std::char_traits<char>, std::allocator<char> >}; _Tp = std::_Rb_tree_node<std::pair<const std::__cxx11::basic_string<char>, double> >][m[K’:
[01m[K/usr/include/c++/7/bits/alloc_traits.h:475:4:[m[K   required from ‘[01m[Kstatic void std::allocator_traits<std::allocator<_CharT> >::construct(std::allocator_traits<std::allocator<_CharT> >::allocator_type&, _Up*, _Args&& ...) [with _Up = std::pair<const std::__cxx11::basic_string<char>, double>; _Args = {std::__cxx11::basic_string<char, std::char_traits<char>, std::allocator<char> >, std::__cxx11::basic_string<char, std::char_traits<char>, std::allocator<char> >}; _Tp = std::_Rb_tree_node<std::pair<const std::__cxx11::basic_string<char>, double> >; std::allocator_traits<std::allocator<_CharT> >::allocator_type = std::allocator<std::_Rb_tree_node<std::pair<const std::__cxx11::basic_string<char>, double> > >][m[K’
[01m[K/usr/include/c++/7/bits/stl_tree.h:626:32:[m[K   required from ‘[01m[Kvoid std::_Rb_tree<_Key, _Val, _KeyOfValue, _Compare, _Alloc>::_M_construct_node(std::_Rb_tree<_Key, _Val, _KeyOfValue, _Compare, _Alloc>::_Link_type, _Args&& ...) [with _Args = {std::__cxx11::basic_string<char, std::char_traits<char>, std::allocator<char> >, std::__cxx11::basic_string<char, std::char_traits<char>, std::allocator<char> >}; _Key = std::__cxx11::basic_string<char>; _Val = std::pair<const std::__cxx11::basic_string<char>, double>; _KeyOfValue = std::_Select1st<std::pair<const std::__cxx11::basic_string<char>, double> >; _Compare = std::less<std::__cxx11::basic_string<char> >; _Alloc = std::allocator<std::pair<const std::__cxx11::basic_string<char>, double> >; std::_Rb_tree<_Key, _Val, _KeyOfValue, _Compare, _Alloc>::_Link_type = std::_Rb_tree_node<std::pair<const std::__cxx11::basic_string<char>, double> >*][m[K’
[01m[K/usr/include/c++/7/bits/stl_tree.h:643:21:[m[K   required from ‘[01m[Kstd::_Rb_tree_node<_Val>* std::_Rb_tree<_Key, _Val, _KeyOfValue, _Compare, _Alloc>::_M_create_node(_Args&& ...) [with _Args = {std::__cxx11::basic_string<char, std::char_traits<char>, std::allocator<char> >, std::__cxx11::basic_string<char, std::char_traits<char>, std::allocator<char> >}; _Key = std::__cxx11::basic_string<char>; _Val = std::pair<const std::__cxx11::basic_string<char>, double>; _KeyOfValue = std::_Select1st<std::pair<const std::__cxx11::basic_string<char>, double> >; _Compare = std::less<std::__cxx11::basic_string<char> >; _Alloc = std::allocator<std::pair<const std::__cxx11::basic_string<char>, double> >; std::_Rb_tree<_Key, _Val, _KeyOfValue, _Compare, _Alloc>::_Link_type = std::_Rb_tree_node<std::pair<const std::__cxx11::basic_string<char>, double> >*][m[K’
[01m[K/usr/include/c++/7/bits/stl_tree.h:2351:33:[m[K   required from ‘[01m[Kstd::pair<std::_Rb_tree_iterator<_Val>, bool> std::_Rb_tree<_Key, _Val, _KeyOfValue, _Compare, _Alloc>::_M_emplace_unique(_Args&& ...) [with _Args = {std::__cxx11::basic_string<char, std::char_traits<char>, std::allocator<char> >, std::__cxx11::basic_string<char, std::char_traits<char>, std::allocator<char> >}; _Key = std::__cxx11::basic_string<char>; _Val = std::pair<const std::__cxx11::basic_string<char>, double>; _KeyOfValue = std::_Select1st<std::pair<const std::__cxx11::basic_string<char>, double> >; _Compare = std::less<std::__cxx11::basic_string<char> >; _Alloc = std::allocator<std::pair<const std::__cxx11::basic_string<char>, double> >][m[K’
[01m[K/usr/include/c++/7/bits/stl_map.h:569:64:[m[K   required from ‘[01m[Kstd::pair<typename std::_Rb_tree<_Key, std::pair<const _Key, _Tp>, std::_Select1st<std::pair<const _Key, _Tp> >, _Compare, typename __gnu_cxx::__alloc_traits<_Allocator>::rebind<std::pair<const _Key, _Tp> >::other>::iterator, bool> std::map<_Key, _Tp, _Compare, _Alloc>::emplace(_Args&& ...) [with _Args = {std::__cxx11::basic_string<char, std::char_traits<char>, std::allocator<char> >, std::__cxx11::basic_string<char, std::char_traits<char>, std::allocator<char> >}; _Key = std::__cxx11::basic_string<char>; _Tp = double; _Compare = std::less<std::__cxx11::basic_string<char> >; _Alloc = std::allocator<std::pair<const std::__cxx11::basic_string<char>, double> >; typename std::_Rb_tree<_Key, std::pair<const _Key, _Tp>, std::_Select1st<std::pair<const _Key, _Tp> >, _Compare, typename __gnu_cxx::__alloc_traits<_Allocator>::rebind<std::pair<const _Key, _Tp> >::other>::iterator = std::_Rb_tree_iterator<std::pair<const std::__cxx11::basic_string<char>, double> >][m[K’
[01m[K/home/loren.lyttle/tests/catkin_ws/src/add_pallet/src/pallet_library.cpp:38:93:[m[K   required from here
[01m[K/usr/include/c++/7/ext/new_allocator.h:136:4:[m[K [01;31m[Kerror: [m[Kno matching function for call to ‘[01m[Kstd::pair<const std::__cxx11::basic_string<char>, double>::pair(std::__cxx11::basic_string<char>, std::__cxx11::basic_string<char>)[m[K’
  { [01;31m[K::new((void *)__p) _Up(std::forward<_Args>(__args)...)[m[K; }
    [01;31m[K^~~~~~~~~~~~~~~~~~~~~~~~~~~~~~~~~~~~~~~~~~~~~~~~~~~~~~[m[K
In file included from [01m[K/usr/include/c++/7/bits/stl_algobase.h:64:0[m[K,
                 from [01m[K/usr/include/c++/7/bits/char_traits.h:39[m[K,
                 from [01m[K/usr/include/c++/7/string:40[m[K,
                 from [01m[K/opt/ros/melodic/include/ros/platform.h:38[m[K,
                 from [01m[K/opt/ros/melodic/include/ros/time.h:53[m[K,
                 from [01m[K/opt/ros/melodic/include/ros/ros.h:38[m[K,
                 from [01m[K/home/loren.lyttle/tests/catkin_ws/src/add_pallet/src/pallet_library.cpp:1[m[K:
[01m[K/usr/include/c++/7/bits/stl_pair.h:436:9:[m[K [01;36m[Knote: [m[Kcandidate: template<class ... _Args1, long unsigned int ..._Indexes1, class ... _Args2, long unsigned int ..._Indexes2> std::pair<_T1, _T2>::pair(std::tuple<_Args1 ...>&, std::tuple<_Args2 ...>&, std::_Index_tuple<_Indexes1 ...>, std::_Index_tuple<_Indexes2 ...>)
         [01;36m[Kpair[m[K(tuple<_Args1...>&, tuple<_Args2...>&,
         [01;36m[K^~~~[m[K
[01m[K/usr/include/c++/7/bits/stl_pair.h:436:9:[m[K [01;36m[Knote: [m[K  template argument deduction/substitution failed:
In file included from [01m[K/usr/include/x86_64-linux-gnu/c++/7/bits/c++allocator.h:33:0[m[K,
                 from [01m[K/usr/include/c++/7/bits/allocator.h:46[m[K,
                 from [01m[K/usr/include/c++/7/string:41[m[K,
                 from [01m[K/opt/ros/melodic/include/ros/platform.h:38[m[K,
                 from [01m[K/opt/ros/melodic/include/ros/time.h:53[m[K,
                 from [01m[K/opt/ros/melodic/include/ros/ros.h:38[m[K,
                 from [01m[K/home/loren.lyttle/tests/catkin_ws/src/add_pallet/src/pallet_library.cpp:1[m[K:
[01m[K/usr/include/c++/7/ext/new_allocator.h:136:4:[m[K [01;36m[Knote: [m[K  ‘[01m[Kstd::__cxx11::basic_string<char>[m[K’ is not derived from ‘[01m[Kstd::tuple<_Tps ...>[m[K’
  { [01;36m[K::new((void *)__p) _Up(std::forward<_Args>(__args)...)[m[K; }
    [01;36m[K^~~~~~~~~~~~~~~~~~~~~~~~~~~~~~~~~~~~~~~~~~~~~~~~~~~~~~[m[K
In file included from [01m[K/usr/include/c++/7/bits/stl_algobase.h:64:0[m[K,
                 from [01m[K/usr/include/c++/7/bits/char_traits.h:39[m[K,
                 from [01m[K/usr/include/c++/7/string:40[m[K,
                 from [01m[K/opt/ros/melodic/include/ros/platform.h:38[m[K,
                 from [01m[K/opt/ros/melodic/include/ros/time.h:53[m[K,
                 from [01m[K/opt/ros/melodic/include/ros/ros.h:38[m[K,
                 from [01m[K/home/loren.lyttle/tests/catkin_ws/src/add_pallet/src/pallet_library.cpp:1[m[K:
[01m[K/usr/include/c++/7/bits/stl_pair.h:375:9:[m[K [01;36m[Knote: [m[Kcandidate: template<class ... _Args1, class ... _Args2> std::pair<_T1, _T2>::pair(std::piecewise_construct_t, std::tuple<_Args1 ...>, std::tuple<_Args2 ...>)
         [01;36m[Kpair[m[K(piecewise_construct_t, tuple<_Args1...>, tuple<_Args2...>);
         [01;36m[K^~~~[m[K
[01m[K/usr/include/c++/7/bits/stl_pair.h:375:9:[m[K [01;36m[Knote: [m[K  template argument deduction/substitution failed:
In file included from [01m[K/usr/include/x86_64-linux-gnu/c++/7/bits/c++allocator.h:33:0[m[K,
                 from [01m[K/usr/include/c++/7/bits/allocator.h:46[m[K,
                 from [01m[K/usr/include/c++/7/string:41[m[K,
                 from [01m[K/opt/ros/melodic/include/ros/platform.h:38[m[K,
                 from [01m[K/opt/ros/melodic/include/ros/time.h:53[m[K,
                 from [01m[K/opt/ros/melodic/include/ros/ros.h:38[m[K,
                 from [01m[K/home/loren.lyttle/tests/catkin_ws/src/add_pallet/src/pallet_library.cpp:1[m[K:
[01m[K/usr/include/c++/7/ext/new_allocator.h:136:4:[m[K [01;36m[Knote: [m[K  ‘[01m[Kstd::__cxx11::basic_string<char>[m[K’ is not derived from ‘[01m[Kstd::tuple<_Tps ...>[m[K’
  { [01;36m[K::new((void *)__p) _Up(std::forward<_Args>(__args)...)[m[K; }
    [01;36m[K^~~~~~~~~~~~~~~~~~~~~~~~~~~~~~~~~~~~~~~~~~~~~~~~~~~~~~[m[K
In file included from [01m[K/usr/include/c++/7/bits/stl_algobase.h:64:0[m[K,
                 from [01m[K/usr/include/c++/7/bits/char_traits.h:39[m[K,
                 from [01m[K/usr/include/c++/7/string:40[m[K,
                 from [01m[K/opt/ros/melodic/include/ros/platform.h:38[m[K,
                 from [01m[K/opt/ros/melodic/include/ros/time.h:53[m[K,
                 from [01m[K/opt/ros/melodic/include/ros/ros.h:38[m[K,
                 from [01m[K/home/loren.lyttle/tests/catkin_ws/src/add_pallet/src/pallet_library.cpp:1[m[K:
[01m[K/usr/include/c++/7/bits/stl_pair.h:370:21:[m[K [01;36m[Knote: [m[Kcandidate: template<class _U1, class _U2, typename std::enable_if<(std::_PCC<((! std::is_same<const std::__cxx11::basic_string<char>, _U1>::value) || (! std::is_same<double, _U2>::value)), const std::__cxx11::basic_string<char>, double>::_MoveConstructiblePair<_U1, _U2>() && (! std::_PCC<((! std::is_same<const std::__cxx11::basic_string<char>, _U1>::value) || (! std::is_same<double, _U2>::value)), const std::__cxx11::basic_string<char>, double>::_ImplicitlyMoveConvertiblePair<_U1, _U2>())), bool>::type <anonymous> > constexpr std::pair<_T1, _T2>::pair(std::pair<_U1, _U2>&&)
  explicit constexpr [01;36m[Kpair[m[K(pair<_U1, _U2>&& __p)
                     [01;36m[K^~~~[m[K
[01m[K/usr/include/c++/7/bits/stl_pair.h:370:21:[m[K [01;36m[Knote: [m[K  template argument deduction/substitution failed:
In file included from [01m[K/usr/include/x86_64-linux-gnu/c++/7/bits/c++allocator.h:33:0[m[K,
                 from [01m[K/usr/include/c++/7/bits/allocator.h:46[m[K,
                 from [01m[K/usr/include/c++/7/string:41[m[K,
                 from [01m[K/opt/ros/melodic/include/ros/platform.h:38[m[K,
                 from [01m[K/opt/ros/melodic/include/ros/time.h:53[m[K,
                 from [01m[K/opt/ros/melodic/include/ros/ros.h:38[m[K,
                 from [01m[K/home/loren.lyttle/tests/catkin_ws/src/add_pallet/src/pallet_library.cpp:1[m[K:
[01m[K/usr/include/c++/7/ext/new_allocator.h:136:4:[m[K [01;36m[Knote: [m[K  ‘[01m[Kstd::__cxx11::basic_string<char>[m[K’ is not derived from ‘[01m[Kstd::pair<_T1, _T2>[m[K’
  { [01;36m[K::new((void *)__p) _Up(std::forward<_Args>(__args)...)[m[K; }
    [01;36m[K^~~~~~~~~~~~~~~~~~~~~~~~~~~~~~~~~~~~~~~~~~~~~~~~~~~~~~[m[K
In file included from [01m[K/usr/include/c++/7/bits/stl_algobase.h:64:0[m[K,
                 from [01m[K/usr/include/c++/7/bits/char_traits.h:39[m[K,
                 from [01m[K/usr/include/c++/7/string:40[m[K,
                 from [01m[K/opt/ros/melodic/include/ros/platform.h:38[m[K,
                 from [01m[K/opt/ros/melodic/include/ros/time.h:53[m[K,
                 from [01m[K/opt/ros/melodic/include/ros/ros.h:38[m[K,
                 from [01m[K/home/loren.lyttle/tests/catkin_ws/src/add_pallet/src/pallet_library.cpp:1[m[K:
[01m[K/usr/include/c++/7/bits/stl_pair.h:360:12:[m[K [01;36m[Knote: [m[Kcandidate: template<class _U1, class _U2, typename std::enable_if<(std::_PCC<((! std::is_same<const std::__cxx11::basic_string<char>, _U1>::value) || (! std::is_same<double, _U2>::value)), const std::__cxx11::basic_string<char>, double>::_MoveConstructiblePair<_U1, _U2>() && std::_PCC<((! std::is_same<const std::__cxx11::basic_string<char>, _U1>::value) || (! std::is_same<double, _U2>::value)), const std::__cxx11::basic_string<char>, double>::_ImplicitlyMoveConvertiblePair<_U1, _U2>()), bool>::type <anonymous> > constexpr std::pair<_T1, _T2>::pair(std::pair<_U1, _U2>&&)
  constexpr [01;36m[Kpair[m[K(pair<_U1, _U2>&& __p)
            [01;36m[K^~~~[m[K
[01m[K/usr/include/c++/7/bits/stl_pair.h:360:12:[m[K [01;36m[Knote: [m[K  template argument deduction/substitution failed:
In file included from [01m[K/usr/include/x86_64-linux-gnu/c++/7/bits/c++allocator.h:33:0[m[K,
                 from [01m[K/usr/include/c++/7/bits/allocator.h:46[m[K,
                 from [01m[K/usr/include/c++/7/string:41[m[K,
                 from [01m[K/opt/ros/melodic/include/ros/platform.h:38[m[K,
                 from [01m[K/opt/ros/melodic/include/ros/time.h:53[m[K,
                 from [01m[K/opt/ros/melodic/include/ros/ros.h:38[m[K,
                 from [01m[K/home/loren.lyttle/tests/catkin_ws/src/add_pallet/src/pallet_library.cpp:1[m[K:
[01m[K/usr/include/c++/7/ext/new_allocator.h:136:4:[m[K [01;36m[Knote: [m[K  ‘[01m[Kstd::__cxx11::basic_string<char>[m[K’ is not derived from ‘[01m[Kstd::pair<_T1, _T2>[m[K’
  { [01;36m[K::new((void *)__p) _Up(std::forward<_Args>(__args)...)[m[K; }
    [01;36m[K^~~~~~~~~~~~~~~~~~~~~~~~~~~~~~~~~~~~~~~~~~~~~~~~~~~~~~[m[K
In file included from [01m[K/usr/include/c++/7/bits/stl_algobase.h:64:0[m[K,
                 from [01m[K/usr/include/c++/7/bits/char_traits.h:39[m[K,
                 from [01m[K/usr/include/c++/7/string:40[m[K,
                 from [01m[K/opt/ros/melodic/include/ros/platform.h:38[m[K,
                 from [01m[K/opt/ros/melodic/include/ros/time.h:53[m[K,
                 from [01m[K/opt/ros/melodic/include/ros/ros.h:38[m[K,
                 from [01m[K/home/loren.lyttle/tests/catkin_ws/src/add_pallet/src/pallet_library.cpp:1[m[K:
[01m[K/usr/include/c++/7/bits/stl_pair.h:350:21:[m[K [01;36m[Knote: [m[Kcandidate: template<class _U1, class _U2, typename std::enable_if<(_MoveConstructiblePair<_U1, _U2>() && (! _ImplicitlyMoveConvertiblePair<_U1, _U2>())), bool>::type <anonymous> > constexpr std::pair<_T1, _T2>::pair(_U1&&, _U2&&)
  explicit constexpr [01;36m[Kpair[m[K(_U1&& __x, _U2&& __y)
                     [01;36m[K^~~~[m[K
[01m[K/usr/include/c++/7/bits/stl_pair.h:350:21:[m[K [01;36m[Knote: [m[K  template argument deduction/substitution failed:
[01m[K/usr/include/c++/7/bits/stl_pair.h:349:38:[m[K [01;31m[Kerror: [m[Kno type named ‘[01m[Ktype[m[K’ in ‘[01m[Kstruct std::enable_if<false, bool>[m[K’
                          bool>::type=[01;31m[Kfalse[m[K>
                                      [01;31m[K^~~~~[m[K
[01m[K/usr/include/c++/7/bits/stl_pair.h:349:38:[m[K [01;36m[Knote: [m[Kinvalid template non-type parameter
[01m[K/usr/include/c++/7/bits/stl_pair.h:341:12:[m[K [01;36m[Knote: [m[Kcandidate: template<class _U1, class _U2, typename std::enable_if<(_MoveConstructiblePair<_U1, _U2>() && _ImplicitlyMoveConvertiblePair<_U1, _U2>()), bool>::type <anonymous> > constexpr std::pair<_T1, _T2>::pair(_U1&&, _U2&&)
  constexpr [01;36m[Kpair[m[K(_U1&& __x, _U2&& __y)
            [01;36m[K^~~~[m[K
[01m[K/usr/include/c++/7/bits/stl_pair.h:341:12:[m[K [01;36m[Knote: [m[K  template argument deduction/substitution failed:
[01m[K/usr/include/c++/7/bits/stl_pair.h:340:38:[m[K [01;31m[Kerror: [m[Kno type named ‘[01m[Ktype[m[K’ in ‘[01m[Kstruct std::enable_if<false, bool>[m[K’
                          bool>::type=[01;31m[Ktrue[m[K>
                                      [01;31m[K^~~~[m[K
[01m[K/usr/include/c++/7/bits/stl_pair.h:340:38:[m[K [01;36m[Knote: [m[Kinvalid template non-type parameter
[01m[K/usr/include/c++/7/bits/stl_pair.h:332:17:[m[K [01;36m[Knote: [m[Kcandidate: template<class _U2, typename std::enable_if<_CopyMovePair<false, const std::__cxx11::basic_string<char, std::char_traits<char>, std::allocator<char> >, _U2>(), bool>::type <anonymous> > std::pair<_T1, _T2>::pair(const _T1&, _U2&&)
        explicit [01;36m[Kpair[m[K(const _T1& __x, _U2&& __y)
                 [01;36m[K^~~~[m[K
[01m[K/usr/include/c++/7/bits/stl_pair.h:332:17:[m[K [01;36m[Knote: [m[K  template argument deduction/substitution failed:
[01m[K/usr/include/c++/7/bits/stl_pair.h:331:38:[m[K [01;31m[Kerror: [m[Kno type named ‘[01m[Ktype[m[K’ in ‘[01m[Kstruct std::enable_if<false, bool>[m[K’
                          bool>::type=[01;31m[Kfalse[m[K>
                                      [01;31m[K^~~~~[m[K
[01m[K/usr/include/c++/7/bits/stl_pair.h:331:38:[m[K [01;36m[Knote: [m[Kinvalid template non-type parameter
[01m[K/usr/include/c++/7/bits/stl_pair.h:325:18:[m[K [01;36m[Knote: [m[Kcandidate: template<class _U2, typename std::enable_if<_CopyMovePair<true, const std::__cxx11::basic_string<char, std::char_traits<char>, std::allocator<char> >, _U2>(), bool>::type <anonymous> > constexpr std::pair<_T1, _T2>::pair(const _T1&, _U2&&)
        constexpr [01;36m[Kpair[m[K(const _T1& __x, _U2&& __y)
                  [01;36m[K^~~~[m[K
[01m[K/usr/include/c++/7/bits/stl_pair.h:325:18:[m[K [01;36m[Knote: [m[K  template argument deduction/substitution failed:
[01m[K/usr/include/c++/7/bits/stl_pair.h:324:38:[m[K [01;31m[Kerror: [m[Kno type named ‘[01m[Ktype[m[K’ in ‘[01m[Kstruct std::enable_if<false, bool>[m[K’
                          bool>::type=[01;31m[Ktrue[m[K>
                                      [01;31m[K^~~~[m[K
[01m[K/usr/include/c++/7/bits/stl_pair.h:324:38:[m[K [01;36m[Knote: [m[Kinvalid template non-type parameter
[01m[K/usr/include/c++/7/bits/stl_pair.h:318:27:[m[K [01;36m[Knote: [m[Kcandidate: template<class _U1, typename std::enable_if<_MoveCopyPair<false, _U1, double>(), bool>::type <anonymous> > constexpr std::pair<_T1, _T2>::pair(_U1&&, const _T2&)
        explicit constexpr [01;36m[Kpair[m[K(_U1&& __x, const _T2& __y)
                           [01;36m[K^~~~[m[K
[01m[K/usr/include/c++/7/bits/stl_pair.h:318:27:[m[K [01;36m[Knote: [m[K  template argument deduction/substitution failed:
In file included from [01m[K/usr/include/x86_64-linux-gnu/c++/7/bits/c++allocator.h:33:0[m[K,
                 from [01m[K/usr/include/c++/7/bits/allocator.h:46[m[K,
                 from [01m[K/usr/include/c++/7/string:41[m[K,
                 from [01m[K/opt/ros/melodic/include/ros/platform.h:38[m[K,
                 from [01m[K/opt/ros/melodic/include/ros/time.h:53[m[K,
                 from [01m[K/opt/ros/melodic/include/ros/ros.h:38[m[K,
                 from [01m[K/home/loren.lyttle/tests/catkin_ws/src/add_pallet/src/pallet_library.cpp:1[m[K:
[01m[K/usr/include/c++/7/ext/new_allocator.h:136:4:[m[K [01;36m[Knote: [m[K  cannot convert ‘[01m[Kstd::forward<std::__cxx11::basic_string<char> >((* & __args#1))[m[K’ (type ‘[01m[Kstd::__cxx11::basic_string<char>[m[K’) to type ‘[01m[Kconst double&[m[K’
  { [01;36m[K::new((void *)__p) _Up(std::forward<_Args>(__args)...)[m[K; }
    [01;36m[K^~~~~~~~~~~~~~~~~~~~~~~~~~~~~~~~~~~~~~~~~~~~~~~~~~~~~~[m[K
In file included from [01m[K/usr/include/c++/7/bits/stl_algobase.h:64:0[m[K,
                 from [01m[K/usr/include/c++/7/bits/char_traits.h:39[m[K,
                 from [01m[K/usr/include/c++/7/string:40[m[K,
                 from [01m[K/opt/ros/melodic/include/ros/platform.h:38[m[K,
                 from [01m[K/opt/ros/melodic/include/ros/time.h:53[m[K,
                 from [01m[K/opt/ros/melodic/include/ros/ros.h:38[m[K,
                 from [01m[K/home/loren.lyttle/tests/catkin_ws/src/add_pallet/src/pallet_library.cpp:1[m[K:
[01m[K/usr/include/c++/7/bits/stl_pair.h:311:18:[m[K [01;36m[Knote: [m[Kcandidate: template<class _U1, typename std::enable_if<_MoveCopyPair<true, _U1, double>(), bool>::type <anonymous> > constexpr std::pair<_T1, _T2>::pair(_U1&&, const _T2&)
        constexpr [01;36m[Kpair[m[K(_U1&& __x, const _T2& __y)
                  [01;36m[K^~~~[m[K
[01m[K/usr/include/c++/7/bits/stl_pair.h:311:18:[m[K [01;36m[Knote: [m[K  template argument deduction/substitution failed:
In file included from [01m[K/usr/include/x86_64-linux-gnu/c++/7/bits/c++allocator.h:33:0[m[K,
                 from [01m[K/usr/include/c++/7/bits/allocator.h:46[m[K,
                 from [01m[K/usr/include/c++/7/string:41[m[K,
                 from [01m[K/opt/ros/melodic/include/ros/platform.h:38[m[K,
                 from [01m[K/opt/ros/melodic/include/ros/time.h:53[m[K,
                 from [01m[K/opt/ros/melodic/include/ros/ros.h:38[m[K,
                 from [01m[K/home/loren.lyttle/tests/catkin_ws/src/add_pallet/src/pallet_library.cpp:1[m[K:
[01m[K/usr/include/c++/7/ext/new_allocator.h:136:4:[m[K [01;36m[Knote: [m[K  cannot convert ‘[01m[Kstd::forward<std::__cxx11::basic_string<char> >((* & __args#1))[m[K’ (type ‘[01m[Kstd::__cxx11::basic_string<char>[m[K’) to type ‘[01m[Kconst double&[m[K’
  { [01;36m[K::new((void *)__p) _Up(std::forward<_Args>(__args)...)[m[K; }
    [01;36m[K^~~~~~~~~~~~~~~~~~~~~~~~~~~~~~~~~~~~~~~~~~~~~~~~~~~~~~[m[K
In file included from [01m[K/usr/include/c++/7/bits/stl_algobase.h:64:0[m[K,
                 from [01m[K/usr/include/c++/7/bits/char_traits.h:39[m[K,
                 from [01m[K/usr/include/c++/7/string:40[m[K,
                 from [01m[K/opt/ros/melodic/include/ros/platform.h:38[m[K,
                 from [01m[K/opt/ros/melodic/include/ros/time.h:53[m[K,
                 from [01m[K/opt/ros/melodic/include/ros/ros.h:38[m[K,
                 from [01m[K/home/loren.lyttle/tests/catkin_ws/src/add_pallet/src/pallet_library.cpp:1[m[K:
[01m[K/usr/include/c++/7/bits/stl_pair.h:304:17:[m[K [01;36m[Knote: [m[Kcandidate: std::pair<_T1, _T2>::pair(std::pair<_T1, _T2>&&) [with _T1 = const std::__cxx11::basic_string<char>; _T2 = double]
       constexpr [01;36m[Kpair[m[K(pair&&) = default;
                 [01;36m[K^~~~[m[K
[01m[K/usr/include/c++/7/bits/stl_pair.h:304:17:[m[K [01;36m[Knote: [m[K  candidate expects 1 argument, 2 provided
[01m[K/usr/include/c++/7/bits/stl_pair.h:303:17:[m[K [01;36m[Knote: [m[Kcandidate: std::pair<_T1, _T2>::pair(const std::pair<_T1, _T2>&) [with _T1 = const std::__cxx11::basic_string<char>; _T2 = double]
       constexpr [01;36m[Kpair[m[K(const pair&) = default;
                 [01;36m[K^~~~[m[K
[01m[K/usr/include/c++/7/bits/stl_pair.h:303:17:[m[K [01;36m[Knote: [m[K  candidate expects 1 argument, 2 provided
[01m[K/usr/include/c++/7/bits/stl_pair.h:300:21:[m[K [01;36m[Knote: [m[Kcandidate: template<class _U1, class _U2, typename std::enable_if<(std::_PCC<((! std::is_same<const std::__cxx11::basic_string<char>, _U1>::value) || (! std::is_same<double, _U2>::value)), const std::__cxx11::basic_string<char>, double>::_ConstructiblePair<_U1, _U2>() && (! std::_PCC<((! std::is_same<const std::__cxx11::basic_string<char>, _U1>::value) || (! std::is_same<double, _U2>::value)), const std::__cxx11::basic_string<char>, double>::_ImplicitlyConvertiblePair<_U1, _U2>())), bool>::type <anonymous> > constexpr std::pair<_T1, _T2>::pair(const std::pair<_U1, _U2>&)
  explicit constexpr [01;36m[Kpair[m[K(const pair<_U1, _U2>& __p)
                     [01;36m[K^~~~[m[K
[01m[K/usr/include/c++/7/bits/stl_pair.h:300:21:[m[K [01;36m[Knote: [m[K  template argument deduction/substitution failed:
In file included from [01m[K/usr/include/x86_64-linux-gnu/c++/7/bits/c++allocator.h:33:0[m[K,
                 from [01m[K/usr/include/c++/7/bits/allocator.h:46[m[K,
                 from [01m[K/usr/include/c++/7/string:41[m[K,
                 from [01m[K/opt/ros/melodic/include/ros/platform.h:38[m[K,
                 from [01m[K/opt/ros/melodic/include/ros/time.h:53[m[K,
                 from [01m[K/opt/ros/melodic/include/ros/ros.h:38[m[K,
                 from [01m[K/home/loren.lyttle/tests/catkin_ws/src/add_pallet/src/pallet_library.cpp:1[m[K:
[01m[K/usr/include/c++/7/ext/new_allocator.h:136:4:[m[K [01;36m[Knote: [m[K  ‘[01m[Kstd::__cxx11::basic_string<char>[m[K’ is not derived from ‘[01m[Kconst std::pair<_T1, _T2>[m[K’
  { [01;36m[K::new((void *)__p) _Up(std::forward<_Args>(__args)...)[m[K; }
    [01;36m[K^~~~~~~~~~~~~~~~~~~~~~~~~~~~~~~~~~~~~~~~~~~~~~~~~~~~~~[m[K
In file included from [01m[K/usr/include/c++/7/bits/stl_algobase.h:64:0[m[K,
                 from [01m[K/usr/include/c++/7/bits/char_traits.h:39[m[K,
                 from [01m[K/usr/include/c++/7/string:40[m[K,
                 from [01m[K/opt/ros/melodic/include/ros/platform.h:38[m[K,
                 from [01m[K/opt/ros/melodic/include/ros/time.h:53[m[K,
                 from [01m[K/opt/ros/melodic/include/ros/ros.h:38[m[K,
                 from [01m[K/home/loren.lyttle/tests/catkin_ws/src/add_pallet/src/pallet_library.cpp:1[m[K:
[01m[K/usr/include/c++/7/bits/stl_pair.h:291:19:[m[K [01;36m[Knote: [m[Kcandidate: template<class _U1, class _U2, typename std::enable_if<(std::_PCC<((! std::is_same<const std::__cxx11::basic_string<char>, _U1>::value) || (! std::is_same<double, _U2>::value)), const std::__cxx11::basic_string<char>, double>::_ConstructiblePair<_U1, _U2>() && std::_PCC<((! std::is_same<const std::__cxx11::basic_string<char>, _U1>::value) || (! std::is_same<double, _U2>::value)), const std::__cxx11::basic_string<char>, double>::_ImplicitlyConvertiblePair<_U1, _U2>()), bool>::type <anonymous> > constexpr std::pair<_T1, _T2>::pair(const std::pair<_U1, _U2>&)
         constexpr [01;36m[Kpair[m[K(const pair<_U1, _U2>& __p)
                   [01;36m[K^~~~[m[K
[01m[K/usr/include/c++/7/bits/stl_pair.h:291:19:[m[K [01;36m[Knote: [m[K  template argument deduction/substitution failed:
In file included from [01m[K/usr/include/x86_64-linux-gnu/c++/7/bits/c++allocator.h:33:0[m[K,
                 from [01m[K/usr/include/c++/7/bits/allocator.h:46[m[K,
                 from [01m[K/usr/include/c++/7/string:41[m[K,
                 from [01m[K/opt/ros/melodic/include/ros/platform.h:38[m[K,
                 from [01m[K/opt/ros/melodic/include/ros/time.h:53[m[K,
                 from [01m[K/opt/ros/melodic/include/ros/ros.h:38[m[K,
                 from [01m[K/home/loren.lyttle/tests/catkin_ws/src/add_pallet/src/pallet_library.cpp:1[m[K:
[01m[K/usr/include/c++/7/ext/new_allocator.h:136:4:[m[K [01;36m[Knote: [m[K  ‘[01m[Kstd::__cxx11::basic_string<char>[m[K’ is not derived from ‘[01m[Kconst std::pair<_T1, _T2>[m[K’
  { [01;36m[K::new((void *)__p) _Up(std::forward<_Args>(__args)...)[m[K; }
    [01;36m[K^~~~~~~~~~~~~~~~~~~~~~~~~~~~~~~~~~~~~~~~~~~~~~~~~~~~~~[m[K
In file included from [01m[K/usr/include/c++/7/bits/stl_algobase.h:64:0[m[K,
                 from [01m[K/usr/include/c++/7/bits/char_traits.h:39[m[K,
                 from [01m[K/usr/include/c++/7/string:40[m[K,
                 from [01m[K/opt/ros/melodic/include/ros/platform.h:38[m[K,
                 from [01m[K/opt/ros/melodic/include/ros/time.h:53[m[K,
                 from [01m[K/opt/ros/melodic/include/ros/ros.h:38[m[K,
                 from [01m[K/home/loren.lyttle/tests/catkin_ws/src/add_pallet/src/pallet_library.cpp:1[m[K:
[01m[K/usr/include/c++/7/bits/stl_pair.h:269:26:[m[K [01;36m[Knote: [m[Kcandidate: template<class _U1, class _U2, typename std::enable_if<(_ConstructiblePair<_U1, _U2>() && (! _ImplicitlyConvertiblePair<_U1, _U2>())), bool>::type <anonymous> > constexpr std::pair<_T1, _T2>::pair(const _T1&, const _T2&)
       explicit constexpr [01;36m[Kpair[m[K(const _T1& __a, const _T2& __b)
                          [01;36m[K^~~~[m[K
[01m[K/usr/include/c++/7/bits/stl_pair.h:269:26:[m[K [01;36m[Knote: [m[K  template argument deduction/substitution failed:
In file included from [01m[K/usr/include/x86_64-linux-gnu/c++/7/bits/c++allocator.h:33:0[m[K,
                 from [01m[K/usr/include/c++/7/bits/allocator.h:46[m[K,
                 from [01m[K/usr/include/c++/7/string:41[m[K,
                 from [01m[K/opt/ros/melodic/include/ros/platform.h:38[m[K,
                 from [01m[K/opt/ros/melodic/include/ros/time.h:53[m[K,
                 from [01m[K/opt/ros/melodic/include/ros/ros.h:38[m[K,
                 from [01m[K/home/loren.lyttle/tests/catkin_ws/src/add_pallet/src/pallet_library.cpp:1[m[K:
[01m[K/usr/include/c++/7/ext/new_allocator.h:136:4:[m[K [01;36m[Knote: [m[K  cannot convert ‘[01m[Kstd::forward<std::__cxx11::basic_string<char> >((* & __args#1))[m[K’ (type ‘[01m[Kstd::__cxx11::basic_string<char>[m[K’) to type ‘[01m[Kconst double&[m[K’
  { [01;36m[K::new((void *)__p) _Up(std::forward<_Args>(__args)...)[m[K; }
    [01;36m[K^~~~~~~~~~~~~~~~~~~~~~~~~~~~~~~~~~~~~~~~~~~~~~~~~~~~~~[m[K
In file included from [01m[K/usr/include/c++/7/bits/stl_algobase.h:64:0[m[K,
                 from [01m[K/usr/include/c++/7/bits/char_traits.h:39[m[K,
                 from [01m[K/usr/include/c++/7/string:40[m[K,
                 from [01m[K/opt/ros/melodic/include/ros/platform.h:38[m[K,
                 from [01m[K/opt/ros/melodic/include/ros/time.h:53[m[K,
                 from [01m[K/opt/ros/melodic/include/ros/ros.h:38[m[K,
                 from [01m[K/home/loren.lyttle/tests/catkin_ws/src/add_pallet/src/pallet_library.cpp:1[m[K:
[01m[K/usr/include/c++/7/bits/stl_pair.h:260:17:[m[K [01;36m[Knote: [m[Kcandidate: template<class _U1, class _U2, typename std::enable_if<(_ConstructiblePair<_U1, _U2>() && _ImplicitlyConvertiblePair<_U1, _U2>()), bool>::type <anonymous> > constexpr std::pair<_T1, _T2>::pair(const _T1&, const _T2&)
       constexpr [01;36m[Kpair[m[K(const _T1& __a, const _T2& __b)
                 [01;36m[K^~~~[m[K
[01m[K/usr/include/c++/7/bits/stl_pair.h:260:17:[m[K [01;36m[Knote: [m[K  template argument deduction/substitution failed:
In file included from [01m[K/usr/include/x86_64-linux-gnu/c++/7/bits/c++allocator.h:33:0[m[K,
                 from [01m[K/usr/include/c++/7/bits/allocator.h:46[m[K,
                 from [01m[K/usr/include/c++/7/string:41[m[K,
                 from [01m[K/opt/ros/melodic/include/ros/platform.h:38[m[K,
                 from [01m[K/opt/ros/melodic/include/ros/time.h:53[m[K,
                 from [01m[K/opt/ros/melodic/include/ros/ros.h:38[m[K,
                 from [01m[K/home/loren.lyttle/tests/catkin_ws/src/add_pallet/src/pallet_library.cpp:1[m[K:
[01m[K/usr/include/c++/7/ext/new_allocator.h:136:4:[m[K [01;36m[Knote: [m[K  cannot convert ‘[01m[Kstd::forward<std::__cxx11::basic_string<char> >((* & __args#1))[m[K’ (type ‘[01m[Kstd::__cxx11::basic_string<char>[m[K’) to type ‘[01m[Kconst double&[m[K’
  { [01;36m[K::new((void *)__p) _Up(std::forward<_Args>(__args)...)[m[K; }
    [01;36m[K^~~~~~~~~~~~~~~~~~~~~~~~~~~~~~~~~~~~~~~~~~~~~~~~~~~~~~[m[K
In file included from [01m[K/usr/include/c++/7/bits/stl_algobase.h:64:0[m[K,
                 from [01m[K/usr/include/c++/7/bits/char_traits.h:39[m[K,
                 from [01m[K/usr/include/c++/7/string:40[m[K,
                 from [01m[K/opt/ros/melodic/include/ros/platform.h:38[m[K,
                 from [01m[K/opt/ros/melodic/include/ros/time.h:53[m[K,
                 from [01m[K/opt/ros/melodic/include/ros/ros.h:38[m[K,
                 from [01m[K/home/loren.lyttle/tests/catkin_ws/src/add_pallet/src/pallet_library.cpp:1[m[K:
[01m[K/usr/include/c++/7/bits/stl_pair.h:242:26:[m[K [01;36m[Knote: [m[Kcandidate: template<class _U1, class _U2, typename std::enable_if<std::__and_<std::is_default_constructible<_Tp>, std::is_default_constructible<_Dp>, std::__not_<std::__and_<std::__is_implicitly_default_constructible<_U1>, std::__is_implicitly_default_constructible<_U2> > > >::value, bool>::type <anonymous> > constexpr std::pair<_T1, _T2>::pair()
       explicit constexpr [01;36m[Kpair[m[K()
                          [01;36m[K^~~~[m[K
[01m[K/usr/include/c++/7/bits/stl_pair.h:242:26:[m[K [01;36m[Knote: [m[K  template argument deduction/substitution failed:
In file included from [01m[K/usr/include/x86_64-linux-gnu/c++/7/bits/c++allocator.h:33:0[m[K,
                 from [01m[K/usr/include/c++/7/bits/allocator.h:46[m[K,
                 from [01m[K/usr/include/c++/7/string:41[m[K,
                 from [01m[K/opt/ros/melodic/include/ros/platform.h:38[m[K,
                 from [01m[K/opt/ros/melodic/include/ros/time.h:53[m[K,
                 from [01m[K/opt/ros/melodic/include/ros/ros.h:38[m[K,
                 from [01m[K/home/loren.lyttle/tests/catkin_ws/src/add_pallet/src/pallet_library.cpp:1[m[K:
[01m[K/usr/include/c++/7/ext/new_allocator.h:136:4:[m[K [01;36m[Knote: [m[K  candidate expects 0 arguments, 2 provided
  { [01;36m[K::new((void *)__p) _Up(std::forward<_Args>(__args)...)[m[K; }
    [01;36m[K^~~~~~~~~~~~~~~~~~~~~~~~~~~~~~~~~~~~~~~~~~~~~~~~~~~~~~[m[K
In file included from [01m[K/usr/include/c++/7/bits/stl_algobase.h:64:0[m[K,
                 from [01m[K/usr/include/c++/7/bits/char_traits.h:39[m[K,
                 from [01m[K/usr/include/c++/7/string:40[m[K,
                 from [01m[K/opt/ros/melodic/include/ros/platform.h:38[m[K,
                 from [01m[K/opt/ros/melodic/include/ros/time.h:53[m[K,
                 from [01m[K/opt/ros/melodic/include/ros/ros.h:38[m[K,
                 from [01m[K/home/loren.lyttle/tests/catkin_ws/src/add_pallet/src/pallet_library.cpp:1[m[K:
[01m[K/usr/include/c++/7/bits/stl_pair.h:229:26:[m[K [01;36m[Knote: [m[Kcandidate: template<class _U1, class _U2, typename std::enable_if<std::__and_<std::__is_implicitly_default_constructible<_U1>, std::__is_implicitly_default_constructible<_U2> >::value, bool>::type <anonymous> > constexpr std::pair<_T1, _T2>::pair()
       _GLIBCXX_CONSTEXPR [01;36m[Kpair[m[K()
                          [01;36m[K^~~~[m[K
[01m[K/usr/include/c++/7/bits/stl_pair.h:229:26:[m[K [01;36m[Knote: [m[K  template argument deduction/substitution failed:
In file included from [01m[K/usr/include/x86_64-linux-gnu/c++/7/bits/c++allocator.h:33:0[m[K,
                 from [01m[K/usr/include/c++/7/bits/allocator.h:46[m[K,
                 from [01m[K/usr/include/c++/7/string:41[m[K,
                 from [01m[K/opt/ros/melodic/include/ros/platform.h:38[m[K,
                 from [01m[K/opt/ros/melodic/include/ros/time.h:53[m[K,
                 from [01m[K/opt/ros/melodic/include/ros/ros.h:38[m[K,
                 from [01m[K/home/loren.lyttle/tests/catkin_ws/src/add_pallet/src/pallet_library.cpp:1[m[K:
[01m[K/usr/include/c++/7/ext/new_allocator.h:136:4:[m[K [01;36m[Knote: [m[K  candidate expects 0 arguments, 2 provided
  { [01;36m[K::new((void *)__p) _Up(std::forward<_Args>(__args)...)[m[K; }
    [01;36m[K^~~~~~~~~~~~~~~~~~~~~~~~~~~~~~~~~~~~~~~~~~~~~~~~~~~~~~[m[K
make[2]: *** [CMakeFiles/pallet_library.dir/src/pallet_library.cpp.o] Error 1
make[1]: *** [CMakeFiles/pallet_library.dir/all] Error 2
make: *** [all] Error 2
