[01m[K/home/loren.lyttle/tests/catkin_ws/src/add_pallet/src/pallet_library.cpp:[m[K In function ‘[01m[Kvoid dynamic_callback(add_pallet::dynamic_paramsConfig&, uint32_t)[m[K’:
[01m[K/home/loren.lyttle/tests/catkin_ws/src/add_pallet/src/pallet_library.cpp:40:31:[m[K [01;31m[Kerror: [m[Kno matching function for call to ‘[01m[Kgetline(std::stringstream&, std::__cxx11::string&, const char [2])[m[K’
         getline(ss,substr1,","[01;31m[K)[m[K;
                               [01;31m[K^[m[K
In file included from [01m[K/usr/include/stdio.h:859:0[m[K,
                 from [01m[K/usr/include/c++/7/cstdio:42[m[K,
                 from [01m[K/usr/include/c++/7/ext/string_conversions.h:43[m[K,
                 from [01m[K/usr/include/c++/7/bits/basic_string.h:6361[m[K,
                 from [01m[K/usr/include/c++/7/string:52[m[K,
                 from [01m[K/opt/ros/melodic/include/ros/platform.h:38[m[K,
                 from [01m[K/opt/ros/melodic/include/ros/time.h:53[m[K,
                 from [01m[K/opt/ros/melodic/include/ros/ros.h:38[m[K,
                 from [01m[K/home/loren.lyttle/tests/catkin_ws/src/add_pallet/src/pallet_library.cpp:1[m[K:
[01m[K/usr/include/x86_64-linux-gnu/bits/stdio.h:115:1:[m[K [01;36m[Knote: [m[Kcandidate: __ssize_t getline(char**, size_t*, FILE*)
 [01;36m[Kgetline[m[K (char **__lineptr, size_t *__n, FILE *__stream)
 [01;36m[K^~~~~~~[m[K
[01m[K/usr/include/x86_64-linux-gnu/bits/stdio.h:115:1:[m[K [01;36m[Knote: [m[K  no known conversion for argument 1 from ‘[01m[Kstd::stringstream {aka std::__cxx11::basic_stringstream<char>}[m[K’ to ‘[01m[Kchar**[m[K’
In file included from [01m[K/usr/include/c++/7/string:52:0[m[K,
                 from [01m[K/opt/ros/melodic/include/ros/platform.h:38[m[K,
                 from [01m[K/opt/ros/melodic/include/ros/time.h:53[m[K,
                 from [01m[K/opt/ros/melodic/include/ros/ros.h:38[m[K,
                 from [01m[K/home/loren.lyttle/tests/catkin_ws/src/add_pallet/src/pallet_library.cpp:1[m[K:
[01m[K/usr/include/c++/7/bits/basic_string.h:6339:5:[m[K [01;36m[Knote: [m[Kcandidate: template<class _CharT, class _Traits, class _Alloc> std::basic_istream<_CharT, _Traits>& std::getline(std::basic_istream<_CharT, _Traits>&&, std::__cxx11::basic_string<_CharT, _Traits, _Alloc>&)
     [01;36m[Kgetline[m[K(basic_istream<_CharT, _Traits>&& __is,
     [01;36m[K^~~~~~~[m[K
[01m[K/usr/include/c++/7/bits/basic_string.h:6339:5:[m[K [01;36m[Knote: [m[K  template argument deduction/substitution failed:
[01m[K/home/loren.lyttle/tests/catkin_ws/src/add_pallet/src/pallet_library.cpp:40:31:[m[K [01;36m[Knote: [m[K  candidate expects 2 arguments, 3 provided
         getline(ss,substr1,","[01;36m[K)[m[K;
                               [01;36m[K^[m[K
In file included from [01m[K/usr/include/c++/7/string:52:0[m[K,
                 from [01m[K/opt/ros/melodic/include/ros/platform.h:38[m[K,
                 from [01m[K/opt/ros/melodic/include/ros/time.h:53[m[K,
                 from [01m[K/opt/ros/melodic/include/ros/ros.h:38[m[K,
                 from [01m[K/home/loren.lyttle/tests/catkin_ws/src/add_pallet/src/pallet_library.cpp:1[m[K:
[01m[K/usr/include/c++/7/bits/basic_string.h:6332:5:[m[K [01;36m[Knote: [m[Kcandidate: template<class _CharT, class _Traits, class _Alloc> std::basic_istream<_CharT, _Traits>& std::getline(std::basic_istream<_CharT, _Traits>&&, std::__cxx11::basic_string<_CharT, _Traits, _Alloc>&, _CharT)
     [01;36m[Kgetline[m[K(basic_istream<_CharT, _Traits>&& __is,
     [01;36m[K^~~~~~~[m[K
[01m[K/usr/include/c++/7/bits/basic_string.h:6332:5:[m[K [01;36m[Knote: [m[K  template argument deduction/substitution failed:
[01m[K/home/loren.lyttle/tests/catkin_ws/src/add_pallet/src/pallet_library.cpp:40:31:[m[K [01;36m[Knote: [m[K  deduced conflicting types for parameter ‘[01m[K_CharT[m[K’ (‘[01m[Kchar[m[K’ and ‘[01m[Kconst char*[m[K’)
         getline(ss,substr1,","[01;36m[K)[m[K;
                               [01;36m[K^[m[K
In file included from [01m[K/usr/include/c++/7/string:52:0[m[K,
                 from [01m[K/opt/ros/melodic/include/ros/platform.h:38[m[K,
                 from [01m[K/opt/ros/melodic/include/ros/time.h:53[m[K,
                 from [01m[K/opt/ros/melodic/include/ros/ros.h:38[m[K,
                 from [01m[K/home/loren.lyttle/tests/catkin_ws/src/add_pallet/src/pallet_library.cpp:1[m[K:
[01m[K/usr/include/c++/7/bits/basic_string.h:6324:5:[m[K [01;36m[Knote: [m[Kcandidate: template<class _CharT, class _Traits, class _Alloc> std::basic_istream<_CharT, _Traits>& std::getline(std::basic_istream<_CharT, _Traits>&, std::__cxx11::basic_string<_CharT, _Traits, _Alloc>&)
     [01;36m[Kgetline[m[K(basic_istream<_CharT, _Traits>& __is,
     [01;36m[K^~~~~~~[m[K
[01m[K/usr/include/c++/7/bits/basic_string.h:6324:5:[m[K [01;36m[Knote: [m[K  template argument deduction/substitution failed:
[01m[K/home/loren.lyttle/tests/catkin_ws/src/add_pallet/src/pallet_library.cpp:40:31:[m[K [01;36m[Knote: [m[K  candidate expects 2 arguments, 3 provided
         getline(ss,substr1,","[01;36m[K)[m[K;
                               [01;36m[K^[m[K
In file included from [01m[K/usr/include/c++/7/string:53:0[m[K,
                 from [01m[K/opt/ros/melodic/include/ros/platform.h:38[m[K,
                 from [01m[K/opt/ros/melodic/include/ros/time.h:53[m[K,
                 from [01m[K/opt/ros/melodic/include/ros/ros.h:38[m[K,
                 from [01m[K/home/loren.lyttle/tests/catkin_ws/src/add_pallet/src/pallet_library.cpp:1[m[K:
[01m[K/usr/include/c++/7/bits/basic_string.tcc:1537:5:[m[K [01;36m[Knote: [m[Kcandidate: template<class _CharT, class _Traits, class _Alloc> std::basic_istream<_CharT, _Traits>& std::getline(std::basic_istream<_CharT, _Traits>&, std::__cxx11::basic_string<_CharT, _Traits, _Alloc>&, _CharT)
     [01;36m[Kgetline[m[K(basic_istream<_CharT, _Traits>& __in,
     [01;36m[K^~~~~~~[m[K
[01m[K/usr/include/c++/7/bits/basic_string.tcc:1537:5:[m[K [01;36m[Knote: [m[K  template argument deduction/substitution failed:
[01m[K/home/loren.lyttle/tests/catkin_ws/src/add_pallet/src/pallet_library.cpp:40:31:[m[K [01;36m[Knote: [m[K  deduced conflicting types for parameter ‘[01m[K_CharT[m[K’ (‘[01m[Kchar[m[K’ and ‘[01m[Kconst char*[m[K’)
         getline(ss,substr1,","[01;36m[K)[m[K;
                               [01;36m[K^[m[K
[01m[K/home/loren.lyttle/tests/catkin_ws/src/add_pallet/src/pallet_library.cpp:41:36:[m[K [01;31m[Kerror: [m[Kno matching function for call to ‘[01m[Kgetline(std::__cxx11::string&, std::__cxx11::string&, const char [2])[m[K’
         getline(substr1,substr2,":"[01;31m[K)[m[K;
                                    [01;31m[K^[m[K
In file included from [01m[K/usr/include/stdio.h:859:0[m[K,
                 from [01m[K/usr/include/c++/7/cstdio:42[m[K,
                 from [01m[K/usr/include/c++/7/ext/string_conversions.h:43[m[K,
                 from [01m[K/usr/include/c++/7/bits/basic_string.h:6361[m[K,
                 from [01m[K/usr/include/c++/7/string:52[m[K,
                 from [01m[K/opt/ros/melodic/include/ros/platform.h:38[m[K,
                 from [01m[K/opt/ros/melodic/include/ros/time.h:53[m[K,
                 from [01m[K/opt/ros/melodic/include/ros/ros.h:38[m[K,
                 from [01m[K/home/loren.lyttle/tests/catkin_ws/src/add_pallet/src/pallet_library.cpp:1[m[K:
[01m[K/usr/include/x86_64-linux-gnu/bits/stdio.h:115:1:[m[K [01;36m[Knote: [m[Kcandidate: __ssize_t getline(char**, size_t*, FILE*)
 [01;36m[Kgetline[m[K (char **__lineptr, size_t *__n, FILE *__stream)
 [01;36m[K^~~~~~~[m[K
[01m[K/usr/include/x86_64-linux-gnu/bits/stdio.h:115:1:[m[K [01;36m[Knote: [m[K  no known conversion for argument 1 from ‘[01m[Kstd::__cxx11::string {aka std::__cxx11::basic_string<char>}[m[K’ to ‘[01m[Kchar**[m[K’
In file included from [01m[K/usr/include/c++/7/string:52:0[m[K,
                 from [01m[K/opt/ros/melodic/include/ros/platform.h:38[m[K,
                 from [01m[K/opt/ros/melodic/include/ros/time.h:53[m[K,
                 from [01m[K/opt/ros/melodic/include/ros/ros.h:38[m[K,
                 from [01m[K/home/loren.lyttle/tests/catkin_ws/src/add_pallet/src/pallet_library.cpp:1[m[K:
[01m[K/usr/include/c++/7/bits/basic_string.h:6339:5:[m[K [01;36m[Knote: [m[Kcandidate: template<class _CharT, class _Traits, class _Alloc> std::basic_istream<_CharT, _Traits>& std::getline(std::basic_istream<_CharT, _Traits>&&, std::__cxx11::basic_string<_CharT, _Traits, _Alloc>&)
     [01;36m[Kgetline[m[K(basic_istream<_CharT, _Traits>&& __is,
     [01;36m[K^~~~~~~[m[K
[01m[K/usr/include/c++/7/bits/basic_string.h:6339:5:[m[K [01;36m[Knote: [m[K  template argument deduction/substitution failed:
[01m[K/home/loren.lyttle/tests/catkin_ws/src/add_pallet/src/pallet_library.cpp:41:36:[m[K [01;36m[Knote: [m[K  ‘[01m[Kstd::__cxx11::string {aka std::__cxx11::basic_string<char>}[m[K’ is not derived from ‘[01m[Kstd::basic_istream<_CharT, _Traits>[m[K’
         getline(substr1,substr2,":"[01;36m[K)[m[K;
                                    [01;36m[K^[m[K
In file included from [01m[K/usr/include/c++/7/string:52:0[m[K,
                 from [01m[K/opt/ros/melodic/include/ros/platform.h:38[m[K,
                 from [01m[K/opt/ros/melodic/include/ros/time.h:53[m[K,
                 from [01m[K/opt/ros/melodic/include/ros/ros.h:38[m[K,
                 from [01m[K/home/loren.lyttle/tests/catkin_ws/src/add_pallet/src/pallet_library.cpp:1[m[K:
[01m[K/usr/include/c++/7/bits/basic_string.h:6332:5:[m[K [01;36m[Knote: [m[Kcandidate: template<class _CharT, class _Traits, class _Alloc> std::basic_istream<_CharT, _Traits>& std::getline(std::basic_istream<_CharT, _Traits>&&, std::__cxx11::basic_string<_CharT, _Traits, _Alloc>&, _CharT)
     [01;36m[Kgetline[m[K(basic_istream<_CharT, _Traits>&& __is,
     [01;36m[K^~~~~~~[m[K
[01m[K/usr/include/c++/7/bits/basic_string.h:6332:5:[m[K [01;36m[Knote: [m[K  template argument deduction/substitution failed:
[01m[K/home/loren.lyttle/tests/catkin_ws/src/add_pallet/src/pallet_library.cpp:41:36:[m[K [01;36m[Knote: [m[K  ‘[01m[Kstd::__cxx11::string {aka std::__cxx11::basic_string<char>}[m[K’ is not derived from ‘[01m[Kstd::basic_istream<_CharT, _Traits>[m[K’
         getline(substr1,substr2,":"[01;36m[K)[m[K;
                                    [01;36m[K^[m[K
In file included from [01m[K/usr/include/c++/7/string:52:0[m[K,
                 from [01m[K/opt/ros/melodic/include/ros/platform.h:38[m[K,
                 from [01m[K/opt/ros/melodic/include/ros/time.h:53[m[K,
                 from [01m[K/opt/ros/melodic/include/ros/ros.h:38[m[K,
                 from [01m[K/home/loren.lyttle/tests/catkin_ws/src/add_pallet/src/pallet_library.cpp:1[m[K:
[01m[K/usr/include/c++/7/bits/basic_string.h:6324:5:[m[K [01;36m[Knote: [m[Kcandidate: template<class _CharT, class _Traits, class _Alloc> std::basic_istream<_CharT, _Traits>& std::getline(std::basic_istream<_CharT, _Traits>&, std::__cxx11::basic_string<_CharT, _Traits, _Alloc>&)
     [01;36m[Kgetline[m[K(basic_istream<_CharT, _Traits>& __is,
     [01;36m[K^~~~~~~[m[K
[01m[K/usr/include/c++/7/bits/basic_string.h:6324:5:[m[K [01;36m[Knote: [m[K  template argument deduction/substitution failed:
[01m[K/home/loren.lyttle/tests/catkin_ws/src/add_pallet/src/pallet_library.cpp:41:36:[m[K [01;36m[Knote: [m[K  ‘[01m[Kstd::__cxx11::string {aka std::__cxx11::basic_string<char>}[m[K’ is not derived from ‘[01m[Kstd::basic_istream<_CharT, _Traits>[m[K’
         getline(substr1,substr2,":"[01;36m[K)[m[K;
                                    [01;36m[K^[m[K
In file included from [01m[K/usr/include/c++/7/string:53:0[m[K,
                 from [01m[K/opt/ros/melodic/include/ros/platform.h:38[m[K,
                 from [01m[K/opt/ros/melodic/include/ros/time.h:53[m[K,
                 from [01m[K/opt/ros/melodic/include/ros/ros.h:38[m[K,
                 from [01m[K/home/loren.lyttle/tests/catkin_ws/src/add_pallet/src/pallet_library.cpp:1[m[K:
[01m[K/usr/include/c++/7/bits/basic_string.tcc:1537:5:[m[K [01;36m[Knote: [m[Kcandidate: template<class _CharT, class _Traits, class _Alloc> std::basic_istream<_CharT, _Traits>& std::getline(std::basic_istream<_CharT, _Traits>&, std::__cxx11::basic_string<_CharT, _Traits, _Alloc>&, _CharT)
     [01;36m[Kgetline[m[K(basic_istream<_CharT, _Traits>& __in,
     [01;36m[K^~~~~~~[m[K
[01m[K/usr/include/c++/7/bits/basic_string.tcc:1537:5:[m[K [01;36m[Knote: [m[K  template argument deduction/substitution failed:
[01m[K/home/loren.lyttle/tests/catkin_ws/src/add_pallet/src/pallet_library.cpp:41:36:[m[K [01;36m[Knote: [m[K  ‘[01m[Kstd::__cxx11::string {aka std::__cxx11::basic_string<char>}[m[K’ is not derived from ‘[01m[Kstd::basic_istream<_CharT, _Traits>[m[K’
         getline(substr1,substr2,":"[01;36m[K)[m[K;
                                    [01;36m[K^[m[K
make[2]: *** [CMakeFiles/pallet_library.dir/src/pallet_library.cpp.o] Error 1
make[1]: *** [CMakeFiles/pallet_library.dir/all] Error 2
make: *** [all] Error 2
