[ 20%] [34m[1mGenerating dynamic reconfigure files from cfg/dynamic_params.cfg: /home/loren.lyttle/tests/catkin_ws/devel/.private/add_pallet/include/add_pallet/dynamic_paramsConfig.h /home/loren.lyttle/tests/catkin_ws/devel/.private/add_pallet/lib/python2.7/dist-packages/add_pallet/cfg/dynamic_paramsConfig.py[0m
Generating reconfiguration files for dynamic_params in add_pallet
Wrote header file in /home/loren.lyttle/tests/catkin_ws/devel/.private/add_pallet/include/add_pallet/dynamic_paramsConfig.h
[ 20%] Built target add_pallet_gencfg
[35m[1mScanning dependencies of target remote_add[0m
[35m[1mScanning dependencies of target pallet_library[0m
[ 40%] [32mBuilding CXX object CMakeFiles/remote_add.dir/src/remote_add.cpp.o[0m
[ 60%] [32mBuilding CXX object CMakeFiles/pallet_library.dir/src/pallet_library.cpp.o[0m
In file included from [01m[K/opt/ros/melodic/include/ros/ros.h:40:0[m[K,
                 from [01m[K/home/loren.lyttle/tests/catkin_ws/src/add_pallet/src/pallet_library.cpp:1[m[K:
[01m[K/home/loren.lyttle/tests/catkin_ws/src/add_pallet/src/pallet_library.cpp:[m[K In function ‘[01m[Kvoid dynamic_callback(add_pallet::dynamic_paramsConfig&, uint32_t)[m[K’:
[01m[K/home/loren.lyttle/tests/catkin_ws/src/add_pallet/src/pallet_library.cpp:21:21:[m[K [01;31m[Kerror: [m[K‘[01m[Kclass add_pallet::dynamic_paramsConfig[m[K’ has no member named ‘[01m[Kpallet_type_param[m[K’; did you mean ‘[01m[Ka_pallet_type_param[m[K’?
              config.[01;31m[Kp[m[Kallet_type_param.c_str(),
                     [01;31m[K^[m[K
[01m[K/opt/ros/melodic/include/ros/console.h:348:165:[m[K [01;36m[Knote: [m[Kin definition of macro ‘[01m[KROSCONSOLE_PRINT_AT_LOCATION_WITH_FILTER[m[K’
     ::ros::console::print(filter, __rosconsole_define_location__loc.logger_, __rosconsole_define_location__loc.level_, __FILE__, __LINE__, __ROSCONSOLE_FUNCTION__, [01;36m[K__VA_ARGS__[m[K)
                                                                                                                                                                     [01;36m[K^~~~~~~~~~~[m[K
[01m[K/opt/ros/melodic/include/ros/console.h:387:7:[m[K [01;36m[Knote: [m[Kin expansion of macro ‘[01m[KROSCONSOLE_PRINT_AT_LOCATION[m[K’
       [01;36m[KROSCONSOLE_PRINT_AT_LOCATION[m[K(__VA_ARGS__); \
       [01;36m[K^~~~~~~~~~~~~~~~~~~~~~~~~~~~[m[K
[01m[K/opt/ros/melodic/include/ros/console.h:572:35:[m[K [01;36m[Knote: [m[Kin expansion of macro ‘[01m[KROS_LOG_COND[m[K’
 #define ROS_LOG(level, name, ...) [01;36m[KROS_LOG_COND[m[K(true, level, name, __VA_ARGS__)
                                   [01;36m[K^~~~~~~~~~~~[m[K
[01m[K/opt/ros/melodic/include/rosconsole/macros_generated.h:110:23:[m[K [01;36m[Knote: [m[Kin expansion of macro ‘[01m[KROS_LOG[m[K’
 #define ROS_INFO(...) [01;36m[KROS_LOG[m[K(::ros::console::levels::Info, ROSCONSOLE_DEFAULT_NAME, __VA_ARGS__)
                       [01;36m[K^~~~~~~[m[K
[01m[K/home/loren.lyttle/tests/catkin_ws/src/add_pallet/src/pallet_library.cpp:20:5:[m[K [01;36m[Knote: [m[Kin expansion of macro ‘[01m[KROS_INFO[m[K’
     [01;36m[KR[m[KOS_INFO("Reconfigure Request: [%s]: [%f-%f] x [%f-%f]",
     [01;36m[K^[m[K
CMakeFiles/pallet_library.dir/build.make:62: recipe for target 'CMakeFiles/pallet_library.dir/src/pallet_library.cpp.o' failed
make[2]: *** [CMakeFiles/pallet_library.dir/src/pallet_library.cpp.o] Error 1
CMakeFiles/Makefile2:845: recipe for target 'CMakeFiles/pallet_library.dir/all' failed
make[1]: *** [CMakeFiles/pallet_library.dir/all] Error 2
make[1]: *** Waiting for unfinished jobs....
[ 80%] [32m[1mLinking CXX executable /home/loren.lyttle/tests/catkin_ws/devel/.private/add_pallet/lib/add_pallet/remote_add[0m
[ 80%] Built target remote_add
Makefile:140: recipe for target 'all' failed
make: *** [all] Error 2
