[01m[K/home/loren.lyttle/tests/catkin_ws/src/add_pallet/src/pallet_library.cpp:[m[K In function ‘[01m[Kvoid dynamic_callback(add_pallet::dynamic_paramsConfig&, uint32_t)[m[K’:
[01m[K/home/loren.lyttle/tests/catkin_ws/src/add_pallet/src/pallet_library.cpp:26:73:[m[K [01;31m[Kerror: [m[Kcall of overloaded ‘[01m[Kset(std::__cxx11::basic_string<char>, <brace-enclosed initializer list>)[m[K’ is ambiguous
     ros::param::set(ros::this_node::getName()+"/test_pallet", {a:1, b:2}[01;31m[K)[m[K;
                                                                         [01;31m[K^[m[K
In file included from [01m[K/opt/ros/melodic/include/ros/ros.h:54:0[m[K,
                 from [01m[K/home/loren.lyttle/tests/catkin_ws/src/add_pallet/src/pallet_library.cpp:1[m[K:
[01m[K/opt/ros/melodic/include/ros/param.h:60:18:[m[K [01;36m[Knote: [m[Kcandidate: void ros::param::set(const string&, const string&)
 ROSCPP_DECL void [01;36m[Kset[m[K(const std::string& key, const std::string& s);
                  [01;36m[K^~~[m[K
[01m[K/opt/ros/melodic/include/ros/param.h:104:18:[m[K [01;36m[Knote: [m[Kcandidate: void ros::param::set(const string&, const std::vector<double>&)
 ROSCPP_DECL void [01;36m[Kset[m[K(const std::string& key, const std::vector<double>& vec);
                  [01;36m[K^~~[m[K
[01m[K/opt/ros/melodic/include/ros/param.h:111:18:[m[K [01;36m[Knote: [m[Kcandidate: void ros::param::set(const string&, const std::vector<float>&)
 ROSCPP_DECL void [01;36m[Kset[m[K(const std::string& key, const std::vector<float>& vec);
                  [01;36m[K^~~[m[K
[01m[K/opt/ros/melodic/include/ros/param.h:118:18:[m[K [01;36m[Knote: [m[Kcandidate: void ros::param::set(const string&, const std::vector<int>&)
 ROSCPP_DECL void [01;36m[Kset[m[K(const std::string& key, const std::vector<int>& vec);
                  [01;36m[K^~~[m[K
[01m[K/opt/ros/melodic/include/ros/param.h:125:18:[m[K [01;36m[Knote: [m[Kcandidate: void ros::param::set(const string&, const std::vector<bool>&)
 ROSCPP_DECL void [01;36m[Kset[m[K(const std::string& key, const std::vector<bool>& vec);
                  [01;36m[K^~~[m[K
[01m[K/opt/ros/melodic/include/ros/param.h:133:18:[m[K [01;36m[Knote: [m[Kcandidate: void ros::param::set(const string&, const std::map<std::__cxx11::basic_string<char>, std::__cxx11::basic_string<char> >&)
 ROSCPP_DECL void [01;36m[Kset[m[K(const std::string& key, const std::map<std::string, std::string>& map);
                  [01;36m[K^~~[m[K
[01m[K/opt/ros/melodic/include/ros/param.h:140:18:[m[K [01;36m[Knote: [m[Kcandidate: void ros::param::set(const string&, const std::map<std::__cxx11::basic_string<char>, double>&)
 ROSCPP_DECL void [01;36m[Kset[m[K(const std::string& key, const std::map<std::string, double>& map);
                  [01;36m[K^~~[m[K
[01m[K/opt/ros/melodic/include/ros/param.h:147:18:[m[K [01;36m[Knote: [m[Kcandidate: void ros::param::set(const string&, const std::map<std::__cxx11::basic_string<char>, float>&)
 ROSCPP_DECL void [01;36m[Kset[m[K(const std::string& key, const std::map<std::string, float>& map);
                  [01;36m[K^~~[m[K
[01m[K/opt/ros/melodic/include/ros/param.h:154:18:[m[K [01;36m[Knote: [m[Kcandidate: void ros::param::set(const string&, const std::map<std::__cxx11::basic_string<char>, int>&)
 ROSCPP_DECL void [01;36m[Kset[m[K(const std::string& key, const std::map<std::string, int>& map);
                  [01;36m[K^~~[m[K
[01m[K/opt/ros/melodic/include/ros/param.h:161:18:[m[K [01;36m[Knote: [m[Kcandidate: void ros::param::set(const string&, const std::map<std::__cxx11::basic_string<char>, bool>&)
 ROSCPP_DECL void [01;36m[Kset[m[K(const std::string& key, const std::map<std::string, bool>& map);
                  [01;36m[K^~~[m[K
make[2]: *** [CMakeFiles/pallet_library.dir/src/pallet_library.cpp.o] Error 1
make[1]: *** [CMakeFiles/pallet_library.dir/all] Error 2
make[1]: *** Waiting for unfinished jobs....
make: *** [all] Error 2
