CMakeFiles/load_pallet.dir/src/load_pallet.cpp.o: In function `load_pallet(std::__cxx11::basic_string<char, std::char_traits<char>, std::allocator<char> >)':
load_pallet.cpp:(.text+0x14e): undefined reference to `ros::param::get(std::__cxx11::basic_string<char, std::char_traits<char>, std::allocator<char> > const&, std::__cxx11::basic_string<char, std::char_traits<char>, std::allocator<char> >&)'
load_pallet.cpp:(.text+0x170): undefined reference to `ros::console::g_initialized'
load_pallet.cpp:(.text+0x253): undefined reference to `YAML::LoadFile(std::__cxx11::basic_string<char, std::char_traits<char>, std::allocator<char> > const&)'
load_pallet.cpp:(.text+0x3e3): undefined reference to `ros::console::g_initialized'
load_pallet.cpp:(.text+0x47b): undefined reference to `YAML::detail::node_data::begin()'
load_pallet.cpp:(.text+0x546): undefined reference to `YAML::detail::node_data::end()'
load_pallet.cpp:(.text+0xbb5): undefined reference to `YAML::detail::memory_holder::merge(YAML::detail::memory_holder&)'
load_pallet.cpp:(.text+0x26c8): undefined reference to `ros::console::initialize()'
load_pallet.cpp:(.text+0x2700): undefined reference to `ros::console::initializeLogLocation(ros::console::LogLocation*, std::__cxx11::basic_string<char, std::char_traits<char>, std::allocator<char> > const&, ros::console::levels::Level)'
load_pallet.cpp:(.text+0x272f): undefined reference to `ros::console::setLogLocationLevel(ros::console::LogLocation*, ros::console::levels::Level)'
load_pallet.cpp:(.text+0x273b): undefined reference to `ros::console::checkLogLocationEnabled(ros::console::LogLocation*)'
load_pallet.cpp:(.text+0x2776): undefined reference to `ros::console::print(ros::console::FilterBase*, void*, ros::console::levels::Level, char const*, int, char const*, char const*, ...)'
load_pallet.cpp:(.text+0x2954): undefined reference to `ros::console::print(ros::console::FilterBase*, void*, ros::console::levels::Level, char const*, int, char const*, char const*, ...)'
load_pallet.cpp:(.text+0x296c): undefined reference to `ros::console::setLogLocationLevel(ros::console::LogLocation*, ros::console::levels::Level)'
load_pallet.cpp:(.text+0x2978): undefined reference to `ros::console::checkLogLocationEnabled(ros::console::LogLocation*)'
load_pallet.cpp:(.text+0x29b0): undefined reference to `ros::console::initializeLogLocation(ros::console::LogLocation*, std::__cxx11::basic_string<char, std::char_traits<char>, std::allocator<char> > const&, ros::console::levels::Level)'
load_pallet.cpp:(.text+0x29d4): undefined reference to `ros::console::initialize()'
CMakeFiles/load_pallet.dir/src/load_pallet.cpp.o: In function `ros::ServiceClient::deserializeFailed(std::exception const&)':
load_pallet.cpp:(.text._ZN3ros13ServiceClient17deserializeFailedERKSt9exception[_ZN3ros13ServiceClient17deserializeFailedERKSt9exception]+0x1b): undefined reference to `ros::console::g_initialized'
load_pallet.cpp:(.text._ZN3ros13ServiceClient17deserializeFailedERKSt9exception[_ZN3ros13ServiceClient17deserializeFailedERKSt9exception]+0x61): undefined reference to `ros::console::initialize()'
load_pallet.cpp:(.text._ZN3ros13ServiceClient17deserializeFailedERKSt9exception[_ZN3ros13ServiceClient17deserializeFailedERKSt9exception]+0xb8): undefined reference to `ros::console::initializeLogLocation(ros::console::LogLocation*, std::__cxx11::basic_string<char, std::char_traits<char>, std::allocator<char> > const&, ros::console::levels::Level)'
load_pallet.cpp:(.text._ZN3ros13ServiceClient17deserializeFailedERKSt9exception[_ZN3ros13ServiceClient17deserializeFailedERKSt9exception]+0xed): undefined reference to `ros::console::setLogLocationLevel(ros::console::LogLocation*, ros::console::levels::Level)'
load_pallet.cpp:(.text._ZN3ros13ServiceClient17deserializeFailedERKSt9exception[_ZN3ros13ServiceClient17deserializeFailedERKSt9exception]+0xf9): undefined reference to `ros::console::checkLogLocationEnabled(ros::console::LogLocation*)'
load_pallet.cpp:(.text._ZN3ros13ServiceClient17deserializeFailedERKSt9exception[_ZN3ros13ServiceClient17deserializeFailedERKSt9exception]+0x148): undefined reference to `ros::console::print(ros::console::FilterBase*, void*, ros::console::levels::Level, char const*, int, char const*, char const*, ...)'
CMakeFiles/load_pallet.dir/src/load_pallet.cpp.o: In function `YAML::detail::node::mark_defined()':
load_pallet.cpp:(.text._ZN4YAML6detail4node12mark_definedEv[_ZN4YAML6detail4node12mark_definedEv]+0x2d): undefined reference to `YAML::detail::node_data::mark_defined()'
load_pallet.cpp:(.text._ZN4YAML6detail4node12mark_definedEv[_ZN4YAML6detail4node12mark_definedEv]+0xf1): undefined reference to `YAML::detail::node_data::mark_defined()'
load_pallet.cpp:(.text._ZN4YAML6detail4node12mark_definedEv[_ZN4YAML6detail4node12mark_definedEv]+0x1a1): undefined reference to `YAML::detail::node_data::mark_defined()'
load_pallet.cpp:(.text._ZN4YAML6detail4node12mark_definedEv[_ZN4YAML6detail4node12mark_definedEv]+0x251): undefined reference to `YAML::detail::node_data::mark_defined()'
load_pallet.cpp:(.text._ZN4YAML6detail4node12mark_definedEv[_ZN4YAML6detail4node12mark_definedEv]+0x2f9): undefined reference to `YAML::detail::node_data::mark_defined()'
CMakeFiles/load_pallet.dir/src/load_pallet.cpp.o:load_pallet.cpp:(.text._ZN4YAML6detail4node12mark_definedEv[_ZN4YAML6detail4node12mark_definedEv]+0x3a1): more undefined references to `YAML::detail::node_data::mark_defined()' follow
CMakeFiles/load_pallet.dir/src/load_pallet.cpp.o: In function `YAML::Node::EnsureNodeExists() const':
load_pallet.cpp:(.text._ZNK4YAML4Node16EnsureNodeExistsEv[_ZNK4YAML4Node16EnsureNodeExistsEv]+0xfd): undefined reference to `YAML::detail::memory::create_node()'
load_pallet.cpp:(.text._ZNK4YAML4Node16EnsureNodeExistsEv[_ZNK4YAML4Node16EnsureNodeExistsEv]+0x121): undefined reference to `YAML::detail::node_data::mark_defined()'
load_pallet.cpp:(.text._ZNK4YAML4Node16EnsureNodeExistsEv[_ZNK4YAML4Node16EnsureNodeExistsEv]+0x11c): undefined reference to `YAML::detail::node_data::set_null()'
CMakeFiles/load_pallet.dir/src/load_pallet.cpp.o: In function `YAML::detail::node& YAML::detail::node_data::get<std::__cxx11::basic_string<char, std::char_traits<char>, std::allocator<char> > >(std::__cxx11::basic_string<char, std::char_traits<char>, std::allocator<char> > const&, boost::shared_ptr<YAML::detail::memory_holder>)':
load_pallet.cpp:(.text._ZN4YAML6detail9node_data3getINSt7__cxx1112basic_stringIcSt11char_traitsIcESaIcEEEEERNS0_4nodeERKT_N5boost10shared_ptrINS0_13memory_holderEEE[_ZN4YAML6detail9node_data3getINSt7__cxx1112basic_stringIcSt11char_traitsIcESaIcEEEEERNS0_4nodeERKT_N5boost10shared_ptrINS0_13memory_holderEEE]+0x26d): undefined reference to `YAML::detail::memory::create_node()'
load_pallet.cpp:(.text._ZN4YAML6detail9node_data3getINSt7__cxx1112basic_stringIcSt11char_traitsIcESaIcEEEEERNS0_4nodeERKT_N5boost10shared_ptrINS0_13memory_holderEEE[_ZN4YAML6detail9node_data3getINSt7__cxx1112basic_stringIcSt11char_traitsIcESaIcEEEEERNS0_4nodeERKT_N5boost10shared_ptrINS0_13memory_holderEEE]+0x292): undefined reference to `YAML::detail::node_data::set_scalar(std::__cxx11::basic_string<char, std::char_traits<char>, std::allocator<char> > const&)'
load_pallet.cpp:(.text._ZN4YAML6detail9node_data3getINSt7__cxx1112basic_stringIcSt11char_traitsIcESaIcEEEEERNS0_4nodeERKT_N5boost10shared_ptrINS0_13memory_holderEEE[_ZN4YAML6detail9node_data3getINSt7__cxx1112basic_stringIcSt11char_traitsIcESaIcEEEEERNS0_4nodeERKT_N5boost10shared_ptrINS0_13memory_holderEEE]+0x29f): undefined reference to `YAML::detail::memory_holder::merge(YAML::detail::memory_holder&)'
load_pallet.cpp:(.text._ZN4YAML6detail9node_data3getINSt7__cxx1112basic_stringIcSt11char_traitsIcESaIcEEEEERNS0_4nodeERKT_N5boost10shared_ptrINS0_13memory_holderEEE[_ZN4YAML6detail9node_data3getINSt7__cxx1112basic_stringIcSt11char_traitsIcESaIcEEEEERNS0_4nodeERKT_N5boost10shared_ptrINS0_13memory_holderEEE]+0x2c7): undefined reference to `YAML::detail::memory::create_node()'
load_pallet.cpp:(.text._ZN4YAML6detail9node_data3getINSt7__cxx1112basic_stringIcSt11char_traitsIcESaIcEEEEERNS0_4nodeERKT_N5boost10shared_ptrINS0_13memory_holderEEE[_ZN4YAML6detail9node_data3getINSt7__cxx1112basic_stringIcSt11char_traitsIcESaIcEEEEERNS0_4nodeERKT_N5boost10shared_ptrINS0_13memory_holderEEE]+0x2db): undefined reference to `YAML::detail::node_data::insert_map_pair(YAML::detail::node&, YAML::detail::node&)'
load_pallet.cpp:(.text._ZN4YAML6detail9node_data3getINSt7__cxx1112basic_stringIcSt11char_traitsIcESaIcEEEEERNS0_4nodeERKT_N5boost10shared_ptrINS0_13memory_holderEEE[_ZN4YAML6detail9node_data3getINSt7__cxx1112basic_stringIcSt11char_traitsIcESaIcEEEEERNS0_4nodeERKT_N5boost10shared_ptrINS0_13memory_holderEEE]+0x50d): undefined reference to `YAML::detail::node_data::convert_to_map(boost::shared_ptr<YAML::detail::memory_holder>)'
load_pallet.cpp:(.text._ZN4YAML6detail9node_data3getINSt7__cxx1112basic_stringIcSt11char_traitsIcESaIcEEEEERNS0_4nodeERKT_N5boost10shared_ptrINS0_13memory_holderEEE[_ZN4YAML6detail9node_data3getINSt7__cxx1112basic_stringIcSt11char_traitsIcESaIcEEEEERNS0_4nodeERKT_N5boost10shared_ptrINS0_13memory_holderEEE]+0x589): undefined reference to `YAML::detail::node_data::mark_defined()'
load_pallet.cpp:(.text._ZN4YAML6detail9node_data3getINSt7__cxx1112basic_stringIcSt11char_traitsIcESaIcEEEEERNS0_4nodeERKT_N5boost10shared_ptrINS0_13memory_holderEEE[_ZN4YAML6detail9node_data3getINSt7__cxx1112basic_stringIcSt11char_traitsIcESaIcEEEEERNS0_4nodeERKT_N5boost10shared_ptrINS0_13memory_holderEEE]+0x738): undefined reference to `YAML::detail::memory::create_node()'
load_pallet.cpp:(.text._ZN4YAML6detail9node_data3getINSt7__cxx1112basic_stringIcSt11char_traitsIcESaIcEEEEERNS0_4nodeERKT_N5boost10shared_ptrINS0_13memory_holderEEE[_ZN4YAML6detail9node_data3getINSt7__cxx1112basic_stringIcSt11char_traitsIcESaIcEEEEERNS0_4nodeERKT_N5boost10shared_ptrINS0_13memory_holderEEE]+0x74f): undefined reference to `YAML::detail::node_data::set_null()'
load_pallet.cpp:(.text._ZN4YAML6detail9node_data3getINSt7__cxx1112basic_stringIcSt11char_traitsIcESaIcEEEEERNS0_4nodeERKT_N5boost10shared_ptrINS0_13memory_holderEEE[_ZN4YAML6detail9node_data3getINSt7__cxx1112basic_stringIcSt11char_traitsIcESaIcEEEEERNS0_4nodeERKT_N5boost10shared_ptrINS0_13memory_holderEEE]+0x887): undefined reference to `YAML::detail::node_data::mark_defined()'
CMakeFiles/load_pallet.dir/src/load_pallet.cpp.o: In function `bool ros::ServiceClient::call<dynamic_reconfigure::ReconfigureRequest_<std::allocator<void> >, dynamic_reconfigure::ReconfigureResponse_<std::allocator<void> > >(dynamic_reconfigure::ReconfigureRequest_<std::allocator<void> > const&, dynamic_reconfigure::ReconfigureResponse_<std::allocator<void> >&, std::__cxx11::basic_string<char, std::char_traits<char>, std::allocator<char> > const&)':
load_pallet.cpp:(.text._ZN3ros13ServiceClient4callIN19dynamic_reconfigure19ReconfigureRequest_ISaIvEEENS2_20ReconfigureResponse_IS4_EEEEbRKT_RT0_RKNSt7__cxx1112basic_stringIcSt11char_traitsIcESaIcEEE[_ZN3ros13ServiceClient4callIN19dynamic_reconfigure19ReconfigureRequest_ISaIvEEENS2_20ReconfigureResponse_IS4_EEEEbRKT_RT0_RKNSt7__cxx1112basic_stringIcSt11char_traitsIcESaIcEEE]+0x67e): undefined reference to `ros::serialization::throwStreamOverrun()'
load_pallet.cpp:(.text._ZN3ros13ServiceClient4callIN19dynamic_reconfigure19ReconfigureRequest_ISaIvEEENS2_20ReconfigureResponse_IS4_EEEEbRKT_RT0_RKNSt7__cxx1112basic_stringIcSt11char_traitsIcESaIcEEE[_ZN3ros13ServiceClient4callIN19dynamic_reconfigure19ReconfigureRequest_ISaIvEEENS2_20ReconfigureResponse_IS4_EEEEbRKT_RT0_RKNSt7__cxx1112basic_stringIcSt11char_traitsIcESaIcEEE]+0x689): undefined reference to `ros::serialization::throwStreamOverrun()'
load_pallet.cpp:(.text._ZN3ros13ServiceClient4callIN19dynamic_reconfigure19ReconfigureRequest_ISaIvEEENS2_20ReconfigureResponse_IS4_EEEEbRKT_RT0_RKNSt7__cxx1112basic_stringIcSt11char_traitsIcESaIcEEE[_ZN3ros13ServiceClient4callIN19dynamic_reconfigure19ReconfigureRequest_ISaIvEEENS2_20ReconfigureResponse_IS4_EEEEbRKT_RT0_RKNSt7__cxx1112basic_stringIcSt11char_traitsIcESaIcEEE]+0x73d): undefined reference to `ros::serialization::throwStreamOverrun()'
load_pallet.cpp:(.text._ZN3ros13ServiceClient4callIN19dynamic_reconfigure19ReconfigureRequest_ISaIvEEENS2_20ReconfigureResponse_IS4_EEEEbRKT_RT0_RKNSt7__cxx1112basic_stringIcSt11char_traitsIcESaIcEEE[_ZN3ros13ServiceClient4callIN19dynamic_reconfigure19ReconfigureRequest_ISaIvEEENS2_20ReconfigureResponse_IS4_EEEEbRKT_RT0_RKNSt7__cxx1112basic_stringIcSt11char_traitsIcESaIcEEE]+0x749): undefined reference to `ros::serialization::throwStreamOverrun()'
load_pallet.cpp:(.text._ZN3ros13ServiceClient4callIN19dynamic_reconfigure19ReconfigureRequest_ISaIvEEENS2_20ReconfigureResponse_IS4_EEEEbRKT_RT0_RKNSt7__cxx1112basic_stringIcSt11char_traitsIcESaIcEEE[_ZN3ros13ServiceClient4callIN19dynamic_reconfigure19ReconfigureRequest_ISaIvEEENS2_20ReconfigureResponse_IS4_EEEEbRKT_RT0_RKNSt7__cxx1112basic_stringIcSt11char_traitsIcESaIcEEE]+0x759): undefined reference to `ros::serialization::throwStreamOverrun()'
CMakeFiles/load_pallet.dir/src/load_pallet.cpp.o:load_pallet.cpp:(.text._ZN3ros13ServiceClient4callIN19dynamic_reconfigure19ReconfigureRequest_ISaIvEEENS2_20ReconfigureResponse_IS4_EEEEbRKT_RT0_RKNSt7__cxx1112basic_stringIcSt11char_traitsIcESaIcEEE[_ZN3ros13ServiceClient4callIN19dynamic_reconfigure19ReconfigureRequest_ISaIvEEENS2_20ReconfigureResponse_IS4_EEEEbRKT_RT0_RKNSt7__cxx1112basic_stringIcSt11char_traitsIcESaIcEEE]+0x835): more undefined references to `ros::serialization::throwStreamOverrun()' follow
CMakeFiles/load_pallet.dir/src/load_pallet.cpp.o: In function `bool ros::ServiceClient::call<dynamic_reconfigure::ReconfigureRequest_<std::allocator<void> >, dynamic_reconfigure::ReconfigureResponse_<std::allocator<void> > >(dynamic_reconfigure::ReconfigureRequest_<std::allocator<void> > const&, dynamic_reconfigure::ReconfigureResponse_<std::allocator<void> >&, std::__cxx11::basic_string<char, std::char_traits<char>, std::allocator<char> > const&)':
load_pallet.cpp:(.text._ZN3ros13ServiceClient4callIN19dynamic_reconfigure19ReconfigureRequest_ISaIvEEENS2_20ReconfigureResponse_IS4_EEEEbRKT_RT0_RKNSt7__cxx1112basic_stringIcSt11char_traitsIcESaIcEEE[_ZN3ros13ServiceClient4callIN19dynamic_reconfigure19ReconfigureRequest_ISaIvEEENS2_20ReconfigureResponse_IS4_EEEEbRKT_RT0_RKNSt7__cxx1112basic_stringIcSt11char_traitsIcESaIcEEE]+0xab6): undefined reference to `ros::ServiceClient::call(ros::SerializedMessage const&, ros::SerializedMessage&, std::__cxx11::basic_string<char, std::char_traits<char>, std::allocator<char> > const&)'
load_pallet.cpp:(.text._ZN3ros13ServiceClient4callIN19dynamic_reconfigure19ReconfigureRequest_ISaIvEEENS2_20ReconfigureResponse_IS4_EEEEbRKT_RT0_RKNSt7__cxx1112basic_stringIcSt11char_traitsIcESaIcEEE[_ZN3ros13ServiceClient4callIN19dynamic_reconfigure19ReconfigureRequest_ISaIvEEENS2_20ReconfigureResponse_IS4_EEEEbRKT_RT0_RKNSt7__cxx1112basic_stringIcSt11char_traitsIcESaIcEEE]+0xbca): undefined reference to `ros::serialization::throwStreamOverrun()'
load_pallet.cpp:(.text._ZN3ros13ServiceClient4callIN19dynamic_reconfigure19ReconfigureRequest_ISaIvEEENS2_20ReconfigureResponse_IS4_EEEEbRKT_RT0_RKNSt7__cxx1112basic_stringIcSt11char_traitsIcESaIcEEE[_ZN3ros13ServiceClient4callIN19dynamic_reconfigure19ReconfigureRequest_ISaIvEEENS2_20ReconfigureResponse_IS4_EEEEbRKT_RT0_RKNSt7__cxx1112basic_stringIcSt11char_traitsIcESaIcEEE]+0xcf3): undefined reference to `ros::serialization::throwStreamOverrun()'
load_pallet.cpp:(.text._ZN3ros13ServiceClient4callIN19dynamic_reconfigure19ReconfigureRequest_ISaIvEEENS2_20ReconfigureResponse_IS4_EEEEbRKT_RT0_RKNSt7__cxx1112basic_stringIcSt11char_traitsIcESaIcEEE[_ZN3ros13ServiceClient4callIN19dynamic_reconfigure19ReconfigureRequest_ISaIvEEENS2_20ReconfigureResponse_IS4_EEEEbRKT_RT0_RKNSt7__cxx1112basic_stringIcSt11char_traitsIcESaIcEEE]+0xd01): undefined reference to `ros::serialization::throwStreamOverrun()'
load_pallet.cpp:(.text._ZN3ros13ServiceClient4callIN19dynamic_reconfigure19ReconfigureRequest_ISaIvEEENS2_20ReconfigureResponse_IS4_EEEEbRKT_RT0_RKNSt7__cxx1112basic_stringIcSt11char_traitsIcESaIcEEE[_ZN3ros13ServiceClient4callIN19dynamic_reconfigure19ReconfigureRequest_ISaIvEEENS2_20ReconfigureResponse_IS4_EEEEbRKT_RT0_RKNSt7__cxx1112basic_stringIcSt11char_traitsIcESaIcEEE]+0xd11): undefined reference to `ros::serialization::throwStreamOverrun()'
load_pallet.cpp:(.text._ZN3ros13ServiceClient4callIN19dynamic_reconfigure19ReconfigureRequest_ISaIvEEENS2_20ReconfigureResponse_IS4_EEEEbRKT_RT0_RKNSt7__cxx1112basic_stringIcSt11char_traitsIcESaIcEEE[_ZN3ros13ServiceClient4callIN19dynamic_reconfigure19ReconfigureRequest_ISaIvEEENS2_20ReconfigureResponse_IS4_EEEEbRKT_RT0_RKNSt7__cxx1112basic_stringIcSt11char_traitsIcESaIcEEE]+0xd21): undefined reference to `ros::serialization::throwStreamOverrun()'
CMakeFiles/load_pallet.dir/src/load_pallet.cpp.o:load_pallet.cpp:(.text._ZN3ros13ServiceClient4callIN19dynamic_reconfigure19ReconfigureRequest_ISaIvEEENS2_20ReconfigureResponse_IS4_EEEEbRKT_RT0_RKNSt7__cxx1112basic_stringIcSt11char_traitsIcESaIcEEE[_ZN3ros13ServiceClient4callIN19dynamic_reconfigure19ReconfigureRequest_ISaIvEEENS2_20ReconfigureResponse_IS4_EEEEbRKT_RT0_RKNSt7__cxx1112basic_stringIcSt11char_traitsIcESaIcEEE]+0xdf1): more undefined references to `ros::serialization::throwStreamOverrun()' follow
CMakeFiles/load_pallet.dir/src/load_pallet.cpp.o: In function `bool ros::service::call<dynamic_reconfigure::ReconfigureRequest_<std::allocator<void> >, dynamic_reconfigure::ReconfigureResponse_<std::allocator<void> > >(std::__cxx11::basic_string<char, std::char_traits<char>, std::allocator<char> > const&, dynamic_reconfigure::ReconfigureRequest_<std::allocator<void> >&, dynamic_reconfigure::ReconfigureResponse_<std::allocator<void> >&)':
load_pallet.cpp:(.text._ZN3ros7service4callIN19dynamic_reconfigure19ReconfigureRequest_ISaIvEEENS2_20ReconfigureResponse_IS4_EEEEbRKNSt7__cxx1112basic_stringIcSt11char_traitsIcESaIcEEERT_RT0_[_ZN3ros7service4callIN19dynamic_reconfigure19ReconfigureRequest_ISaIvEEENS2_20ReconfigureResponse_IS4_EEEEbRKNSt7__cxx1112basic_stringIcSt11char_traitsIcESaIcEEERT_RT0_]+0x98): undefined reference to `ros::NodeHandle::NodeHandle(std::__cxx11::basic_string<char, std::char_traits<char>, std::allocator<char> > const&, std::map<std::__cxx11::basic_string<char, std::char_traits<char>, std::allocator<char> >, std::__cxx11::basic_string<char, std::char_traits<char>, std::allocator<char> >, std::less<std::__cxx11::basic_string<char, std::char_traits<char>, std::allocator<char> > >, std::allocator<std::pair<std::__cxx11::basic_string<char, std::char_traits<char>, std::allocator<char> > const, std::__cxx11::basic_string<char, std::char_traits<char>, std::allocator<char> > > > > const&)'
load_pallet.cpp:(.text._ZN3ros7service4callIN19dynamic_reconfigure19ReconfigureRequest_ISaIvEEENS2_20ReconfigureResponse_IS4_EEEEbRKNSt7__cxx1112basic_stringIcSt11char_traitsIcESaIcEEERT_RT0_[_ZN3ros7service4callIN19dynamic_reconfigure19ReconfigureRequest_ISaIvEEENS2_20ReconfigureResponse_IS4_EEEEbRKNSt7__cxx1112basic_stringIcSt11char_traitsIcESaIcEEERT_RT0_]+0x1c7): undefined reference to `ros::names::resolve(std::__cxx11::basic_string<char, std::char_traits<char>, std::allocator<char> > const&, bool)'
load_pallet.cpp:(.text._ZN3ros7service4callIN19dynamic_reconfigure19ReconfigureRequest_ISaIvEEENS2_20ReconfigureResponse_IS4_EEEEbRKNSt7__cxx1112basic_stringIcSt11char_traitsIcESaIcEEERT_RT0_[_ZN3ros7service4callIN19dynamic_reconfigure19ReconfigureRequest_ISaIvEEENS2_20ReconfigureResponse_IS4_EEEEbRKNSt7__cxx1112basic_stringIcSt11char_traitsIcESaIcEEERT_RT0_]+0x3d7): undefined reference to `ros::NodeHandle::serviceClient(ros::ServiceClientOptions&)'
load_pallet.cpp:(.text._ZN3ros7service4callIN19dynamic_reconfigure19ReconfigureRequest_ISaIvEEENS2_20ReconfigureResponse_IS4_EEEEbRKNSt7__cxx1112basic_stringIcSt11char_traitsIcESaIcEEERT_RT0_[_ZN3ros7service4callIN19dynamic_reconfigure19ReconfigureRequest_ISaIvEEENS2_20ReconfigureResponse_IS4_EEEEbRKNSt7__cxx1112basic_stringIcSt11char_traitsIcESaIcEEERT_RT0_]+0x3df): undefined reference to `ros::ServiceClient::isValid() const'
load_pallet.cpp:(.text._ZN3ros7service4callIN19dynamic_reconfigure19ReconfigureRequest_ISaIvEEENS2_20ReconfigureResponse_IS4_EEEEbRKNSt7__cxx1112basic_stringIcSt11char_traitsIcESaIcEEERT_RT0_[_ZN3ros7service4callIN19dynamic_reconfigure19ReconfigureRequest_ISaIvEEENS2_20ReconfigureResponse_IS4_EEEEbRKNSt7__cxx1112basic_stringIcSt11char_traitsIcESaIcEEERT_RT0_]+0x3f6): undefined reference to `ros::ServiceClient::~ServiceClient()'
load_pallet.cpp:(.text._ZN3ros7service4callIN19dynamic_reconfigure19ReconfigureRequest_ISaIvEEENS2_20ReconfigureResponse_IS4_EEEEbRKNSt7__cxx1112basic_stringIcSt11char_traitsIcESaIcEEERT_RT0_[_ZN3ros7service4callIN19dynamic_reconfigure19ReconfigureRequest_ISaIvEEENS2_20ReconfigureResponse_IS4_EEEEbRKNSt7__cxx1112basic_stringIcSt11char_traitsIcESaIcEEERT_RT0_]+0x48d): undefined reference to `ros::NodeHandle::~NodeHandle()'
load_pallet.cpp:(.text._ZN3ros7service4callIN19dynamic_reconfigure19ReconfigureRequest_ISaIvEEENS2_20ReconfigureResponse_IS4_EEEEbRKNSt7__cxx1112basic_stringIcSt11char_traitsIcESaIcEEERT_RT0_[_ZN3ros7service4callIN19dynamic_reconfigure19ReconfigureRequest_ISaIvEEENS2_20ReconfigureResponse_IS4_EEEEbRKNSt7__cxx1112basic_stringIcSt11char_traitsIcESaIcEEERT_RT0_]+0x64d): undefined reference to `ros::NodeHandle::~NodeHandle()'
load_pallet.cpp:(.text._ZN3ros7service4callIN19dynamic_reconfigure19ReconfigureRequest_ISaIvEEENS2_20ReconfigureResponse_IS4_EEEEbRKNSt7__cxx1112basic_stringIcSt11char_traitsIcESaIcEEERT_RT0_[_ZN3ros7service4callIN19dynamic_reconfigure19ReconfigureRequest_ISaIvEEENS2_20ReconfigureResponse_IS4_EEEEbRKNSt7__cxx1112basic_stringIcSt11char_traitsIcESaIcEEERT_RT0_]+0x7a3): undefined reference to `ros::ServiceClient::~ServiceClient()'
CMakeFiles/load_pallet.dir/src/load_pallet.cpp.o: In function `main':
load_pallet.cpp:(.text.startup+0x88): undefined reference to `ros::init(int&, char**, std::__cxx11::basic_string<char, std::char_traits<char>, std::allocator<char> > const&, unsigned int)'
collect2: error: ld returned 1 exit status
make[2]: *** [/home/loren.lyttle/tests/catkin_ws/devel/.private/add_pallet/lib/add_pallet/load_pallet] Error 1
make[1]: *** [CMakeFiles/load_pallet.dir/all] Error 2
make: *** [all] Error 2
