[01m[K/home/loren.lyttle/tests/catkin_ws/src/add_pallet/src/pallet_library.cpp:[m[K In member function ‘[01m[Kvoid PalletLibraryNode::create_Pointer(std::__cxx11::string)[m[K’:
[01m[K/home/loren.lyttle/tests/catkin_ws/src/add_pallet/src/pallet_library.cpp:41:14:[m[K [01;31m[Kerror: [m[K‘[01m[Km_legFrontFacePtsMinClusterSize[m[K’ was not declared in this scope
     PARAM_ID([01;31m[Km[m[K_legFrontFacePtsMinClusterSize);
              [01;31m[K^[m[K
[01m[K/home/loren.lyttle/tests/catkin_ws/src/add_pallet/src/pallet_library.cpp:17:55:[m[K [01;36m[Knote: [m[Kin definition of macro ‘[01m[KPARAM_ID[m[K’
 #define PARAM_ID(variable) param_id(#variable, typeid([01;36m[Kvariable[m[K))
                                                       [01;36m[K^~~~~~~~[m[K
[01m[K/home/loren.lyttle/tests/catkin_ws/src/add_pallet/src/pallet_library.cpp:17:28:[m[K [01;31m[Kerror: [m[K‘[01m[Kparam_id[m[K’ was not declared in this scope
 #define PARAM_ID(variable) [01;31m[Kp[m[Karam_id(#variable, typeid(variable))
                            [01;31m[K^[m[K
[01m[K/home/loren.lyttle/tests/catkin_ws/src/add_pallet/src/pallet_library.cpp:17:28:[m[K [01;36m[Knote: [m[Kin definition of macro ‘[01m[KPARAM_ID[m[K’
 #define PARAM_ID(variable) [01;36m[Kparam_id[m[K(#variable, typeid(variable))
                            [01;36m[K^~~~~~~~[m[K
[01m[K/home/loren.lyttle/tests/catkin_ws/src/add_pallet/src/pallet_library.cpp:[m[K In member function ‘[01m[Kvoid PalletThreeLegFrontFaceDetectionInfo::updateParams()[m[K’:
[01m[K/home/loren.lyttle/tests/catkin_ws/src/add_pallet/src/pallet_library.cpp:17:64:[m[K [01;31m[Kerror: [m[K‘[01m[Kstd::type_info::type_info(const std::type_info&)[m[K’ is private within this context
 #define PARAM_ID(variable) param_id(#variable, typeid(variable)[01;31m[K)[m[K
                                                                [01;31m[K^[m[K
[01m[K/home/loren.lyttle/tests/catkin_ws/src/add_pallet/src/pallet_library.cpp:72:5:[m[K [01;36m[Knote: [m[Kin expansion of macro ‘[01m[KPARAM_ID[m[K’
     [01;36m[KP[m[KARAM_ID(m_legFrontFacePtsMinClusterSize);
     [01;36m[K^[m[K
In file included from [01m[K/usr/include/c++/7/bits/exception_ptr.h:39:0[m[K,
                 from [01m[K/usr/include/c++/7/exception:142[m[K,
                 from [01m[K/usr/include/c++/7/ios:39[m[K,
                 from [01m[K/usr/include/c++/7/ostream:38[m[K,
                 from [01m[K/usr/include/c++/7/iostream:39[m[K,
                 from [01m[K/home/loren.lyttle/tests/catkin_ws/src/add_pallet/src/pallet_library.cpp:2[m[K:
[01m[K/usr/include/c++/7/typeinfo:178:5:[m[K [01;36m[Knote: [m[Kdeclared private here
     [01;36m[Ktype_info[m[K(const type_info&);
     [01;36m[K^~~~~~~~~[m[K
[01m[K/home/loren.lyttle/tests/catkin_ws/src/add_pallet/src/pallet_library.cpp:46:6:[m[K [01;36m[Knote: [m[K  initializing argument 2 of ‘[01m[Kvoid param_id(std::__cxx11::string, std::type_info)[m[K’
 void [01;36m[Kparam_id[m[K(std::string name, const std::type_info type)
      [01;36m[K^~~~~~~~[m[K
make[2]: *** [CMakeFiles/add_pallet.dir/src/pallet_library.cpp.o] Error 1
make[1]: *** [CMakeFiles/add_pallet.dir/all] Error 2
make: *** [all] Error 2
