[01m[K/home/loren.lyttle/tests/catkin_ws/src/add_pallet/src/pallet_library.cpp:[m[K In function ‘[01m[Kstd::map<std::__cxx11::basic_string<char>, T> string_to_type_map(const string&)[m[K’:
[01m[K/home/loren.lyttle/tests/catkin_ws/src/add_pallet/src/pallet_library.cpp:27:31:[m[K [01;31m[Kerror: [m[K‘[01m[Kany[m[K’ is not a member of ‘[01m[Kstd[m[K’
     std::map<std::string,std::[01;31m[Kany[m[K> m;
                               [01;31m[K^~~[m[K
[01m[K/home/loren.lyttle/tests/catkin_ws/src/add_pallet/src/pallet_library.cpp:27:31:[m[K [01;36m[Knote: [m[Ksuggested alternatives:
In file included from [01m[K/home/loren.lyttle/tests/catkin_ws/devel/.private/add_pallet/include/add_pallet/dynamic_paramsConfig.h:26:0[m[K,
                 from [01m[K/home/loren.lyttle/tests/catkin_ws/src/add_pallet/src/pallet_library.cpp:12[m[K:
[01m[K/usr/include/boost/any.hpp:37:11:[m[K [01;36m[Knote: [m[K  ‘[01m[Kboost::any[m[K’
     class [01;36m[Kany[m[K
           [01;36m[K^~~[m[K
In file included from [01m[K/usr/include/boost/type_traits/has_plus.hpp:48:0[m[K,
                 from [01m[K/usr/include/boost/next_prior.hpp:21[m[K,
                 from [01m[K/usr/include/boost/utility.hpp:19[m[K,
                 from [01m[K/usr/include/boost/range/size.hpp:25[m[K,
                 from [01m[K/usr/include/boost/range/functions.hpp:20[m[K,
                 from [01m[K/usr/include/boost/range/iterator_range_core.hpp:38[m[K,
                 from [01m[K/usr/include/boost/lexical_cast.hpp:30[m[K,
                 from [01m[K/opt/ros/melodic/include/ros/transport_hints.h:34[m[K,
                 from [01m[K/opt/ros/melodic/include/ros/subscribe_options.h:33[m[K,
                 from [01m[K/opt/ros/melodic/include/ros/node_handle.h:42[m[K,
                 from [01m[K/opt/ros/melodic/include/ros/ros.h:45[m[K,
                 from [01m[K/home/loren.lyttle/tests/catkin_ws/src/add_pallet/src/pallet_library.cpp:1[m[K:
[01m[K/usr/include/boost/type_traits/detail/has_binary_operator.hpp:67:8:[m[K [01;36m[Knote: [m[K  ‘[01m[Kboost::detail::has_plus_impl::any[m[K’
 struct [01;36m[Kany[m[K { template <class T> any(T const&); };
        [01;36m[K^~~[m[K
In file included from [01m[K/usr/include/boost/type_traits/has_plus_assign.hpp:60:0[m[K,
                 from [01m[K/usr/include/boost/next_prior.hpp:22[m[K,
                 from [01m[K/usr/include/boost/utility.hpp:19[m[K,
                 from [01m[K/usr/include/boost/range/size.hpp:25[m[K,
                 from [01m[K/usr/include/boost/range/functions.hpp:20[m[K,
                 from [01m[K/usr/include/boost/range/iterator_range_core.hpp:38[m[K,
                 from [01m[K/usr/include/boost/lexical_cast.hpp:30[m[K,
                 from [01m[K/opt/ros/melodic/include/ros/transport_hints.h:34[m[K,
                 from [01m[K/opt/ros/melodic/include/ros/subscribe_options.h:33[m[K,
                 from [01m[K/opt/ros/melodic/include/ros/node_handle.h:42[m[K,
                 from [01m[K/opt/ros/melodic/include/ros/ros.h:45[m[K,
                 from [01m[K/home/loren.lyttle/tests/catkin_ws/src/add_pallet/src/pallet_library.cpp:1[m[K:
[01m[K/usr/include/boost/type_traits/detail/has_binary_operator.hpp:67:8:[m[K [01;36m[Knote: [m[K  ‘[01m[Kboost::detail::has_plus_assign_impl::any[m[K’
 struct [01;36m[Kany[m[K { template <class T> any(T const&); };
        [01;36m[K^~~[m[K
In file included from [01m[K/usr/include/boost/type_traits/has_minus.hpp:54:0[m[K,
                 from [01m[K/usr/include/boost/next_prior.hpp:23[m[K,
                 from [01m[K/usr/include/boost/utility.hpp:19[m[K,
                 from [01m[K/usr/include/boost/range/size.hpp:25[m[K,
                 from [01m[K/usr/include/boost/range/functions.hpp:20[m[K,
                 from [01m[K/usr/include/boost/range/iterator_range_core.hpp:38[m[K,
                 from [01m[K/usr/include/boost/lexical_cast.hpp:30[m[K,
                 from [01m[K/opt/ros/melodic/include/ros/transport_hints.h:34[m[K,
                 from [01m[K/opt/ros/melodic/include/ros/subscribe_options.h:33[m[K,
                 from [01m[K/opt/ros/melodic/include/ros/node_handle.h:42[m[K,
                 from [01m[K/opt/ros/melodic/include/ros/ros.h:45[m[K,
                 from [01m[K/home/loren.lyttle/tests/catkin_ws/src/add_pallet/src/pallet_library.cpp:1[m[K:
[01m[K/usr/include/boost/type_traits/detail/has_binary_operator.hpp:67:8:[m[K [01;36m[Knote: [m[K  ‘[01m[Kboost::detail::has_minus_impl::any[m[K’
 struct [01;36m[Kany[m[K { template <class T> any(T const&); };
        [01;36m[K^~~[m[K
In file included from [01m[K/usr/include/boost/type_traits/has_minus_assign.hpp:59:0[m[K,
                 from [01m[K/usr/include/boost/next_prior.hpp:24[m[K,
                 from [01m[K/usr/include/boost/utility.hpp:19[m[K,
                 from [01m[K/usr/include/boost/range/size.hpp:25[m[K,
                 from [01m[K/usr/include/boost/range/functions.hpp:20[m[K,
                 from [01m[K/usr/include/boost/range/iterator_range_core.hpp:38[m[K,
                 from [01m[K/usr/include/boost/lexical_cast.hpp:30[m[K,
                 from [01m[K/opt/ros/melodic/include/ros/transport_hints.h:34[m[K,
                 from [01m[K/opt/ros/melodic/include/ros/subscribe_options.h:33[m[K,
                 from [01m[K/opt/ros/melodic/include/ros/node_handle.h:42[m[K,
                 from [01m[K/opt/ros/melodic/include/ros/ros.h:45[m[K,
                 from [01m[K/home/loren.lyttle/tests/catkin_ws/src/add_pallet/src/pallet_library.cpp:1[m[K:
[01m[K/usr/include/boost/type_traits/detail/has_binary_operator.hpp:67:8:[m[K [01;36m[Knote: [m[K  ‘[01m[Kboost::detail::has_minus_assign_impl::any[m[K’
 struct [01;36m[Kany[m[K { template <class T> any(T const&); };
        [01;36m[K^~~[m[K
In file included from [01m[K/usr/include/boost/type_traits/has_left_shift.hpp:43:0[m[K,
                 from [01m[K/usr/include/boost/lexical_cast/detail/converter_lexical.hpp:38[m[K,
                 from [01m[K/usr/include/boost/lexical_cast/try_lexical_convert.hpp:42[m[K,
                 from [01m[K/usr/include/boost/lexical_cast.hpp:32[m[K,
                 from [01m[K/opt/ros/melodic/include/ros/transport_hints.h:34[m[K,
                 from [01m[K/opt/ros/melodic/include/ros/subscribe_options.h:33[m[K,
                 from [01m[K/opt/ros/melodic/include/ros/node_handle.h:42[m[K,
                 from [01m[K/opt/ros/melodic/include/ros/ros.h:45[m[K,
                 from [01m[K/home/loren.lyttle/tests/catkin_ws/src/add_pallet/src/pallet_library.cpp:1[m[K:
[01m[K/usr/include/boost/type_traits/detail/has_binary_operator.hpp:67:8:[m[K [01;36m[Knote: [m[K  ‘[01m[Kboost::detail::has_left_shift_impl::any[m[K’
 struct [01;36m[Kany[m[K { template <class T> any(T const&); };
        [01;36m[K^~~[m[K
In file included from [01m[K/usr/include/boost/type_traits/has_right_shift.hpp:43:0[m[K,
                 from [01m[K/usr/include/boost/lexical_cast/detail/converter_lexical.hpp:39[m[K,
                 from [01m[K/usr/include/boost/lexical_cast/try_lexical_convert.hpp:42[m[K,
                 from [01m[K/usr/include/boost/lexical_cast.hpp:32[m[K,
                 from [01m[K/opt/ros/melodic/include/ros/transport_hints.h:34[m[K,
                 from [01m[K/opt/ros/melodic/include/ros/subscribe_options.h:33[m[K,
                 from [01m[K/opt/ros/melodic/include/ros/node_handle.h:42[m[K,
                 from [01m[K/opt/ros/melodic/include/ros/ros.h:45[m[K,
                 from [01m[K/home/loren.lyttle/tests/catkin_ws/src/add_pallet/src/pallet_library.cpp:1[m[K:
[01m[K/usr/include/boost/type_traits/detail/has_binary_operator.hpp:67:8:[m[K [01;36m[Knote: [m[K  ‘[01m[Kboost::detail::has_right_shift_impl::any[m[K’
 struct [01;36m[Kany[m[K { template <class T> any(T const&); };
        [01;36m[K^~~[m[K
[01m[K/home/loren.lyttle/tests/catkin_ws/src/add_pallet/src/pallet_library.cpp:27:31:[m[K [01;31m[Kerror: [m[K‘[01m[Kany[m[K’ is not a member of ‘[01m[Kstd[m[K’
     std::map<std::string,std::[01;31m[Kany[m[K> m;
                               [01;31m[K^~~[m[K
[01m[K/home/loren.lyttle/tests/catkin_ws/src/add_pallet/src/pallet_library.cpp:27:31:[m[K [01;36m[Knote: [m[Ksuggested alternatives:
In file included from [01m[K/home/loren.lyttle/tests/catkin_ws/devel/.private/add_pallet/include/add_pallet/dynamic_paramsConfig.h:26:0[m[K,
                 from [01m[K/home/loren.lyttle/tests/catkin_ws/src/add_pallet/src/pallet_library.cpp:12[m[K:
[01m[K/usr/include/boost/any.hpp:37:11:[m[K [01;36m[Knote: [m[K  ‘[01m[Kboost::any[m[K’
     class [01;36m[Kany[m[K
           [01;36m[K^~~[m[K
In file included from [01m[K/usr/include/boost/type_traits/has_plus.hpp:48:0[m[K,
                 from [01m[K/usr/include/boost/next_prior.hpp:21[m[K,
                 from [01m[K/usr/include/boost/utility.hpp:19[m[K,
                 from [01m[K/usr/include/boost/range/size.hpp:25[m[K,
                 from [01m[K/usr/include/boost/range/functions.hpp:20[m[K,
                 from [01m[K/usr/include/boost/range/iterator_range_core.hpp:38[m[K,
                 from [01m[K/usr/include/boost/lexical_cast.hpp:30[m[K,
                 from [01m[K/opt/ros/melodic/include/ros/transport_hints.h:34[m[K,
                 from [01m[K/opt/ros/melodic/include/ros/subscribe_options.h:33[m[K,
                 from [01m[K/opt/ros/melodic/include/ros/node_handle.h:42[m[K,
                 from [01m[K/opt/ros/melodic/include/ros/ros.h:45[m[K,
                 from [01m[K/home/loren.lyttle/tests/catkin_ws/src/add_pallet/src/pallet_library.cpp:1[m[K:
[01m[K/usr/include/boost/type_traits/detail/has_binary_operator.hpp:67:8:[m[K [01;36m[Knote: [m[K  ‘[01m[Kboost::detail::has_plus_impl::any[m[K’
 struct [01;36m[Kany[m[K { template <class T> any(T const&); };
        [01;36m[K^~~[m[K
In file included from [01m[K/usr/include/boost/type_traits/has_plus_assign.hpp:60:0[m[K,
                 from [01m[K/usr/include/boost/next_prior.hpp:22[m[K,
                 from [01m[K/usr/include/boost/utility.hpp:19[m[K,
                 from [01m[K/usr/include/boost/range/size.hpp:25[m[K,
                 from [01m[K/usr/include/boost/range/functions.hpp:20[m[K,
                 from [01m[K/usr/include/boost/range/iterator_range_core.hpp:38[m[K,
                 from [01m[K/usr/include/boost/lexical_cast.hpp:30[m[K,
                 from [01m[K/opt/ros/melodic/include/ros/transport_hints.h:34[m[K,
                 from [01m[K/opt/ros/melodic/include/ros/subscribe_options.h:33[m[K,
                 from [01m[K/opt/ros/melodic/include/ros/node_handle.h:42[m[K,
                 from [01m[K/opt/ros/melodic/include/ros/ros.h:45[m[K,
                 from [01m[K/home/loren.lyttle/tests/catkin_ws/src/add_pallet/src/pallet_library.cpp:1[m[K:
[01m[K/usr/include/boost/type_traits/detail/has_binary_operator.hpp:67:8:[m[K [01;36m[Knote: [m[K  ‘[01m[Kboost::detail::has_plus_assign_impl::any[m[K’
 struct [01;36m[Kany[m[K { template <class T> any(T const&); };
        [01;36m[K^~~[m[K
In file included from [01m[K/usr/include/boost/type_traits/has_minus.hpp:54:0[m[K,
                 from [01m[K/usr/include/boost/next_prior.hpp:23[m[K,
                 from [01m[K/usr/include/boost/utility.hpp:19[m[K,
                 from [01m[K/usr/include/boost/range/size.hpp:25[m[K,
                 from [01m[K/usr/include/boost/range/functions.hpp:20[m[K,
                 from [01m[K/usr/include/boost/range/iterator_range_core.hpp:38[m[K,
                 from [01m[K/usr/include/boost/lexical_cast.hpp:30[m[K,
                 from [01m[K/opt/ros/melodic/include/ros/transport_hints.h:34[m[K,
                 from [01m[K/opt/ros/melodic/include/ros/subscribe_options.h:33[m[K,
                 from [01m[K/opt/ros/melodic/include/ros/node_handle.h:42[m[K,
                 from [01m[K/opt/ros/melodic/include/ros/ros.h:45[m[K,
                 from [01m[K/home/loren.lyttle/tests/catkin_ws/src/add_pallet/src/pallet_library.cpp:1[m[K:
[01m[K/usr/include/boost/type_traits/detail/has_binary_operator.hpp:67:8:[m[K [01;36m[Knote: [m[K  ‘[01m[Kboost::detail::has_minus_impl::any[m[K’
 struct [01;36m[Kany[m[K { template <class T> any(T const&); };
        [01;36m[K^~~[m[K
In file included from [01m[K/usr/include/boost/type_traits/has_minus_assign.hpp:59:0[m[K,
                 from [01m[K/usr/include/boost/next_prior.hpp:24[m[K,
                 from [01m[K/usr/include/boost/utility.hpp:19[m[K,
                 from [01m[K/usr/include/boost/range/size.hpp:25[m[K,
                 from [01m[K/usr/include/boost/range/functions.hpp:20[m[K,
                 from [01m[K/usr/include/boost/range/iterator_range_core.hpp:38[m[K,
                 from [01m[K/usr/include/boost/lexical_cast.hpp:30[m[K,
                 from [01m[K/opt/ros/melodic/include/ros/transport_hints.h:34[m[K,
                 from [01m[K/opt/ros/melodic/include/ros/subscribe_options.h:33[m[K,
                 from [01m[K/opt/ros/melodic/include/ros/node_handle.h:42[m[K,
                 from [01m[K/opt/ros/melodic/include/ros/ros.h:45[m[K,
                 from [01m[K/home/loren.lyttle/tests/catkin_ws/src/add_pallet/src/pallet_library.cpp:1[m[K:
[01m[K/usr/include/boost/type_traits/detail/has_binary_operator.hpp:67:8:[m[K [01;36m[Knote: [m[K  ‘[01m[Kboost::detail::has_minus_assign_impl::any[m[K’
 struct [01;36m[Kany[m[K { template <class T> any(T const&); };
        [01;36m[K^~~[m[K
In file included from [01m[K/usr/include/boost/type_traits/has_left_shift.hpp:43:0[m[K,
                 from [01m[K/usr/include/boost/lexical_cast/detail/converter_lexical.hpp:38[m[K,
                 from [01m[K/usr/include/boost/lexical_cast/try_lexical_convert.hpp:42[m[K,
                 from [01m[K/usr/include/boost/lexical_cast.hpp:32[m[K,
                 from [01m[K/opt/ros/melodic/include/ros/transport_hints.h:34[m[K,
                 from [01m[K/opt/ros/melodic/include/ros/subscribe_options.h:33[m[K,
                 from [01m[K/opt/ros/melodic/include/ros/node_handle.h:42[m[K,
                 from [01m[K/opt/ros/melodic/include/ros/ros.h:45[m[K,
                 from [01m[K/home/loren.lyttle/tests/catkin_ws/src/add_pallet/src/pallet_library.cpp:1[m[K:
[01m[K/usr/include/boost/type_traits/detail/has_binary_operator.hpp:67:8:[m[K [01;36m[Knote: [m[K  ‘[01m[Kboost::detail::has_left_shift_impl::any[m[K’
 struct [01;36m[Kany[m[K { template <class T> any(T const&); };
        [01;36m[K^~~[m[K
In file included from [01m[K/usr/include/boost/type_traits/has_right_shift.hpp:43:0[m[K,
                 from [01m[K/usr/include/boost/lexical_cast/detail/converter_lexical.hpp:39[m[K,
                 from [01m[K/usr/include/boost/lexical_cast/try_lexical_convert.hpp:42[m[K,
                 from [01m[K/usr/include/boost/lexical_cast.hpp:32[m[K,
                 from [01m[K/opt/ros/melodic/include/ros/transport_hints.h:34[m[K,
                 from [01m[K/opt/ros/melodic/include/ros/subscribe_options.h:33[m[K,
                 from [01m[K/opt/ros/melodic/include/ros/node_handle.h:42[m[K,
                 from [01m[K/opt/ros/melodic/include/ros/ros.h:45[m[K,
                 from [01m[K/home/loren.lyttle/tests/catkin_ws/src/add_pallet/src/pallet_library.cpp:1[m[K:
[01m[K/usr/include/boost/type_traits/detail/has_binary_operator.hpp:67:8:[m[K [01;36m[Knote: [m[K  ‘[01m[Kboost::detail::has_right_shift_impl::any[m[K’
 struct [01;36m[Kany[m[K { template <class T> any(T const&); };
        [01;36m[K^~~[m[K
[01m[K/home/loren.lyttle/tests/catkin_ws/src/add_pallet/src/pallet_library.cpp:27:34:[m[K [01;31m[Kerror: [m[Ktemplate argument 2 is invalid
     std::map<std::string,std::any[01;31m[K>[m[K m;
                                  [01;31m[K^[m[K
[01m[K/home/loren.lyttle/tests/catkin_ws/src/add_pallet/src/pallet_library.cpp:27:34:[m[K [01;31m[Kerror: [m[Ktemplate argument 4 is invalid
[01m[K/home/loren.lyttle/tests/catkin_ws/src/add_pallet/src/pallet_library.cpp:48:11:[m[K [01;31m[Kerror: [m[Krequest for member ‘[01m[Kemplace[m[K’ in ‘[01m[Km[m[K’, which is of non-class type ‘[01m[Kint[m[K’
         m.[01;31m[Kemplace[m[K(key, val);
           [01;31m[K^~~~~~~[m[K
[01m[K/home/loren.lyttle/tests/catkin_ws/src/add_pallet/src/pallet_library.cpp:[m[K In function ‘[01m[Kvoid dynamic_callback(add_pallet::dynamic_paramsConfig&, uint32_t)[m[K’:
[01m[K/home/loren.lyttle/tests/catkin_ws/src/add_pallet/src/pallet_library.cpp:97:85:[m[K [01;31m[Kerror: [m[K‘[01m[Kwrite_map[m[K’ was not declared in this scope
         ros::param::set(ros::this_node::getName()+"/"+config.AA_dynamic_type_param, [01;31m[Kwrite_map[m[K);
                                                                                     [01;31m[K^~~~~~~~~[m[K
[01m[K/home/loren.lyttle/tests/catkin_ws/src/add_pallet/src/pallet_library.cpp:97:85:[m[K [01;36m[Knote: [m[Ksuggested alternative: ‘[01m[Kwrite[m[K’
         ros::param::set(ros::this_node::getName()+"/"+config.AA_dynamic_type_param, [01;36m[Kwrite_map[m[K);
                                                                                     [01;36m[K^~~~~~~~~[m[K
                                                                                     [32m[Kwrite[m[K
/home/loren.lyttle/tests/catkin_ws/src/add_pallet/src/pallet_library.cpp: In instantiation of ‘[01m[Kstd::map<std::__cxx11::basic_string<char>, T> string_to_type_map(const string&) [with T = bool; std::__cxx11::string = std::__cxx11::basic_string<char>][m[K’:
[01m[K/home/loren.lyttle/tests/catkin_ws/src/add_pallet/src/pallet_library.cpp:66:96:[m[K   required from here
[01m[K/home/loren.lyttle/tests/catkin_ws/src/add_pallet/src/pallet_library.cpp:55:12:[m[K [01;31m[Kerror: [m[Kcould not convert ‘[01m[Km[m[K’ from ‘[01m[Kint[m[K’ to ‘[01m[Kstd::map<std::__cxx11::basic_string<char>, bool>[m[K’
     return [01;31m[Km[m[K;
            [01;31m[K^[m[K
/home/loren.lyttle/tests/catkin_ws/src/add_pallet/src/pallet_library.cpp: In instantiation of ‘[01m[Kstd::map<std::__cxx11::basic_string<char>, T> string_to_type_map(const string&) [with T = double; std::__cxx11::string = std::__cxx11::basic_string<char>][m[K’:
[01m[K/home/loren.lyttle/tests/catkin_ws/src/add_pallet/src/pallet_library.cpp:67:104:[m[K   required from here
[01m[K/home/loren.lyttle/tests/catkin_ws/src/add_pallet/src/pallet_library.cpp:55:12:[m[K [01;31m[Kerror: [m[Kcould not convert ‘[01m[Km[m[K’ from ‘[01m[Kint[m[K’ to ‘[01m[Kstd::map<std::__cxx11::basic_string<char>, double>[m[K’
/home/loren.lyttle/tests/catkin_ws/src/add_pallet/src/pallet_library.cpp: In instantiation of ‘[01m[Kstd::map<std::__cxx11::basic_string<char>, T> string_to_type_map(const string&) [with T = int; std::__cxx11::string = std::__cxx11::basic_string<char>][m[K’:
[01m[K/home/loren.lyttle/tests/catkin_ws/src/add_pallet/src/pallet_library.cpp:68:92:[m[K   required from here
[01m[K/home/loren.lyttle/tests/catkin_ws/src/add_pallet/src/pallet_library.cpp:55:12:[m[K [01;31m[Kerror: [m[Kcould not convert ‘[01m[Km[m[K’ from ‘[01m[Kint[m[K’ to ‘[01m[Kstd::map<std::__cxx11::basic_string<char>, int>[m[K’
make[2]: *** [CMakeFiles/pallet_library.dir/src/pallet_library.cpp.o] Error 1
make[1]: *** [CMakeFiles/pallet_library.dir/all] Error 2
make: *** [all] Error 2
