[ 14%] Built target roscpp_generate_messages_cpp
[ 14%] Built target add_pallet_gencfg
[ 14%] Built target rosgraph_msgs_generate_messages_nodejs
[ 14%] Built target rosgraph_msgs_generate_messages_py
[ 14%] Built target std_msgs_generate_messages_eus
[ 14%] Built target rosgraph_msgs_generate_messages_lisp
[ 14%] Built target rosgraph_msgs_generate_messages_eus
[ 14%] Built target dynamic_reconfigure_generate_messages_nodejs
[ 14%] Built target roscpp_generate_messages_py
[ 14%] Built target std_msgs_generate_messages_py
[ 14%] Built target roscpp_generate_messages_lisp
[ 14%] Built target std_msgs_generate_messages_cpp
[ 14%] Built target std_msgs_generate_messages_lisp
[ 14%] Built target std_msgs_generate_messages_nodejs
[ 14%] Built target dynamic_reconfigure_generate_messages_eus
[ 14%] Built target rosgraph_msgs_generate_messages_cpp
[ 14%] Built target dynamic_reconfigure_generate_messages_cpp
[ 14%] Built target dynamic_reconfigure_generate_messages_py
[ 14%] Built target dynamic_reconfigure_generate_messages_lisp
[ 14%] Built target dynamic_reconfigure_gencfg
[35m[1mScanning dependencies of target remote_add[0m
[ 14%] Built target roscpp_generate_messages_nodejs
[ 14%] Built target roscpp_generate_messages_eus
[ 28%] [32mBuilding CXX object CMakeFiles/remote_add.dir/src/remote_add.cpp.o[0m
[35m[1mScanning dependencies of target add_pallet[0m
[ 42%] [32mBuilding CXX object CMakeFiles/add_pallet.dir/src/pallet_library.cpp.o[0m
[01m[K/home/loren.lyttle/tests/catkin_ws/src/add_pallet/src/pallet_library.cpp:[m[K In member function ‘[01m[Kvoid PalletPocketDetection::PalletThreeLegFrontFaceDetectionInfo::updateParams(ros::NodeHandle&)[m[K’:
[01m[K/home/loren.lyttle/tests/catkin_ws/src/add_pallet/src/pallet_library.cpp:336:79:[m[K [01;31m[Kerror: [m[Kno matching function for call to ‘[01m[KPalletPocketDetection::PalletThreeLegFrontFaceDetectionInfo::update_specific<double>(ros::NodeHandle&, int*, const char [32])[m[K’
     update_specific<double>(m_node,     SPLIT(m_legFrontFacePtsMinClusterSize)[01;31m[K)[m[K;
                                                                               [01;31m[K^[m[K
[01m[K/home/loren.lyttle/tests/catkin_ws/src/add_pallet/src/pallet_library.cpp:308:6:[m[K [01;36m[Knote: [m[Kcandidate: template<class T> void PalletPocketDetection::PalletThreeLegFrontFaceDetectionInfo::update_specific(ros::NodeHandle&, T*, std::__cxx11::string)
 void [01;36m[KPalletPocketDetection[m[K::PalletThreeLegFrontFaceDetectionInfo::update_specific(ros::NodeHandle& m_node, T* pointer, const std::string name)
      [01;36m[K^~~~~~~~~~~~~~~~~~~~~[m[K
[01m[K/home/loren.lyttle/tests/catkin_ws/src/add_pallet/src/pallet_library.cpp:308:6:[m[K [01;36m[Knote: [m[K  template argument deduction/substitution failed:
In file included from [01m[K/home/loren.lyttle/tests/catkin_ws/src/add_pallet/src/pallet_library.cpp:13:0[m[K:
[01m[K/home/loren.lyttle/tests/catkin_ws/src/add_pallet/include/add_pallet/PalletLibraryNode.h:20:18:[m[K [01;36m[Knote: [m[K  cannot convert ‘[01m[K&((PalletPocketDetection::PalletThreeLegFrontFaceDetectionInfo*)this)->PalletPocketDetection::PalletThreeLegFrontFaceDetectionInfo::m_legFrontFacePtsMinClusterSize[m[K’ (type ‘[01m[Kint*[m[K’) to type ‘[01m[Kdouble*[m[K’
 #define SPLIT(p) &p, #p
[01m[K/home/loren.lyttle/tests/catkin_ws/src/add_pallet/src/pallet_library.cpp:336:41:[m[K [01;36m[Knote: [m[Kin expansion of macro ‘[01m[KSPLIT[m[K’
     update_specific<double>(m_node,     [01;36m[KS[m[KPLIT(m_legFrontFacePtsMinClusterSize));
                                         [01;36m[K^[m[K
[01m[K/home/loren.lyttle/tests/catkin_ws/src/add_pallet/src/pallet_library.cpp:337:79:[m[K [01;31m[Kerror: [m[Kno matching function for call to ‘[01m[KPalletPocketDetection::PalletThreeLegFrontFaceDetectionInfo::update_specific<double>(ros::NodeHandle&, int*, const char [32])[m[K’
     update_specific<double>(m_node,     SPLIT(m_legFrontFacePtsMaxClusterSize)[01;31m[K)[m[K;
                                                                               [01;31m[K^[m[K
[01m[K/home/loren.lyttle/tests/catkin_ws/src/add_pallet/src/pallet_library.cpp:308:6:[m[K [01;36m[Knote: [m[Kcandidate: template<class T> void PalletPocketDetection::PalletThreeLegFrontFaceDetectionInfo::update_specific(ros::NodeHandle&, T*, std::__cxx11::string)
 void [01;36m[KPalletPocketDetection[m[K::PalletThreeLegFrontFaceDetectionInfo::update_specific(ros::NodeHandle& m_node, T* pointer, const std::string name)
      [01;36m[K^~~~~~~~~~~~~~~~~~~~~[m[K
[01m[K/home/loren.lyttle/tests/catkin_ws/src/add_pallet/src/pallet_library.cpp:308:6:[m[K [01;36m[Knote: [m[K  template argument deduction/substitution failed:
In file included from [01m[K/home/loren.lyttle/tests/catkin_ws/src/add_pallet/src/pallet_library.cpp:13:0[m[K:
[01m[K/home/loren.lyttle/tests/catkin_ws/src/add_pallet/include/add_pallet/PalletLibraryNode.h:20:18:[m[K [01;36m[Knote: [m[K  cannot convert ‘[01m[K&((PalletPocketDetection::PalletThreeLegFrontFaceDetectionInfo*)this)->PalletPocketDetection::PalletThreeLegFrontFaceDetectionInfo::m_legFrontFacePtsMaxClusterSize[m[K’ (type ‘[01m[Kint*[m[K’) to type ‘[01m[Kdouble*[m[K’
 #define SPLIT(p) &p, #p
[01m[K/home/loren.lyttle/tests/catkin_ws/src/add_pallet/src/pallet_library.cpp:337:41:[m[K [01;36m[Knote: [m[Kin expansion of macro ‘[01m[KSPLIT[m[K’
     update_specific<double>(m_node,     [01;36m[KS[m[KPLIT(m_legFrontFacePtsMaxClusterSize));
                                         [01;36m[K^[m[K
[01m[K/home/loren.lyttle/tests/catkin_ws/src/add_pallet/src/pallet_library.cpp:346:70:[m[K [01;31m[Kerror: [m[Kno matching function for call to ‘[01m[KPalletPocketDetection::PalletThreeLegFrontFaceDetectionInfo::update_specific<double>(ros::NodeHandle&, bool*, const char [23])[m[K’
     update_specific<double>(m_node,     SPLIT(m_publishClustersCloud)[01;31m[K)[m[K;
                                                                      [01;31m[K^[m[K
[01m[K/home/loren.lyttle/tests/catkin_ws/src/add_pallet/src/pallet_library.cpp:308:6:[m[K [01;36m[Knote: [m[Kcandidate: template<class T> void PalletPocketDetection::PalletThreeLegFrontFaceDetectionInfo::update_specific(ros::NodeHandle&, T*, std::__cxx11::string)
 void [01;36m[KPalletPocketDetection[m[K::PalletThreeLegFrontFaceDetectionInfo::update_specific(ros::NodeHandle& m_node, T* pointer, const std::string name)
      [01;36m[K^~~~~~~~~~~~~~~~~~~~~[m[K
[01m[K/home/loren.lyttle/tests/catkin_ws/src/add_pallet/src/pallet_library.cpp:308:6:[m[K [01;36m[Knote: [m[K  template argument deduction/substitution failed:
In file included from [01m[K/home/loren.lyttle/tests/catkin_ws/src/add_pallet/src/pallet_library.cpp:13:0[m[K:
[01m[K/home/loren.lyttle/tests/catkin_ws/src/add_pallet/include/add_pallet/PalletLibraryNode.h:20:18:[m[K [01;36m[Knote: [m[K  cannot convert ‘[01m[K&((PalletPocketDetection::PalletThreeLegFrontFaceDetectionInfo*)this)->PalletPocketDetection::PalletThreeLegFrontFaceDetectionInfo::m_publishClustersCloud[m[K’ (type ‘[01m[Kbool*[m[K’) to type ‘[01m[Kdouble*[m[K’
 #define SPLIT(p) &p, #p
[01m[K/home/loren.lyttle/tests/catkin_ws/src/add_pallet/src/pallet_library.cpp:346:41:[m[K [01;36m[Knote: [m[Kin expansion of macro ‘[01m[KSPLIT[m[K’
     update_specific<double>(m_node,     [01;36m[KS[m[KPLIT(m_publishClustersCloud));
                                         [01;36m[K^[m[K
CMakeFiles/add_pallet.dir/build.make:62: recipe for target 'CMakeFiles/add_pallet.dir/src/pallet_library.cpp.o' failed
make[2]: *** [CMakeFiles/add_pallet.dir/src/pallet_library.cpp.o] Error 1
CMakeFiles/Makefile2:861: recipe for target 'CMakeFiles/add_pallet.dir/all' failed
make[1]: *** [CMakeFiles/add_pallet.dir/all] Error 2
make[1]: *** Waiting for unfinished jobs....
[ 57%] [32m[1mLinking CXX executable /home/loren.lyttle/tests/catkin_ws/devel/.private/add_pallet/lib/add_pallet/remote_add[0m
[ 57%] Built target remote_add
Makefile:140: recipe for target 'all' failed
make: *** [all] Error 2
