[01m[K/home/loren.lyttle/tests/catkin_ws/src/add_pallet/src/pallet_library.cpp:[m[K In function ‘[01m[Kvoid dynamic_callback(add_pallet::dynamic_paramsConfig&, uint32_t, ros::NodeHandle)[m[K’:
[01m[K/home/loren.lyttle/tests/catkin_ws/src/add_pallet/src/pallet_library.cpp:80:16:[m[K [01;31m[Kerror: [m[Kno match for ‘[01m[Koperator>>[m[K’ (operand types are ‘[01m[KYAML::Node[m[K’ and ‘[01m[Kdouble[m[K’)
         lib[0] >> pallet.max_depth;
In file included from [01m[K/usr/include/c++/7/string:53:0[m[K,
                 from [01m[K/opt/ros/melodic/include/ros/platform.h:38[m[K,
                 from [01m[K/opt/ros/melodic/include/ros/time.h:53[m[K,
                 from [01m[K/opt/ros/melodic/include/ros/ros.h:38[m[K,
                 from [01m[K/home/loren.lyttle/tests/catkin_ws/src/add_pallet/src/pallet_library.cpp:1[m[K:
[01m[K/usr/include/c++/7/bits/basic_string.tcc:1465:5:[m[K [01;36m[Knote: [m[Kcandidate: template<class _CharT, class _Traits, class _Alloc> std::basic_istream<_CharT, _Traits>& std::operator>>(std::basic_istream<_CharT, _Traits>&, std::__cxx11::basic_string<_CharT, _Traits, _Alloc>&)
     [01;36m[Koperator[m[K>>(basic_istream<_CharT, _Traits>& __in,
     [01;36m[K^~~~~~~~[m[K
[01m[K/usr/include/c++/7/bits/basic_string.tcc:1465:5:[m[K [01;36m[Knote: [m[K  template argument deduction/substitution failed:
[01m[K/home/loren.lyttle/tests/catkin_ws/src/add_pallet/src/pallet_library.cpp:80:26:[m[K [01;36m[Knote: [m[K  ‘[01m[KYAML::Node[m[K’ is not derived from ‘[01m[Kstd::basic_istream<_CharT, _Traits>[m[K’
         lib[0] >> pallet.[01;36m[Kmax_depth[m[K;
                          [01;36m[K^~~~~~~~~[m[K
In file included from [01m[K/usr/include/c++/7/istream:991:0[m[K,
                 from [01m[K/usr/include/c++/7/iostream:40[m[K,
                 from [01m[K/opt/ros/melodic/include/ros/time.h:54[m[K,
                 from [01m[K/opt/ros/melodic/include/ros/ros.h:38[m[K,
                 from [01m[K/home/loren.lyttle/tests/catkin_ws/src/add_pallet/src/pallet_library.cpp:1[m[K:
[01m[K/usr/include/c++/7/bits/istream.tcc:963:5:[m[K [01;36m[Knote: [m[Kcandidate: template<class _CharT2, class _Traits2> std::basic_istream<_CharT, _Traits>& std::operator>>(std::basic_istream<_CharT, _Traits>&, _CharT2*)
     [01;36m[Koperator[m[K>>(basic_istream<_CharT, _Traits>& __in, _CharT* __s)
     [01;36m[K^~~~~~~~[m[K
[01m[K/usr/include/c++/7/bits/istream.tcc:963:5:[m[K [01;36m[Knote: [m[K  template argument deduction/substitution failed:
[01m[K/home/loren.lyttle/tests/catkin_ws/src/add_pallet/src/pallet_library.cpp:80:26:[m[K [01;36m[Knote: [m[K  ‘[01m[KYAML::Node[m[K’ is not derived from ‘[01m[Kstd::basic_istream<_CharT, _Traits>[m[K’
         lib[0] >> pallet.[01;36m[Kmax_depth[m[K;
                          [01;36m[K^~~~~~~~~[m[K
In file included from [01m[K/usr/include/c++/7/istream:991:0[m[K,
                 from [01m[K/usr/include/c++/7/iostream:40[m[K,
                 from [01m[K/opt/ros/melodic/include/ros/time.h:54[m[K,
                 from [01m[K/opt/ros/melodic/include/ros/ros.h:38[m[K,
                 from [01m[K/home/loren.lyttle/tests/catkin_ws/src/add_pallet/src/pallet_library.cpp:1[m[K:
[01m[K/usr/include/c++/7/bits/istream.tcc:931:5:[m[K [01;36m[Knote: [m[Kcandidate: template<class _CharT, class _Traits> std::basic_istream<_CharT, _Traits>& std::operator>>(std::basic_istream<_CharT, _Traits>&, _CharT&)
     [01;36m[Koperator[m[K>>(basic_istream<_CharT, _Traits>& __in, _CharT& __c)
     [01;36m[K^~~~~~~~[m[K
[01m[K/usr/include/c++/7/bits/istream.tcc:931:5:[m[K [01;36m[Knote: [m[K  template argument deduction/substitution failed:
[01m[K/home/loren.lyttle/tests/catkin_ws/src/add_pallet/src/pallet_library.cpp:80:26:[m[K [01;36m[Knote: [m[K  ‘[01m[KYAML::Node[m[K’ is not derived from ‘[01m[Kstd::basic_istream<_CharT, _Traits>[m[K’
         lib[0] >> pallet.[01;36m[Kmax_depth[m[K;
                          [01;36m[K^~~~~~~~~[m[K
In file included from [01m[K/usr/include/c++/7/iostream:40:0[m[K,
                 from [01m[K/opt/ros/melodic/include/ros/time.h:54[m[K,
                 from [01m[K/opt/ros/melodic/include/ros/ros.h:38[m[K,
                 from [01m[K/home/loren.lyttle/tests/catkin_ws/src/add_pallet/src/pallet_library.cpp:1[m[K:
[01m[K/usr/include/c++/7/istream:756:5:[m[K [01;36m[Knote: [m[Kcandidate: template<class _Traits> std::basic_istream<char, _Traits>& std::operator>>(std::basic_istream<char, _Traits>&, unsigned char&)
     [01;36m[Koperator[m[K>>(basic_istream<char, _Traits>& __in, unsigned char& __c)
     [01;36m[K^~~~~~~~[m[K
[01m[K/usr/include/c++/7/istream:756:5:[m[K [01;36m[Knote: [m[K  template argument deduction/substitution failed:
[01m[K/home/loren.lyttle/tests/catkin_ws/src/add_pallet/src/pallet_library.cpp:80:26:[m[K [01;36m[Knote: [m[K  ‘[01m[KYAML::Node[m[K’ is not derived from ‘[01m[Kstd::basic_istream<char, _Traits>[m[K’
         lib[0] >> pallet.[01;36m[Kmax_depth[m[K;
                          [01;36m[K^~~~~~~~~[m[K
In file included from [01m[K/usr/include/c++/7/iostream:40:0[m[K,
                 from [01m[K/opt/ros/melodic/include/ros/time.h:54[m[K,
                 from [01m[K/opt/ros/melodic/include/ros/ros.h:38[m[K,
                 from [01m[K/home/loren.lyttle/tests/catkin_ws/src/add_pallet/src/pallet_library.cpp:1[m[K:
[01m[K/usr/include/c++/7/istream:761:5:[m[K [01;36m[Knote: [m[Kcandidate: template<class _Traits> std::basic_istream<char, _Traits>& std::operator>>(std::basic_istream<char, _Traits>&, signed char&)
     [01;36m[Koperator[m[K>>(basic_istream<char, _Traits>& __in, signed char& __c)
     [01;36m[K^~~~~~~~[m[K
[01m[K/usr/include/c++/7/istream:761:5:[m[K [01;36m[Knote: [m[K  template argument deduction/substitution failed:
[01m[K/home/loren.lyttle/tests/catkin_ws/src/add_pallet/src/pallet_library.cpp:80:26:[m[K [01;36m[Knote: [m[K  ‘[01m[KYAML::Node[m[K’ is not derived from ‘[01m[Kstd::basic_istream<char, _Traits>[m[K’
         lib[0] >> pallet.[01;36m[Kmax_depth[m[K;
                          [01;36m[K^~~~~~~~~[m[K
In file included from [01m[K/usr/include/c++/7/iostream:40:0[m[K,
                 from [01m[K/opt/ros/melodic/include/ros/time.h:54[m[K,
                 from [01m[K/opt/ros/melodic/include/ros/ros.h:38[m[K,
                 from [01m[K/home/loren.lyttle/tests/catkin_ws/src/add_pallet/src/pallet_library.cpp:1[m[K:
[01m[K/usr/include/c++/7/istream:803:5:[m[K [01;36m[Knote: [m[Kcandidate: template<class _Traits> std::basic_istream<char, _Traits>& std::operator>>(std::basic_istream<char, _Traits>&, unsigned char*)
     [01;36m[Koperator[m[K>>(basic_istream<char, _Traits>& __in, unsigned char* __s)
     [01;36m[K^~~~~~~~[m[K
[01m[K/usr/include/c++/7/istream:803:5:[m[K [01;36m[Knote: [m[K  template argument deduction/substitution failed:
[01m[K/home/loren.lyttle/tests/catkin_ws/src/add_pallet/src/pallet_library.cpp:80:26:[m[K [01;36m[Knote: [m[K  ‘[01m[KYAML::Node[m[K’ is not derived from ‘[01m[Kstd::basic_istream<char, _Traits>[m[K’
         lib[0] >> pallet.[01;36m[Kmax_depth[m[K;
                          [01;36m[K^~~~~~~~~[m[K
In file included from [01m[K/usr/include/c++/7/iostream:40:0[m[K,
                 from [01m[K/opt/ros/melodic/include/ros/time.h:54[m[K,
                 from [01m[K/opt/ros/melodic/include/ros/ros.h:38[m[K,
                 from [01m[K/home/loren.lyttle/tests/catkin_ws/src/add_pallet/src/pallet_library.cpp:1[m[K:
[01m[K/usr/include/c++/7/istream:808:5:[m[K [01;36m[Knote: [m[Kcandidate: template<class _Traits> std::basic_istream<char, _Traits>& std::operator>>(std::basic_istream<char, _Traits>&, signed char*)
     [01;36m[Koperator[m[K>>(basic_istream<char, _Traits>& __in, signed char* __s)
     [01;36m[K^~~~~~~~[m[K
[01m[K/usr/include/c++/7/istream:808:5:[m[K [01;36m[Knote: [m[K  template argument deduction/substitution failed:
[01m[K/home/loren.lyttle/tests/catkin_ws/src/add_pallet/src/pallet_library.cpp:80:26:[m[K [01;36m[Knote: [m[K  ‘[01m[KYAML::Node[m[K’ is not derived from ‘[01m[Kstd::basic_istream<char, _Traits>[m[K’
         lib[0] >> pallet.[01;36m[Kmax_depth[m[K;
                          [01;36m[K^~~~~~~~~[m[K
In file included from [01m[K/usr/include/c++/7/iostream:40:0[m[K,
                 from [01m[K/opt/ros/melodic/include/ros/time.h:54[m[K,
                 from [01m[K/opt/ros/melodic/include/ros/ros.h:38[m[K,
                 from [01m[K/home/loren.lyttle/tests/catkin_ws/src/add_pallet/src/pallet_library.cpp:1[m[K:
[01m[K/usr/include/c++/7/istream:980:5:[m[K [01;36m[Knote: [m[Kcandidate: template<class _Istream, class _Tp> typename std::enable_if<std::__and_<std::__not_<std::is_lvalue_reference<_Tp> >, std::__is_convertible_to_basic_istream<_Istream>, std::__is_extractable<typename std::__is_convertible_to_basic_istream<_Tp>::__istream_type, _Tp&&, void> >::value, typename std::__is_convertible_to_basic_istream<_Tp>::__istream_type>::type std::operator>>(_Istream&&, _Tp&&)
     [01;36m[Koperator[m[K>>(_Istream&& __is, _Tp&& __x)
     [01;36m[K^~~~~~~~[m[K
[01m[K/usr/include/c++/7/istream:980:5:[m[K [01;36m[Knote: [m[K  template argument deduction/substitution failed:
/usr/include/c++/7/istream: In substitution of ‘[01m[Ktemplate<class _Istream, class _Tp> typename std::enable_if<std::__and_<std::__not_<std::is_lvalue_reference<_Tp> >, std::__is_convertible_to_basic_istream<_Istream>, std::__is_extractable<typename std::__is_convertible_to_basic_istream<_Tp>::__istream_type, _Tp&&, void> >::value, typename std::__is_convertible_to_basic_istream<_Tp>::__istream_type>::type std::operator>>(_Istream&&, _Tp&&) [with _Istream = YAML::Node; _Tp = double&][m[K’:
[01m[K/home/loren.lyttle/tests/catkin_ws/src/add_pallet/src/pallet_library.cpp:80:26:[m[K   required from here
[01m[K/usr/include/c++/7/istream:980:5:[m[K [01;31m[Kerror: [m[Kno type named ‘[01m[Ktype[m[K’ in ‘[01m[Kstruct std::enable_if<false, void>[m[K’
In file included from [01m[K/usr/include/boost/math/policies/error_handling.hpp:12:0[m[K,
                 from [01m[K/usr/include/boost/math/special_functions/round.hpp:14[m[K,
                 from [01m[K/opt/ros/melodic/include/ros/time.h:58[m[K,
                 from [01m[K/opt/ros/melodic/include/ros/ros.h:38[m[K,
                 from [01m[K/home/loren.lyttle/tests/catkin_ws/src/add_pallet/src/pallet_library.cpp:1[m[K:
[01m[K/usr/include/c++/7/iomanip:71:5:[m[K [01;36m[Knote: [m[Kcandidate: template<class _CharT, class _Traits> std::basic_istream<_CharT, _Traits>& std::operator>>(std::basic_istream<_CharT, _Traits>&, std::_Resetiosflags)
     [01;36m[Koperator[m[K>>(basic_istream<_CharT, _Traits>& __is, _Resetiosflags __f)
     [01;36m[K^~~~~~~~[m[K
[01m[K/usr/include/c++/7/iomanip:71:5:[m[K [01;36m[Knote: [m[K  template argument deduction/substitution failed:
[01m[K/home/loren.lyttle/tests/catkin_ws/src/add_pallet/src/pallet_library.cpp:80:26:[m[K [01;36m[Knote: [m[K  ‘[01m[KYAML::Node[m[K’ is not derived from ‘[01m[Kstd::basic_istream<_CharT, _Traits>[m[K’
         lib[0] >> pallet.[01;36m[Kmax_depth[m[K;
                          [01;36m[K^~~~~~~~~[m[K
In file included from [01m[K/usr/include/boost/math/policies/error_handling.hpp:12:0[m[K,
                 from [01m[K/usr/include/boost/math/special_functions/round.hpp:14[m[K,
                 from [01m[K/opt/ros/melodic/include/ros/time.h:58[m[K,
                 from [01m[K/opt/ros/melodic/include/ros/ros.h:38[m[K,
                 from [01m[K/home/loren.lyttle/tests/catkin_ws/src/add_pallet/src/pallet_library.cpp:1[m[K:
[01m[K/usr/include/c++/7/iomanip:101:5:[m[K [01;36m[Knote: [m[Kcandidate: template<class _CharT, class _Traits> std::basic_istream<_CharT, _Traits>& std::operator>>(std::basic_istream<_CharT, _Traits>&, std::_Setiosflags)
     [01;36m[Koperator[m[K>>(basic_istream<_CharT, _Traits>& __is, _Setiosflags __f)
     [01;36m[K^~~~~~~~[m[K
[01m[K/usr/include/c++/7/iomanip:101:5:[m[K [01;36m[Knote: [m[K  template argument deduction/substitution failed:
[01m[K/home/loren.lyttle/tests/catkin_ws/src/add_pallet/src/pallet_library.cpp:80:26:[m[K [01;36m[Knote: [m[K  ‘[01m[KYAML::Node[m[K’ is not derived from ‘[01m[Kstd::basic_istream<_CharT, _Traits>[m[K’
         lib[0] >> pallet.[01;36m[Kmax_depth[m[K;
                          [01;36m[K^~~~~~~~~[m[K
In file included from [01m[K/usr/include/boost/math/policies/error_handling.hpp:12:0[m[K,
                 from [01m[K/usr/include/boost/math/special_functions/round.hpp:14[m[K,
                 from [01m[K/opt/ros/melodic/include/ros/time.h:58[m[K,
                 from [01m[K/opt/ros/melodic/include/ros/ros.h:38[m[K,
                 from [01m[K/home/loren.lyttle/tests/catkin_ws/src/add_pallet/src/pallet_library.cpp:1[m[K:
[01m[K/usr/include/c++/7/iomanip:132:5:[m[K [01;36m[Knote: [m[Kcandidate: template<class _CharT, class _Traits> std::basic_istream<_CharT, _Traits>& std::operator>>(std::basic_istream<_CharT, _Traits>&, std::_Setbase)
     [01;36m[Koperator[m[K>>(basic_istream<_CharT, _Traits>& __is, _Setbase __f)
     [01;36m[K^~~~~~~~[m[K
[01m[K/usr/include/c++/7/iomanip:132:5:[m[K [01;36m[Knote: [m[K  template argument deduction/substitution failed:
[01m[K/home/loren.lyttle/tests/catkin_ws/src/add_pallet/src/pallet_library.cpp:80:26:[m[K [01;36m[Knote: [m[K  ‘[01m[KYAML::Node[m[K’ is not derived from ‘[01m[Kstd::basic_istream<_CharT, _Traits>[m[K’
         lib[0] >> pallet.[01;36m[Kmax_depth[m[K;
                          [01;36m[K^~~~~~~~~[m[K
In file included from [01m[K/usr/include/boost/math/policies/error_handling.hpp:12:0[m[K,
                 from [01m[K/usr/include/boost/math/special_functions/round.hpp:14[m[K,
                 from [01m[K/opt/ros/melodic/include/ros/time.h:58[m[K,
                 from [01m[K/opt/ros/melodic/include/ros/ros.h:38[m[K,
                 from [01m[K/home/loren.lyttle/tests/catkin_ws/src/add_pallet/src/pallet_library.cpp:1[m[K:
[01m[K/usr/include/c++/7/iomanip:170:5:[m[K [01;36m[Knote: [m[Kcandidate: template<class _CharT, class _Traits> std::basic_istream<_CharT, _Traits>& std::operator>>(std::basic_istream<_CharT, _Traits>&, std::_Setfill<_CharT>)
     [01;36m[Koperator[m[K>>(basic_istream<_CharT, _Traits>& __is, _Setfill<_CharT> __f)
     [01;36m[K^~~~~~~~[m[K
[01m[K/usr/include/c++/7/iomanip:170:5:[m[K [01;36m[Knote: [m[K  template argument deduction/substitution failed:
[01m[K/home/loren.lyttle/tests/catkin_ws/src/add_pallet/src/pallet_library.cpp:80:26:[m[K [01;36m[Knote: [m[K  ‘[01m[KYAML::Node[m[K’ is not derived from ‘[01m[Kstd::basic_istream<_CharT, _Traits>[m[K’
         lib[0] >> pallet.[01;36m[Kmax_depth[m[K;
                          [01;36m[K^~~~~~~~~[m[K
In file included from [01m[K/usr/include/boost/math/policies/error_handling.hpp:12:0[m[K,
                 from [01m[K/usr/include/boost/math/special_functions/round.hpp:14[m[K,
                 from [01m[K/opt/ros/melodic/include/ros/time.h:58[m[K,
                 from [01m[K/opt/ros/melodic/include/ros/ros.h:38[m[K,
                 from [01m[K/home/loren.lyttle/tests/catkin_ws/src/add_pallet/src/pallet_library.cpp:1[m[K:
[01m[K/usr/include/c++/7/iomanip:200:5:[m[K [01;36m[Knote: [m[Kcandidate: template<class _CharT, class _Traits> std::basic_istream<_CharT, _Traits>& std::operator>>(std::basic_istream<_CharT, _Traits>&, std::_Setprecision)
     [01;36m[Koperator[m[K>>(basic_istream<_CharT, _Traits>& __is, _Setprecision __f)
     [01;36m[K^~~~~~~~[m[K
[01m[K/usr/include/c++/7/iomanip:200:5:[m[K [01;36m[Knote: [m[K  template argument deduction/substitution failed:
[01m[K/home/loren.lyttle/tests/catkin_ws/src/add_pallet/src/pallet_library.cpp:80:26:[m[K [01;36m[Knote: [m[K  ‘[01m[KYAML::Node[m[K’ is not derived from ‘[01m[Kstd::basic_istream<_CharT, _Traits>[m[K’
         lib[0] >> pallet.[01;36m[Kmax_depth[m[K;
                          [01;36m[K^~~~~~~~~[m[K
In file included from [01m[K/usr/include/boost/math/policies/error_handling.hpp:12:0[m[K,
                 from [01m[K/usr/include/boost/math/special_functions/round.hpp:14[m[K,
                 from [01m[K/opt/ros/melodic/include/ros/time.h:58[m[K,
                 from [01m[K/opt/ros/melodic/include/ros/ros.h:38[m[K,
                 from [01m[K/home/loren.lyttle/tests/catkin_ws/src/add_pallet/src/pallet_library.cpp:1[m[K:
[01m[K/usr/include/c++/7/iomanip:230:5:[m[K [01;36m[Knote: [m[Kcandidate: template<class _CharT, class _Traits> std::basic_istream<_CharT, _Traits>& std::operator>>(std::basic_istream<_CharT, _Traits>&, std::_Setw)
     [01;36m[Koperator[m[K>>(basic_istream<_CharT, _Traits>& __is, _Setw __f)
     [01;36m[K^~~~~~~~[m[K
[01m[K/usr/include/c++/7/iomanip:230:5:[m[K [01;36m[Knote: [m[K  template argument deduction/substitution failed:
[01m[K/home/loren.lyttle/tests/catkin_ws/src/add_pallet/src/pallet_library.cpp:80:26:[m[K [01;36m[Knote: [m[K  ‘[01m[KYAML::Node[m[K’ is not derived from ‘[01m[Kstd::basic_istream<_CharT, _Traits>[m[K’
         lib[0] >> pallet.[01;36m[Kmax_depth[m[K;
                          [01;36m[K^~~~~~~~~[m[K
In file included from [01m[K/usr/include/boost/math/policies/error_handling.hpp:12:0[m[K,
                 from [01m[K/usr/include/boost/math/special_functions/round.hpp:14[m[K,
                 from [01m[K/opt/ros/melodic/include/ros/time.h:58[m[K,
                 from [01m[K/opt/ros/melodic/include/ros/ros.h:38[m[K,
                 from [01m[K/home/loren.lyttle/tests/catkin_ws/src/add_pallet/src/pallet_library.cpp:1[m[K:
[01m[K/usr/include/c++/7/iomanip:264:5:[m[K [01;36m[Knote: [m[Kcandidate: template<class _CharT, class _Traits, class _MoneyT> std::basic_istream<_CharT, _Traits>& std::operator>>(std::basic_istream<_CharT, _Traits>&, std::_Get_money<_MoneyT>)
     [01;36m[Koperator[m[K>>(basic_istream<_CharT, _Traits>& __is, _Get_money<_MoneyT> __f)
     [01;36m[K^~~~~~~~[m[K
[01m[K/usr/include/c++/7/iomanip:264:5:[m[K [01;36m[Knote: [m[K  template argument deduction/substitution failed:
[01m[K/home/loren.lyttle/tests/catkin_ws/src/add_pallet/src/pallet_library.cpp:80:26:[m[K [01;36m[Knote: [m[K  ‘[01m[KYAML::Node[m[K’ is not derived from ‘[01m[Kstd::basic_istream<_CharT, _Traits>[m[K’
         lib[0] >> pallet.[01;36m[Kmax_depth[m[K;
                          [01;36m[K^~~~~~~~~[m[K
In file included from [01m[K/usr/include/boost/math/policies/error_handling.hpp:12:0[m[K,
                 from [01m[K/usr/include/boost/math/special_functions/round.hpp:14[m[K,
                 from [01m[K/opt/ros/melodic/include/ros/time.h:58[m[K,
                 from [01m[K/opt/ros/melodic/include/ros/ros.h:38[m[K,
                 from [01m[K/home/loren.lyttle/tests/catkin_ws/src/add_pallet/src/pallet_library.cpp:1[m[K:
[01m[K/usr/include/c++/7/iomanip:418:5:[m[K [01;36m[Knote: [m[Kcandidate: template<class _CharT, class _Traits> std::basic_istream<_CharT, _Traits>& std::operator>>(std::basic_istream<_CharT, _Traits>&, std::_Get_time<_CharT>)
     [01;36m[Koperator[m[K>>(basic_istream<_CharT, _Traits>& __is, _Get_time<_CharT> __f)
     [01;36m[K^~~~~~~~[m[K
[01m[K/usr/include/c++/7/iomanip:418:5:[m[K [01;36m[Knote: [m[K  template argument deduction/substitution failed:
[01m[K/home/loren.lyttle/tests/catkin_ws/src/add_pallet/src/pallet_library.cpp:80:26:[m[K [01;36m[Knote: [m[K  ‘[01m[KYAML::Node[m[K’ is not derived from ‘[01m[Kstd::basic_istream<_CharT, _Traits>[m[K’
         lib[0] >> pallet.[01;36m[Kmax_depth[m[K;
                          [01;36m[K^~~~~~~~~[m[K
In file included from [01m[K/usr/include/boost/config/no_tr1/complex.hpp:21:0[m[K,
                 from [01m[K/usr/include/boost/math/policies/error_handling.hpp:17[m[K,
                 from [01m[K/usr/include/boost/math/special_functions/round.hpp:14[m[K,
                 from [01m[K/opt/ros/melodic/include/ros/time.h:58[m[K,
                 from [01m[K/opt/ros/melodic/include/ros/ros.h:38[m[K,
                 from [01m[K/home/loren.lyttle/tests/catkin_ws/src/add_pallet/src/pallet_library.cpp:1[m[K:
[01m[K/usr/include/c++/7/complex:493:5:[m[K [01;36m[Knote: [m[Kcandidate: template<class _Tp, class _CharT, class _Traits> std::basic_istream<_CharT, _Traits>& std::operator>>(std::basic_istream<_CharT, _Traits>&, std::complex<_Tp>&)
     [01;36m[Koperator[m[K>>(basic_istream<_CharT, _Traits>& __is, complex<_Tp>& __x)
     [01;36m[K^~~~~~~~[m[K
[01m[K/usr/include/c++/7/complex:493:5:[m[K [01;36m[Knote: [m[K  template argument deduction/substitution failed:
[01m[K/home/loren.lyttle/tests/catkin_ws/src/add_pallet/src/pallet_library.cpp:80:26:[m[K [01;36m[Knote: [m[K  ‘[01m[KYAML::Node[m[K’ is not derived from ‘[01m[Kstd::basic_istream<_CharT, _Traits>[m[K’
         lib[0] >> pallet.[01;36m[Kmax_depth[m[K;
                          [01;36m[K^~~~~~~~~[m[K
make[2]: *** [CMakeFiles/pallet_library.dir/src/pallet_library.cpp.o] Error 1
make[1]: *** [CMakeFiles/pallet_library.dir/all] Error 2
make: *** [all] Error 2
